0 - T001: 0.00018835067749023438 seconds.
1 - T003: 0.0001068115234375 seconds.
2 - T004: 9.5367431640625e-05 seconds.
3 - T006: 9.417533874511719e-05 seconds.
4 - T007: 9.775161743164062e-05 seconds.
5 - T009: 9.489059448242188e-05 seconds.
6 - T011: 9.179115295410156e-05 seconds.
7 - T013: 0.00011372566223144531 seconds.
8 - T015: 0.00010848045349121094 seconds.
9 - T016: 9.894371032714844e-05 seconds.
10 - T017: 0.00011873245239257812 seconds.
11 - T018: 0.00011229515075683594 seconds.
12 - T020: 9.632110595703125e-05 seconds.
13 - T021: 9.584426879882812e-05 seconds.
14 - T022: 9.942054748535156e-05 seconds.
15 - T023: 0.00011587142944335938 seconds.
16 - T024: 0.00010442733764648438 seconds.
17 - T027: 0.00010371208190917969 seconds.
18 - T028: 9.34600830078125e-05 seconds.
19 - T031: 9.655952453613281e-05 seconds.
20 - T033: 9.465217590332031e-05 seconds.
21 - T034: 0.00011849403381347656 seconds.
22 - T035: 9.584426879882812e-05 seconds.
23 - T036: 0.00010895729064941406 seconds.
24 - T037: 9.5367431640625e-05 seconds.
25 - T038: 9.393692016601562e-05 seconds.
26 - T039: 9.465217590332031e-05 seconds.
27 - T040: 0.00010728836059570312 seconds.
28 - T041: 9.870529174804688e-05 seconds.
29 - T042: 9.560585021972656e-05 seconds.
30 - T043: 9.298324584960938e-05 seconds.
31 - T044: 9.226799011230469e-05 seconds.
32 - T045: 8.96453857421875e-05 seconds.
33 - T046: 8.869171142578125e-05 seconds.
34 - T047: 8.821487426757812e-05 seconds.
35 - T049: 8.96453857421875e-05 seconds.
36 - T050: 8.845329284667969e-05 seconds.
37 - T051: 8.988380432128906e-05 seconds.
38 - T052: 8.678436279296875e-05 seconds.
39 - T053: 8.916854858398438e-05 seconds.
40 - T055: 8.96453857421875e-05 seconds.
41 - T056: 8.845329284667969e-05 seconds.
42 - T060: 8.988380432128906e-05 seconds.
43 - T061: 8.702278137207031e-05 seconds.
44 - T062: 9.036064147949219e-05 seconds.
45 - T063: 9.250640869140625e-05 seconds.
46 - T064: 8.845329284667969e-05 seconds.
47 - T065: 9.012222290039062e-05 seconds.
48 - T067: 8.845329284667969e-05 seconds.
49 - T069: 0.00010085105895996094 seconds.
50 - T070: 9.655952453613281e-05 seconds.
51 - T072: 8.893013000488281e-05 seconds.
52 - T073: 8.893013000488281e-05 seconds.
53 - T074: 8.893013000488281e-05 seconds.
54 - T075: 8.821487426757812e-05 seconds.
55 - T077: 0.00010752677917480469 seconds.
56 - S001: 9.107589721679688e-05 seconds.
57 - S002: 0.00010323524475097656 seconds.
58 - S003: 8.7738037109375e-05 seconds.
59 - S004: 0.00010657310485839844 seconds.
60 - S005: 8.7738037109375e-05 seconds.
61 - S006: 9.131431579589844e-05 seconds.
62 - S007: 8.654594421386719e-05 seconds.
63 - S009: 9.72747802734375e-05 seconds.
64 - S010: 8.702278137207031e-05 seconds.
65 - S013: 9.059906005859375e-05 seconds.
66 - S014: 0.00010061264038085938 seconds.
67 - S016: 0.00010967254638671875 seconds.
68 - S017: 8.630752563476562e-05 seconds.
69 - S018: 9.012222290039062e-05 seconds.
70 - S019: 9.131431579589844e-05 seconds.
71 - S020: 0.00010943412780761719 seconds.
72 - S021: 0.00010347366333007812 seconds.
73 - S022: 8.821487426757812e-05 seconds.
74 - S023: 8.96453857421875e-05 seconds.
75 - S024: 8.821487426757812e-05 seconds.
76 - S025: 9.036064147949219e-05 seconds.
77 - S026: 8.893013000488281e-05 seconds.
78 - S027: 0.00011229515075683594 seconds.
79 - S028: 8.678436279296875e-05 seconds.
80 - S029: 0.00010156631469726562 seconds.
81 - S030: 0.00010895729064941406 seconds.
82 - S034: 0.00010514259338378906 seconds.
83 - S035: 0.000102996826171875 seconds.
84 - S036: 8.726119995117188e-05 seconds.
85 - S038: 9.322166442871094e-05 seconds.
86 - S039: 8.678436279296875e-05 seconds.
87 - S043: 0.00010132789611816406 seconds.
88 - S044: 8.893013000488281e-05 seconds.
89 - S047: 8.559226989746094e-05 seconds.
90 - S048: 8.20159912109375e-05 seconds.
91 - S049: 0.00010323524475097656 seconds.
92 - S050: 0.0001251697540283203 seconds.
93 - S051: 9.083747863769531e-05 seconds.
94 - S052: 8.797645568847656e-05 seconds.
95 - S055: 9.34600830078125e-05 seconds.
96 - S057: 9.202957153320312e-05 seconds.
97 - S058: 0.00010204315185546875 seconds.
98 - S059: 0.000110626220703125 seconds.
99 - S061: 0.00010323524475097656 seconds.
100 - S064: 8.96453857421875e-05 seconds.
101 - S065: 0.0001010894775390625 seconds.
102 - S067: 0.00010251998901367188 seconds.
103 - S069: 0.00010085105895996094 seconds.
104 - S071: 9.1552734375e-05 seconds.
105 - S072: 8.320808410644531e-05 seconds.
106 - S073: 9.799003601074219e-05 seconds.
107 - S074: 8.702278137207031e-05 seconds.
108 - S076: 0.00011038780212402344 seconds.
109 - MI0002: 0.00010585784912109375 seconds.
110 - MI0003: 9.274482727050781e-05 seconds.
111 - MI0004: 8.606910705566406e-05 seconds.
112 - MI0021: 9.918212890625e-05 seconds.
113 - MI0022: 9.107589721679688e-05 seconds.
114 - MI0023: 0.00010013580322265625 seconds.
115 - MI0024: 0.00010848045349121094 seconds.
116 - MI0025: 9.799003601074219e-05 seconds.
117 - MI0026: 8.58306884765625e-05 seconds.
118 - MI0027: 8.726119995117188e-05 seconds.
119 - MI0028: 9.918212890625e-05 seconds.
120 - MI0029: 0.00010967254638671875 seconds.
121 - MI0030: 0.00010919570922851562 seconds.
122 - MI0031: 9.942054748535156e-05 seconds.
123 - MI0034: 8.940696716308594e-05 seconds.
124 - MI0035: 9.965896606445312e-05 seconds.
125 - MI0036: 8.678436279296875e-05 seconds.
126 - MI0037: 8.296966552734375e-05 seconds.
127 - MI0038: 8.726119995117188e-05 seconds.
128 - MI0039: 0.00011157989501953125 seconds.
129 - MI0040: 9.512901306152344e-05 seconds.
130 - MI0041: 9.870529174804688e-05 seconds.
131 - MI0042: 8.559226989746094e-05 seconds.
132 - MI0043: 0.00010657310485839844 seconds.
133 - MI0046: 9.703636169433594e-05 seconds.
134 - MI0047: 9.965896606445312e-05 seconds.
135 - MI0048: 9.679794311523438e-05 seconds.
136 - MI0049: 9.846687316894531e-05 seconds.
137 - MI0050: 8.654594421386719e-05 seconds.
138 - MI0051: 0.00010585784912109375 seconds.
139 - MI0052: 8.368492126464844e-05 seconds.
140 - MI0053: 8.368492126464844e-05 seconds.
141 - MI0054: 8.96453857421875e-05 seconds.
142 - MI0057: 9.036064147949219e-05 seconds.
143 - MI0058: 8.416175842285156e-05 seconds.
144 - MI0059: 8.535385131835938e-05 seconds.
145 - MI0060: 8.416175842285156e-05 seconds.
146 - MI0061: 0.00010514259338378906 seconds.
147 - MI0062: 0.00010991096496582031 seconds.
148 - MI0064: 0.00010228157043457031 seconds.
149 - MI0066: 8.296966552734375e-05 seconds.
150 - MI0067: 8.726119995117188e-05 seconds.
151 - MI0068: 9.679794311523438e-05 seconds.
152 - MI0069: 8.463859558105469e-05 seconds.
153 - MI0070: 8.463859558105469e-05 seconds.
154 - MI0071: 0.00010824203491210938 seconds.
155 - MI0072: 8.630752563476562e-05 seconds.
156 - MI0073: 0.00011181831359863281 seconds.
157 - MI0074: 9.679794311523438e-05 seconds.
158 - MI0075: 0.00010943412780761719 seconds.
159 - MI0077: 8.559226989746094e-05 seconds.
160 - MI0078: 9.465217590332031e-05 seconds.
161 - MI0079: 9.799003601074219e-05 seconds.
162 - MI0080: 8.535385131835938e-05 seconds.
163 - MI0081: 0.00010728836059570312 seconds.
164 - MI0082: 8.440017700195312e-05 seconds.
165 - MI0083: 9.870529174804688e-05 seconds.
166 - MI0084: 8.511543273925781e-05 seconds.
167 - MI0085: 0.00010538101196289062 seconds.
168 - MI0086: 8.487701416015625e-05 seconds.
169 - MI0087: 8.726119995117188e-05 seconds.
170 - MI0088: 8.916854858398438e-05 seconds.
171 - MI0089: 9.632110595703125e-05 seconds.
172 - MI0090: 9.775161743164062e-05 seconds.
173 - MI0092: 0.00010609626770019531 seconds.
174 - MI0093: 9.560585021972656e-05 seconds.
175 - MI0095: 0.00010585784912109375 seconds.
176 - MI0096: 0.00010013580322265625 seconds.
177 - MI0097: 0.00010013580322265625 seconds.
178 - MI0098: 0.00010943412780761719 seconds.
179 - MI0099: 0.00010180473327636719 seconds.
180 - MI0101: 0.00010204315185546875 seconds.
181 - MI0102: 9.036064147949219e-05 seconds.
182 - MI0104: 9.608268737792969e-05 seconds.
183 - MI0105: 9.512901306152344e-05 seconds.
184 - MI0106: 8.749961853027344e-05 seconds.
185 - MI0107: 8.678436279296875e-05 seconds.
186 - MI0109: 0.00010967254638671875 seconds.
187 - MI0110: 9.751319885253906e-05 seconds.
188 - MI0111: 9.72747802734375e-05 seconds.
189 - MI0112: 0.00010824203491210938 seconds.
190 - MI0113: 8.678436279296875e-05 seconds.
191 - MI0114: 9.703636169433594e-05 seconds.
192 - MI0117: 8.821487426757812e-05 seconds.
193 - MI0118: 8.630752563476562e-05 seconds.
194 - MI0119: 8.320808410644531e-05 seconds.
195 - MI0120: 0.00010228157043457031 seconds.
196 - MI0121: 8.463859558105469e-05 seconds.
197 - MI0122: 0.00010204315185546875 seconds.
198 - MI0123: 8.559226989746094e-05 seconds.
199 - MI0124: 9.632110595703125e-05 seconds.
200 - MI0125: 9.942054748535156e-05 seconds.
201 - MI0127: 8.7738037109375e-05 seconds.
202 - MI0128: 9.799003601074219e-05 seconds.
203 - MI0129: 0.00010156631469726562 seconds.
204 - MI0130: 8.821487426757812e-05 seconds.
205 - MI0132: 8.58306884765625e-05 seconds.
206 - MI0133: 0.00010633468627929688 seconds.
207 - MI0134: 8.392333984375e-05 seconds.
208 - MI0135: 0.00010633468627929688 seconds.
209 - MI0136: 8.678436279296875e-05 seconds.
210 - MI0138: 8.702278137207031e-05 seconds.
Fold 1 (val 0 - 42)
