Fold 1 (val 0 - 42)
(Epoch 0), time: 20.1s, loss: 1.398
    Training Set - accuracy: 0.07, precision: 0.10, recall: 0.25, f1-score: 0.04,
    Validation Set - accuracy: 0.07, precision: 0.26, recall: 0.27, f1-score: 0.04,
(Epoch 1), time: 13.3s, loss: 1.394
    Training Set - accuracy: 0.24, precision: 0.12, recall: 0.23, f1-score: 0.13,
    Validation Set - accuracy: 0.75, precision: 0.20, recall: 0.23, f1-score: 0.21,
(Epoch 2), time: 13.3s, loss: 1.393
    Training Set - accuracy: 0.47, precision: 0.12, recall: 0.25, f1-score: 0.16,
    Validation Set - accuracy: 0.82, precision: 0.21, recall: 0.25, f1-score: 0.23,
(Epoch 3), time: 13.2s, loss: 1.384
    Training Set - accuracy: 0.47, precision: 0.12, recall: 0.25, f1-score: 0.16,
    Validation Set - accuracy: 0.82, precision: 0.21, recall: 0.25, f1-score: 0.23,
(Epoch 4), time: 13.3s, loss: 1.371
    Training Set - accuracy: 0.47, precision: 0.12, recall: 0.25, f1-score: 0.16,
    Validation Set - accuracy: 0.82, precision: 0.21, recall: 0.25, f1-score: 0.23,
(Epoch 5), time: 13.3s, loss: 1.365
    Training Set - accuracy: 0.47, precision: 0.12, recall: 0.25, f1-score: 0.16,
    Validation Set - accuracy: 0.82, precision: 0.21, recall: 0.25, f1-score: 0.23,
(Epoch 6), time: 13.3s, loss: 1.338
    Training Set - accuracy: 0.47, precision: 0.12, recall: 0.25, f1-score: 0.16,
    Validation Set - accuracy: 0.82, precision: 0.21, recall: 0.25, f1-score: 0.23,
(Epoch 7), time: 13.3s, loss: 1.321
    Training Set - accuracy: 0.47, precision: 0.12, recall: 0.25, f1-score: 0.16,
    Validation Set - accuracy: 0.82, precision: 0.21, recall: 0.25, f1-score: 0.23,
(Epoch 8), time: 13.3s, loss: 1.304
    Training Set - accuracy: 0.47, precision: 0.12, recall: 0.25, f1-score: 0.16,
    Validation Set - accuracy: 0.82, precision: 0.21, recall: 0.25, f1-score: 0.23,
(Epoch 9), time: 13.4s, loss: 1.276
    Training Set - accuracy: 0.47, precision: 0.12, recall: 0.25, f1-score: 0.16,
    Validation Set - accuracy: 0.82, precision: 0.21, recall: 0.25, f1-score: 0.23,
(Epoch 10), time: 13.4s, loss: 1.255
    Training Set - accuracy: 0.47, precision: 0.12, recall: 0.25, f1-score: 0.16,
    Validation Set - accuracy: 0.82, precision: 0.21, recall: 0.25, f1-score: 0.23,
(Epoch 11), time: 13.3s, loss: 1.242
    Training Set - accuracy: 0.47, precision: 0.12, recall: 0.25, f1-score: 0.16,
    Validation Set - accuracy: 0.82, precision: 0.21, recall: 0.25, f1-score: 0.23,
(Epoch 12), time: 13.3s, loss: 1.217
    Training Set - accuracy: 0.47, precision: 0.12, recall: 0.25, f1-score: 0.16,
    Validation Set - accuracy: 0.82, precision: 0.21, recall: 0.25, f1-score: 0.23,
(Epoch 13), time: 13.4s, loss: 1.210
    Training Set - accuracy: 0.49, precision: 0.31, recall: 0.33, f1-score: 0.27,
    Validation Set - accuracy: 0.82, precision: 0.21, recall: 0.25, f1-score: 0.23,
(Epoch 14), time: 13.4s, loss: 1.187
    Training Set - accuracy: 0.49, precision: 0.37, recall: 0.33, f1-score: 0.28,
    Validation Set - accuracy: 0.80, precision: 0.21, recall: 0.24, f1-score: 0.22,
(Epoch 15), time: 13.2s, loss: 1.182
    Training Set - accuracy: 0.49, precision: 0.37, recall: 0.33, f1-score: 0.28,
    Validation Set - accuracy: 0.80, precision: 0.21, recall: 0.24, f1-score: 0.22,
(Epoch 16), time: 13.3s, loss: 1.158
    Training Set - accuracy: 0.53, precision: 0.33, recall: 0.47, f1-score: 0.38,
    Validation Set - accuracy: 0.82, precision: 0.21, recall: 0.25, f1-score: 0.23,
(Epoch 17), time: 13.3s, loss: 1.116
    Training Set - accuracy: 0.52, precision: 0.33, recall: 0.45, f1-score: 0.37,
    Validation Set - accuracy: 0.82, precision: 0.21, recall: 0.25, f1-score: 0.23,
(Epoch 18), time: 13.3s, loss: 1.092
    Training Set - accuracy: 0.53, precision: 0.38, recall: 0.47, f1-score: 0.40,
    Validation Set - accuracy: 0.82, precision: 0.21, recall: 0.25, f1-score: 0.23,
(Epoch 19), time: 13.3s, loss: 1.063
    Training Set - accuracy: 0.53, precision: 0.38, recall: 0.47, f1-score: 0.40,
    Validation Set - accuracy: 0.78, precision: 0.20, recall: 0.23, f1-score: 0.22,
(Epoch 20), time: 13.3s, loss: 1.029
    Training Set - accuracy: 0.56, precision: 0.56, recall: 0.49, f1-score: 0.48,
    Validation Set - accuracy: 0.75, precision: 0.20, recall: 0.23, f1-score: 0.21,
(Epoch 21), time: 13.2s, loss: 0.972
    Training Set - accuracy: 0.58, precision: 0.29, recall: 0.47, f1-score: 0.36,
    Validation Set - accuracy: 0.75, precision: 0.26, recall: 0.47, f1-score: 0.30,
(Epoch 22), time: 13.3s, loss: 0.935
    Training Set - accuracy: 0.61, precision: 0.49, recall: 0.50, f1-score: 0.41,
    Validation Set - accuracy: 0.75, precision: 0.27, recall: 0.47, f1-score: 0.31,
(Epoch 23), time: 13.4s, loss: 0.891
    Training Set - accuracy: 0.69, precision: 0.54, recall: 0.56, f1-score: 0.51,
    Validation Set - accuracy: 0.70, precision: 0.36, recall: 0.54, f1-score: 0.37,
(Epoch 24), time: 13.3s, loss: 0.860
    Training Set - accuracy: 0.65, precision: 0.51, recall: 0.52, f1-score: 0.47,
    Validation Set - accuracy: 0.60, precision: 0.30, recall: 0.47, f1-score: 0.28,
(Epoch 25), time: 13.3s, loss: 0.862
    Training Set - accuracy: 0.69, precision: 0.53, recall: 0.56, f1-score: 0.50,
    Validation Set - accuracy: 0.72, precision: 0.34, recall: 0.50, f1-score: 0.36,
(Epoch 26), time: 13.3s, loss: 0.794
    Training Set - accuracy: 0.77, precision: 0.57, recall: 0.62, f1-score: 0.58,
    Validation Set - accuracy: 0.65, precision: 0.30, recall: 0.48, f1-score: 0.30,
(Epoch 27), time: 13.4s, loss: 0.757
    Training Set - accuracy: 0.79, precision: 0.59, recall: 0.63, f1-score: 0.60,
    Validation Set - accuracy: 0.70, precision: 0.38, recall: 0.58, f1-score: 0.40,
(Epoch 28), time: 13.3s, loss: 0.738
    Training Set - accuracy: 0.81, precision: 0.60, recall: 0.64, f1-score: 0.61,
    Validation Set - accuracy: 0.70, precision: 0.37, recall: 0.58, f1-score: 0.40,
(Epoch 29), time: 13.3s, loss: 0.706
    Training Set - accuracy: 0.85, precision: 0.87, recall: 0.70, f1-score: 0.68,
    Validation Set - accuracy: 0.70, precision: 0.37, recall: 0.58, f1-score: 0.40,
(Epoch 30), time: 13.3s, loss: 0.691
    Training Set - accuracy: 0.86, precision: 0.86, recall: 0.72, f1-score: 0.72,
    Validation Set - accuracy: 0.62, precision: 0.33, recall: 0.47, f1-score: 0.30,
(Epoch 31), time: 13.2s, loss: 0.684
    Training Set - accuracy: 0.82, precision: 0.85, recall: 0.70, f1-score: 0.70,
    Validation Set - accuracy: 0.68, precision: 0.34, recall: 0.53, f1-score: 0.35,
(Epoch 32), time: 13.3s, loss: 0.667
    Training Set - accuracy: 0.88, precision: 0.88, recall: 0.75, f1-score: 0.76,
    Validation Set - accuracy: 0.65, precision: 0.35, recall: 0.52, f1-score: 0.38,
(Epoch 33), time: 13.2s, loss: 0.666
    Training Set - accuracy: 0.87, precision: 0.89, recall: 0.79, f1-score: 0.81,
    Validation Set - accuracy: 0.68, precision: 0.20, recall: 0.20, f1-score: 0.20,
(Epoch 34), time: 13.3s, loss: 0.656
    Training Set - accuracy: 0.87, precision: 0.88, recall: 0.82, f1-score: 0.84,
    Validation Set - accuracy: 0.70, precision: 0.21, recall: 0.21, f1-score: 0.21,
(Epoch 35), time: 13.3s, loss: 0.651
    Training Set - accuracy: 0.87, precision: 0.90, recall: 0.86, f1-score: 0.88,
    Validation Set - accuracy: 0.60, precision: 0.20, recall: 0.18, f1-score: 0.19,
(Epoch 36), time: 13.3s, loss: 0.594
    Training Set - accuracy: 0.91, precision: 0.92, recall: 0.84, f1-score: 0.87,
    Validation Set - accuracy: 0.60, precision: 0.20, recall: 0.18, f1-score: 0.19,
(Epoch 37), time: 13.3s, loss: 0.526
    Training Set - accuracy: 0.96, precision: 0.97, recall: 0.93, f1-score: 0.95,
    Validation Set - accuracy: 0.60, precision: 0.20, recall: 0.18, f1-score: 0.19,
(Epoch 38), time: 13.3s, loss: 0.489
    Training Set - accuracy: 0.98, precision: 0.99, recall: 0.97, f1-score: 0.98,
    Validation Set - accuracy: 0.60, precision: 0.20, recall: 0.18, f1-score: 0.19,
(Epoch 39), time: 13.3s, loss: 0.458
    Training Set - accuracy: 0.98, precision: 0.99, recall: 0.97, f1-score: 0.98,
    Validation Set - accuracy: 0.65, precision: 0.20, recall: 0.20, f1-score: 0.20,
(Epoch 40), time: 13.3s, loss: 0.429
    Training Set - accuracy: 0.98, precision: 0.99, recall: 0.98, f1-score: 0.98,
    Validation Set - accuracy: 0.60, precision: 0.20, recall: 0.18, f1-score: 0.19,
(Epoch 41), time: 13.3s, loss: 0.402
    Training Set - accuracy: 0.98, precision: 0.99, recall: 0.97, f1-score: 0.98,
    Validation Set - accuracy: 0.70, precision: 0.21, recall: 0.21, f1-score: 0.21,
(Epoch 42), time: 13.3s, loss: 0.375
    Training Set - accuracy: 0.98, precision: 0.99, recall: 0.97, f1-score: 0.98,
Confusion Matrix:
[[25  7  1  0]
 [ 4  1  0  0]
 [ 0  1  0  0]
 [ 1  0  0  0]]
    Validation Set - accuracy: 0.65, precision: 0.24, recall: 0.24, f1-score: 0.23,
Fold 2 (val 43 - 84)
(Epoch 0), time: 13.3s, loss: 1.403
    Training Set - accuracy: 0.12, precision: 0.03, recall: 0.25, f1-score: 0.05,
    Validation Set - accuracy: 0.05, precision: 0.01, recall: 0.25, f1-score: 0.02,
(Epoch 1), time: 13.4s, loss: 1.394
    Training Set - accuracy: 0.12, precision: 0.11, recall: 0.24, f1-score: 0.06,
    Validation Set - accuracy: 0.07, precision: 0.10, recall: 0.26, f1-score: 0.04,
(Epoch 2), time: 13.2s, loss: 1.385
    Training Set - accuracy: 0.22, precision: 0.19, recall: 0.29, f1-score: 0.14,
    Validation Set - accuracy: 0.17, precision: 0.16, recall: 0.18, f1-score: 0.09,
(Epoch 3), time: 13.4s, loss: 1.379
    Training Set - accuracy: 0.39, precision: 0.16, recall: 0.26, f1-score: 0.20,
    Validation Set - accuracy: 0.53, precision: 0.16, recall: 0.19, f1-score: 0.17,
(Epoch 4), time: 13.3s, loss: 1.372
    Training Set - accuracy: 0.50, precision: 0.17, recall: 0.25, f1-score: 0.19,
    Validation Set - accuracy: 0.70, precision: 0.17, recall: 0.25, f1-score: 0.21,
(Epoch 5), time: 13.4s, loss: 1.345
    Training Set - accuracy: 0.51, precision: 0.13, recall: 0.25, f1-score: 0.17,
    Validation Set - accuracy: 0.70, precision: 0.17, recall: 0.25, f1-score: 0.21,
(Epoch 6), time: 13.3s, loss: 1.320
    Training Set - accuracy: 0.51, precision: 0.13, recall: 0.25, f1-score: 0.17,
    Validation Set - accuracy: 0.70, precision: 0.17, recall: 0.25, f1-score: 0.21,
(Epoch 7), time: 13.4s, loss: 1.301
    Training Set - accuracy: 0.51, precision: 0.13, recall: 0.25, f1-score: 0.17,
    Validation Set - accuracy: 0.70, precision: 0.17, recall: 0.25, f1-score: 0.21,
(Epoch 8), time: 13.3s, loss: 1.271
    Training Set - accuracy: 0.52, precision: 0.38, recall: 0.26, f1-score: 0.19,
    Validation Set - accuracy: 0.70, precision: 0.17, recall: 0.25, f1-score: 0.21,
(Epoch 9), time: 13.3s, loss: 1.230
    Training Set - accuracy: 0.52, precision: 0.38, recall: 0.28, f1-score: 0.22,
    Validation Set - accuracy: 0.70, precision: 0.17, recall: 0.25, f1-score: 0.21,
(Epoch 10), time: 13.2s, loss: 1.202
    Training Set - accuracy: 0.53, precision: 0.38, recall: 0.29, f1-score: 0.24,
    Validation Set - accuracy: 0.70, precision: 0.17, recall: 0.25, f1-score: 0.21,
(Epoch 11), time: 13.2s, loss: 1.180
    Training Set - accuracy: 0.55, precision: 0.35, recall: 0.33, f1-score: 0.29,
    Validation Set - accuracy: 0.70, precision: 0.17, recall: 0.25, f1-score: 0.21,
(Epoch 12), time: 13.2s, loss: 1.152
    Training Set - accuracy: 0.56, precision: 0.38, recall: 0.36, f1-score: 0.32,
    Validation Set - accuracy: 0.70, precision: 0.17, recall: 0.25, f1-score: 0.21,
(Epoch 13), time: 13.3s, loss: 1.120
    Training Set - accuracy: 0.58, precision: 0.39, recall: 0.41, f1-score: 0.37,
    Validation Set - accuracy: 0.70, precision: 0.17, recall: 0.25, f1-score: 0.21,
(Epoch 14), time: 13.3s, loss: 1.081
    Training Set - accuracy: 0.59, precision: 0.39, recall: 0.42, f1-score: 0.38,
    Validation Set - accuracy: 0.70, precision: 0.17, recall: 0.25, f1-score: 0.21,
(Epoch 15), time: 13.3s, loss: 1.059
    Training Set - accuracy: 0.59, precision: 0.36, recall: 0.44, f1-score: 0.39,
    Validation Set - accuracy: 0.70, precision: 0.17, recall: 0.25, f1-score: 0.21,
(Epoch 16), time: 13.3s, loss: 1.023
    Training Set - accuracy: 0.60, precision: 0.39, recall: 0.45, f1-score: 0.40,
    Validation Set - accuracy: 0.70, precision: 0.17, recall: 0.25, f1-score: 0.21,
(Epoch 17), time: 13.3s, loss: 0.999
    Training Set - accuracy: 0.61, precision: 0.39, recall: 0.47, f1-score: 0.42,
    Validation Set - accuracy: 0.70, precision: 0.18, recall: 0.25, f1-score: 0.21,
(Epoch 18), time: 13.3s, loss: 0.983
    Training Set - accuracy: 0.61, precision: 0.39, recall: 0.47, f1-score: 0.42,
    Validation Set - accuracy: 0.70, precision: 0.18, recall: 0.25, f1-score: 0.21,
(Epoch 19), time: 13.3s, loss: 0.935
    Training Set - accuracy: 0.63, precision: 0.56, recall: 0.54, f1-score: 0.50,
    Validation Set - accuracy: 0.62, precision: 0.17, recall: 0.22, f1-score: 0.20,
(Epoch 20), time: 13.2s, loss: 0.901
    Training Set - accuracy: 0.64, precision: 0.51, recall: 0.67, f1-score: 0.57,
    Validation Set - accuracy: 0.65, precision: 0.23, recall: 0.47, f1-score: 0.28,
(Epoch 21), time: 13.3s, loss: 0.869
    Training Set - accuracy: 0.64, precision: 0.76, recall: 0.69, f1-score: 0.58,
    Validation Set - accuracy: 0.62, precision: 0.22, recall: 0.46, f1-score: 0.26,
(Epoch 22), time: 13.3s, loss: 0.845
    Training Set - accuracy: 0.66, precision: 0.74, recall: 0.72, f1-score: 0.58,
    Validation Set - accuracy: 0.70, precision: 0.36, recall: 0.51, f1-score: 0.38,
(Epoch 23), time: 13.3s, loss: 0.815
    Training Set - accuracy: 0.67, precision: 0.75, recall: 0.72, f1-score: 0.60,
    Validation Set - accuracy: 0.70, precision: 0.31, recall: 0.49, f1-score: 0.37,
(Epoch 24), time: 13.2s, loss: 0.784
    Training Set - accuracy: 0.72, precision: 0.74, recall: 0.77, f1-score: 0.66,
    Validation Set - accuracy: 0.68, precision: 0.34, recall: 0.50, f1-score: 0.35,
(Epoch 25), time: 13.3s, loss: 0.762
    Training Set - accuracy: 0.75, precision: 0.75, recall: 0.80, f1-score: 0.70,
    Validation Set - accuracy: 0.65, precision: 0.24, recall: 0.47, f1-score: 0.29,
(Epoch 26), time: 13.2s, loss: 0.747
    Training Set - accuracy: 0.79, precision: 0.76, recall: 0.82, f1-score: 0.74,
    Validation Set - accuracy: 0.65, precision: 0.23, recall: 0.47, f1-score: 0.27,
(Epoch 27), time: 13.2s, loss: 0.742
    Training Set - accuracy: 0.80, precision: 0.79, recall: 0.83, f1-score: 0.75,
    Validation Set - accuracy: 0.60, precision: 0.22, recall: 0.46, f1-score: 0.25,
(Epoch 28), time: 13.2s, loss: 0.727
    Training Set - accuracy: 0.75, precision: 0.78, recall: 0.78, f1-score: 0.69,
    Validation Set - accuracy: 0.47, precision: 0.27, recall: 0.43, f1-score: 0.24,
(Epoch 29), time: 13.2s, loss: 0.718
    Training Set - accuracy: 0.79, precision: 0.79, recall: 0.82, f1-score: 0.73,
    Validation Set - accuracy: 0.47, precision: 0.31, recall: 0.49, f1-score: 0.29,
(Epoch 30), time: 13.3s, loss: 0.688
    Training Set - accuracy: 0.81, precision: 0.78, recall: 0.83, f1-score: 0.76,
    Validation Set - accuracy: 0.55, precision: 0.33, recall: 0.51, f1-score: 0.33,
(Epoch 31), time: 13.4s, loss: 0.695
    Training Set - accuracy: 0.78, precision: 0.77, recall: 0.80, f1-score: 0.71,
    Validation Set - accuracy: 0.50, precision: 0.20, recall: 0.42, f1-score: 0.21,
(Epoch 32), time: 13.3s, loss: 0.660
    Training Set - accuracy: 0.84, precision: 0.81, recall: 0.86, f1-score: 0.78,
    Validation Set - accuracy: 0.42, precision: 0.21, recall: 0.39, f1-score: 0.20,
(Epoch 33), time: 13.2s, loss: 0.642
    Training Set - accuracy: 0.84, precision: 0.80, recall: 0.86, f1-score: 0.78,
    Validation Set - accuracy: 0.53, precision: 0.30, recall: 0.47, f1-score: 0.29,
(Epoch 34), time: 13.3s, loss: 0.626
    Training Set - accuracy: 0.85, precision: 0.80, recall: 0.86, f1-score: 0.79,
    Validation Set - accuracy: 0.55, precision: 0.22, recall: 0.22, f1-score: 0.22,
(Epoch 35), time: 13.3s, loss: 0.610
    Training Set - accuracy: 0.88, precision: 0.83, recall: 0.88, f1-score: 0.82,
    Validation Set - accuracy: 0.60, precision: 0.23, recall: 0.23, f1-score: 0.23,
(Epoch 36), time: 13.3s, loss: 0.593
    Training Set - accuracy: 0.93, precision: 0.87, recall: 0.93, f1-score: 0.88,
    Validation Set - accuracy: 0.62, precision: 0.25, recall: 0.24, f1-score: 0.24,
(Epoch 37), time: 13.3s, loss: 0.580
    Training Set - accuracy: 0.93, precision: 0.87, recall: 0.93, f1-score: 0.88,
    Validation Set - accuracy: 0.62, precision: 0.26, recall: 0.26, f1-score: 0.26,
(Epoch 38), time: 13.3s, loss: 0.555
    Training Set - accuracy: 0.96, precision: 0.90, recall: 0.95, f1-score: 0.92,
    Validation Set - accuracy: 0.62, precision: 0.25, recall: 0.26, f1-score: 0.26,
(Epoch 39), time: 13.3s, loss: 0.535
    Training Set - accuracy: 0.99, precision: 0.97, recall: 0.97, f1-score: 0.97,
    Validation Set - accuracy: 0.60, precision: 0.26, recall: 0.27, f1-score: 0.27,
(Epoch 40), time: 13.3s, loss: 0.510
    Training Set - accuracy: 0.99, precision: 0.97, recall: 0.97, f1-score: 0.97,
    Validation Set - accuracy: 0.57, precision: 0.24, recall: 0.24, f1-score: 0.24,
(Epoch 41), time: 13.2s, loss: 0.495
    Training Set - accuracy: 0.99, precision: 1.00, recall: 0.97, f1-score: 0.99,
    Validation Set - accuracy: 0.57, precision: 0.23, recall: 0.24, f1-score: 0.24,
(Epoch 42), time: 13.3s, loss: 0.482
    Training Set - accuracy: 0.99, precision: 1.00, recall: 0.97, f1-score: 0.99,
    Validation Set - accuracy: 0.68, precision: 0.30, recall: 0.32, f1-score: 0.31,
(Epoch 43), time: 13.4s, loss: 0.461
    Training Set - accuracy: 0.99, precision: 1.00, recall: 0.97, f1-score: 0.99,
    Validation Set - accuracy: 0.62, precision: 0.28, recall: 0.30, f1-score: 0.29,
(Epoch 44), time: 13.3s, loss: 0.451
    Training Set - accuracy: 0.99, precision: 1.00, recall: 0.97, f1-score: 0.99,
    Validation Set - accuracy: 0.60, precision: 0.26, recall: 0.27, f1-score: 0.27,
(Epoch 45), time: 13.3s, loss: 0.429
    Training Set - accuracy: 1.00, precision: 1.00, recall: 1.00, f1-score: 1.00,
    Validation Set - accuracy: 0.55, precision: 0.26, recall: 0.27, f1-score: 0.26,
(Epoch 46), time: 13.3s, loss: 0.414
    Training Set - accuracy: 1.00, precision: 1.00, recall: 1.00, f1-score: 1.00,
    Validation Set - accuracy: 0.62, precision: 0.28, recall: 0.30, f1-score: 0.29,
(Epoch 47), time: 13.3s, loss: 0.406
    Training Set - accuracy: 0.99, precision: 1.00, recall: 0.99, f1-score: 0.99,
    Validation Set - accuracy: 0.60, precision: 0.27, recall: 0.29, f1-score: 0.28,
(Epoch 48), time: 13.3s, loss: 0.392
    Training Set - accuracy: 1.00, precision: 1.00, recall: 1.00, f1-score: 1.00,
Confusion Matrix:
[[16 11  0  1]
 [ 5  4  0  0]
 [ 1  1  0  0]
 [ 0  1  0  0]]
    Validation Set - accuracy: 0.50, precision: 0.24, recall: 0.25, f1-score: 0.24,
Fold 3 (val 85 - 126)
(Epoch 0), time: 13.3s, loss: 1.376
    Training Set - accuracy: 0.38, precision: 0.13, recall: 0.18, f1-score: 0.15,
    Validation Set - accuracy: 0.38, precision: 0.09, recall: 0.25, f1-score: 0.14,
(Epoch 1), time: 13.4s, loss: 1.359
    Training Set - accuracy: 0.59, precision: 0.15, recall: 0.25, f1-score: 0.19,
    Validation Set - accuracy: 0.38, precision: 0.09, recall: 0.25, f1-score: 0.14,
(Epoch 2), time: 13.4s, loss: 1.351
    Training Set - accuracy: 0.59, precision: 0.15, recall: 0.25, f1-score: 0.19,
    Validation Set - accuracy: 0.38, precision: 0.09, recall: 0.25, f1-score: 0.14,
(Epoch 3), time: 13.4s, loss: 1.347
    Training Set - accuracy: 0.59, precision: 0.15, recall: 0.25, f1-score: 0.19,
    Validation Set - accuracy: 0.38, precision: 0.09, recall: 0.25, f1-score: 0.14,
(Epoch 4), time: 13.3s, loss: 1.323
    Training Set - accuracy: 0.59, precision: 0.15, recall: 0.25, f1-score: 0.19,
    Validation Set - accuracy: 0.38, precision: 0.09, recall: 0.25, f1-score: 0.14,
(Epoch 5), time: 13.3s, loss: 1.311
    Training Set - accuracy: 0.59, precision: 0.15, recall: 0.25, f1-score: 0.19,
    Validation Set - accuracy: 0.38, precision: 0.09, recall: 0.25, f1-score: 0.14,
(Epoch 6), time: 13.4s, loss: 1.302
    Training Set - accuracy: 0.59, precision: 0.15, recall: 0.25, f1-score: 0.19,
    Validation Set - accuracy: 0.38, precision: 0.09, recall: 0.25, f1-score: 0.14,
(Epoch 7), time: 13.3s, loss: 1.275
    Training Set - accuracy: 0.59, precision: 0.15, recall: 0.25, f1-score: 0.19,
    Validation Set - accuracy: 0.38, precision: 0.09, recall: 0.25, f1-score: 0.14,
(Epoch 8), time: 13.3s, loss: 1.250
    Training Set - accuracy: 0.59, precision: 0.15, recall: 0.25, f1-score: 0.19,
    Validation Set - accuracy: 0.38, precision: 0.09, recall: 0.25, f1-score: 0.14,
(Epoch 9), time: 13.3s, loss: 1.225
    Training Set - accuracy: 0.59, precision: 0.15, recall: 0.25, f1-score: 0.19,
    Validation Set - accuracy: 0.38, precision: 0.09, recall: 0.25, f1-score: 0.14,
(Epoch 10), time: 13.3s, loss: 1.199
    Training Set - accuracy: 0.59, precision: 0.40, recall: 0.27, f1-score: 0.22,
    Validation Set - accuracy: 0.38, precision: 0.09, recall: 0.25, f1-score: 0.14,
(Epoch 11), time: 13.3s, loss: 1.163
    Training Set - accuracy: 0.60, precision: 0.44, recall: 0.27, f1-score: 0.23,
    Validation Set - accuracy: 0.33, precision: 0.17, recall: 0.25, f1-score: 0.18,
(Epoch 12), time: 13.3s, loss: 1.121
    Training Set - accuracy: 0.65, precision: 0.48, recall: 0.37, f1-score: 0.36,
    Validation Set - accuracy: 0.38, precision: 0.25, recall: 0.28, f1-score: 0.26,
(Epoch 13), time: 13.3s, loss: 1.079
    Training Set - accuracy: 0.65, precision: 0.42, recall: 0.41, f1-score: 0.40,
    Validation Set - accuracy: 0.20, precision: 0.13, recall: 0.17, f1-score: 0.14,
(Epoch 14), time: 13.3s, loss: 1.029
    Training Set - accuracy: 0.69, precision: 0.47, recall: 0.51, f1-score: 0.46,
    Validation Set - accuracy: 0.33, precision: 0.23, recall: 0.24, f1-score: 0.23,
(Epoch 15), time: 13.3s, loss: 0.964
    Training Set - accuracy: 0.70, precision: 0.47, recall: 0.52, f1-score: 0.48,
    Validation Set - accuracy: 0.28, precision: 0.21, recall: 0.21, f1-score: 0.20,
(Epoch 16), time: 13.4s, loss: 0.925
    Training Set - accuracy: 0.69, precision: 0.47, recall: 0.53, f1-score: 0.47,
    Validation Set - accuracy: 0.30, precision: 0.24, recall: 0.23, f1-score: 0.22,
(Epoch 17), time: 13.3s, loss: 0.869
    Training Set - accuracy: 0.72, precision: 0.49, recall: 0.57, f1-score: 0.50,
    Validation Set - accuracy: 0.35, precision: 0.29, recall: 0.29, f1-score: 0.26,
(Epoch 18), time: 13.3s, loss: 0.829
    Training Set - accuracy: 0.73, precision: 0.51, recall: 0.58, f1-score: 0.52,
    Validation Set - accuracy: 0.33, precision: 0.20, recall: 0.21, f1-score: 0.20,
(Epoch 19), time: 13.3s, loss: 0.788
    Training Set - accuracy: 0.77, precision: 0.80, recall: 0.65, f1-score: 0.63,
    Validation Set - accuracy: 0.28, precision: 0.15, recall: 0.18, f1-score: 0.16,
(Epoch 20), time: 13.3s, loss: 0.725
    Training Set - accuracy: 0.82, precision: 0.83, recall: 0.73, f1-score: 0.73,
    Validation Set - accuracy: 0.25, precision: 0.14, recall: 0.16, f1-score: 0.15,
(Epoch 21), time: 13.3s, loss: 0.701
    Training Set - accuracy: 0.81, precision: 0.84, recall: 0.75, f1-score: 0.76,
    Validation Set - accuracy: 0.40, precision: 0.23, recall: 0.26, f1-score: 0.23,
(Epoch 22), time: 13.3s, loss: 0.664
    Training Set - accuracy: 0.85, precision: 0.88, recall: 0.82, f1-score: 0.84,
    Validation Set - accuracy: 0.33, precision: 0.19, recall: 0.21, f1-score: 0.18,
(Epoch 23), time: 13.3s, loss: 0.639
    Training Set - accuracy: 0.89, precision: 0.93, recall: 0.89, f1-score: 0.91,
    Validation Set - accuracy: 0.35, precision: 0.18, recall: 0.23, f1-score: 0.19,
(Epoch 24), time: 13.3s, loss: 0.689
    Training Set - accuracy: 0.82, precision: 0.84, recall: 0.84, f1-score: 0.83,
    Validation Set - accuracy: 0.42, precision: 0.22, recall: 0.27, f1-score: 0.24,
(Epoch 25), time: 13.3s, loss: 0.634
    Training Set - accuracy: 0.90, precision: 0.91, recall: 0.93, f1-score: 0.92,
    Validation Set - accuracy: 0.38, precision: 0.20, recall: 0.24, f1-score: 0.20,
(Epoch 26), time: 13.3s, loss: 0.564
    Training Set - accuracy: 0.90, precision: 0.91, recall: 0.94, f1-score: 0.92,
    Validation Set - accuracy: 0.33, precision: 0.19, recall: 0.21, f1-score: 0.20,
(Epoch 27), time: 13.3s, loss: 0.527
    Training Set - accuracy: 0.89, precision: 0.91, recall: 0.94, f1-score: 0.92,
    Validation Set - accuracy: 0.40, precision: 0.21, recall: 0.26, f1-score: 0.23,
(Epoch 28), time: 13.4s, loss: 0.483
    Training Set - accuracy: 0.92, precision: 0.92, recall: 0.95, f1-score: 0.94,
    Validation Set - accuracy: 0.40, precision: 0.22, recall: 0.26, f1-score: 0.24,
(Epoch 29), time: 13.3s, loss: 0.459
    Training Set - accuracy: 0.93, precision: 0.95, recall: 0.96, f1-score: 0.96,
    Validation Set - accuracy: 0.35, precision: 0.19, recall: 0.23, f1-score: 0.20,
(Epoch 30), time: 13.3s, loss: 0.430
    Training Set - accuracy: 0.94, precision: 0.96, recall: 0.97, f1-score: 0.96,
    Validation Set - accuracy: 0.30, precision: 0.16, recall: 0.19, f1-score: 0.18,
(Epoch 31), time: 13.3s, loss: 0.406
    Training Set - accuracy: 0.93, precision: 0.94, recall: 0.96, f1-score: 0.95,
    Validation Set - accuracy: 0.35, precision: 0.18, recall: 0.22, f1-score: 0.20,
(Epoch 32), time: 13.3s, loss: 0.384
    Training Set - accuracy: 0.96, precision: 0.97, recall: 0.98, f1-score: 0.98,
Confusion Matrix:
[[5 8 2 0]
 [7 8 1 0]
 [2 3 0 0]
 [1 3 0 0]]
    Validation Set - accuracy: 0.33, precision: 0.17, recall: 0.21, f1-score: 0.19,
Fold 4 (val 127 - 168)
(Epoch 0), time: 13.4s, loss: 1.429
    Training Set - accuracy: 0.30, precision: 0.08, recall: 0.25, f1-score: 0.12,
    Validation Set - accuracy: 0.30, precision: 0.07, recall: 0.25, f1-score: 0.12,
(Epoch 1), time: 13.3s, loss: 1.420
    Training Set - accuracy: 0.30, precision: 0.08, recall: 0.25, f1-score: 0.12,
    Validation Set - accuracy: 0.30, precision: 0.07, recall: 0.25, f1-score: 0.12,
(Epoch 2), time: 13.3s, loss: 1.419
    Training Set - accuracy: 0.30, precision: 0.08, recall: 0.25, f1-score: 0.12,
    Validation Set - accuracy: 0.30, precision: 0.07, recall: 0.25, f1-score: 0.12,
(Epoch 3), time: 13.3s, loss: 1.416
    Training Set - accuracy: 0.30, precision: 0.08, recall: 0.25, f1-score: 0.12,
    Validation Set - accuracy: 0.30, precision: 0.07, recall: 0.25, f1-score: 0.12,
(Epoch 4), time: 13.3s, loss: 1.412
    Training Set - accuracy: 0.30, precision: 0.08, recall: 0.25, f1-score: 0.12,
    Validation Set - accuracy: 0.30, precision: 0.07, recall: 0.25, f1-score: 0.12,
(Epoch 5), time: 13.4s, loss: 1.400
    Training Set - accuracy: 0.30, precision: 0.08, recall: 0.25, f1-score: 0.12,
    Validation Set - accuracy: 0.30, precision: 0.07, recall: 0.25, f1-score: 0.12,
(Epoch 6), time: 13.3s, loss: 1.382
    Training Set - accuracy: 0.28, precision: 0.10, recall: 0.27, f1-score: 0.15,
    Validation Set - accuracy: 0.30, precision: 0.08, recall: 0.25, f1-score: 0.12,
(Epoch 7), time: 13.3s, loss: 1.352
    Training Set - accuracy: 0.30, precision: 0.12, recall: 0.28, f1-score: 0.16,
    Validation Set - accuracy: 0.30, precision: 0.07, recall: 0.25, f1-score: 0.12,
(Epoch 8), time: 13.3s, loss: 1.325
    Training Set - accuracy: 0.34, precision: 0.19, recall: 0.39, f1-score: 0.24,
    Validation Set - accuracy: 0.35, precision: 0.19, recall: 0.31, f1-score: 0.20,
(Epoch 9), time: 13.3s, loss: 1.278
    Training Set - accuracy: 0.32, precision: 0.14, recall: 0.38, f1-score: 0.20,
    Validation Set - accuracy: 0.35, precision: 0.17, recall: 0.32, f1-score: 0.22,
(Epoch 10), time: 13.3s, loss: 1.243
    Training Set - accuracy: 0.34, precision: 0.15, recall: 0.42, f1-score: 0.22,
    Validation Set - accuracy: 0.35, precision: 0.17, recall: 0.34, f1-score: 0.23,
(Epoch 11), time: 13.3s, loss: 1.192
    Training Set - accuracy: 0.33, precision: 0.16, recall: 0.45, f1-score: 0.22,
    Validation Set - accuracy: 0.28, precision: 0.13, recall: 0.26, f1-score: 0.17,
(Epoch 12), time: 13.3s, loss: 1.148
    Training Set - accuracy: 0.34, precision: 0.16, recall: 0.45, f1-score: 0.22,
    Validation Set - accuracy: 0.30, precision: 0.14, recall: 0.28, f1-score: 0.19,
(Epoch 13), time: 13.3s, loss: 1.080
    Training Set - accuracy: 0.35, precision: 0.17, recall: 0.48, f1-score: 0.23,
    Validation Set - accuracy: 0.33, precision: 0.14, recall: 0.28, f1-score: 0.17,
(Epoch 14), time: 13.3s, loss: 1.034
    Training Set - accuracy: 0.35, precision: 0.17, recall: 0.47, f1-score: 0.23,
    Validation Set - accuracy: 0.33, precision: 0.15, recall: 0.30, f1-score: 0.20,
(Epoch 15), time: 13.3s, loss: 0.972
    Training Set - accuracy: 0.36, precision: 0.19, recall: 0.48, f1-score: 0.25,
    Validation Set - accuracy: 0.30, precision: 0.14, recall: 0.27, f1-score: 0.18,
(Epoch 16), time: 13.4s, loss: 0.931
    Training Set - accuracy: 0.35, precision: 0.44, recall: 0.48, f1-score: 0.25,
    Validation Set - accuracy: 0.30, precision: 0.12, recall: 0.26, f1-score: 0.16,
(Epoch 17), time: 13.6s, loss: 0.895
    Training Set - accuracy: 0.38, precision: 0.21, recall: 0.50, f1-score: 0.27,
    Validation Set - accuracy: 0.25, precision: 0.07, recall: 0.21, f1-score: 0.11,
(Epoch 18), time: 13.4s, loss: 0.879
    Training Set - accuracy: 0.36, precision: 0.37, recall: 0.49, f1-score: 0.26,
    Validation Set - accuracy: 0.30, precision: 0.12, recall: 0.26, f1-score: 0.16,
(Epoch 19), time: 13.3s, loss: 0.885
    Training Set - accuracy: 0.36, precision: 0.39, recall: 0.48, f1-score: 0.26,
    Validation Set - accuracy: 0.33, precision: 0.34, recall: 0.26, f1-score: 0.15,
(Epoch 20), time: 13.3s, loss: 0.922
    Training Set - accuracy: 0.38, precision: 0.41, recall: 0.48, f1-score: 0.28,
    Validation Set - accuracy: 0.33, precision: 0.39, recall: 0.28, f1-score: 0.20,
(Epoch 21), time: 13.3s, loss: 1.140
    Training Set - accuracy: 0.30, precision: 0.36, recall: 0.43, f1-score: 0.22,
    Validation Set - accuracy: 0.17, precision: 0.05, recall: 0.22, f1-score: 0.08,
(Epoch 22), time: 13.3s, loss: 0.956
    Training Set - accuracy: 0.45, precision: 0.43, recall: 0.50, f1-score: 0.33,
    Validation Set - accuracy: 0.33, precision: 0.26, recall: 0.27, f1-score: 0.25,
(Epoch 23), time: 13.3s, loss: 0.850
    Training Set - accuracy: 0.44, precision: 0.43, recall: 0.53, f1-score: 0.32,
    Validation Set - accuracy: 0.28, precision: 0.23, recall: 0.26, f1-score: 0.21,
(Epoch 24), time: 13.3s, loss: 0.819
    Training Set - accuracy: 0.45, precision: 0.45, recall: 0.53, f1-score: 0.33,
    Validation Set - accuracy: 0.25, precision: 0.19, recall: 0.25, f1-score: 0.19,
(Epoch 25), time: 13.3s, loss: 0.779
    Training Set - accuracy: 0.44, precision: 0.47, recall: 0.53, f1-score: 0.32,
    Validation Set - accuracy: 0.33, precision: 0.41, recall: 0.33, f1-score: 0.23,
(Epoch 26), time: 13.3s, loss: 0.753
    Training Set - accuracy: 0.43, precision: 0.47, recall: 0.52, f1-score: 0.32,
    Validation Set - accuracy: 0.28, precision: 0.23, recall: 0.27, f1-score: 0.20,
(Epoch 27), time: 13.3s, loss: 0.743
    Training Set - accuracy: 0.43, precision: 0.48, recall: 0.52, f1-score: 0.32,
    Validation Set - accuracy: 0.28, precision: 0.23, recall: 0.27, f1-score: 0.20,
(Epoch 28), time: 13.3s, loss: 0.716
    Training Set - accuracy: 0.44, precision: 0.48, recall: 0.53, f1-score: 0.33,
    Validation Set - accuracy: 0.28, precision: 0.23, recall: 0.27, f1-score: 0.20,
(Epoch 29), time: 13.4s, loss: 0.696
    Training Set - accuracy: 0.47, precision: 0.74, recall: 0.57, f1-score: 0.40,
    Validation Set - accuracy: 0.25, precision: 0.37, recall: 0.26, f1-score: 0.17,
(Epoch 30), time: 13.3s, loss: 0.684
    Training Set - accuracy: 0.50, precision: 0.75, recall: 0.63, f1-score: 0.50,
    Validation Set - accuracy: 0.25, precision: 0.20, recall: 0.25, f1-score: 0.19,
(Epoch 31), time: 13.3s, loss: 0.676
    Training Set - accuracy: 0.51, precision: 0.76, recall: 0.68, f1-score: 0.55,
    Validation Set - accuracy: 0.28, precision: 0.24, recall: 0.27, f1-score: 0.21,
(Epoch 32), time: 13.5s, loss: 0.660
    Training Set - accuracy: 0.55, precision: 0.77, recall: 0.75, f1-score: 0.62,
    Validation Set - accuracy: 0.30, precision: 0.29, recall: 0.28, f1-score: 0.23,
(Epoch 33), time: 13.4s, loss: 0.647
    Training Set - accuracy: 0.59, precision: 0.77, recall: 0.77, f1-score: 0.64,
    Validation Set - accuracy: 0.28, precision: 0.25, recall: 0.27, f1-score: 0.21,
(Epoch 34), time: 13.4s, loss: 0.626
    Training Set - accuracy: 0.59, precision: 0.78, recall: 0.80, f1-score: 0.66,
    Validation Set - accuracy: 0.35, precision: 0.32, recall: 0.31, f1-score: 0.27,
(Epoch 35), time: 13.3s, loss: 0.603
    Training Set - accuracy: 0.61, precision: 0.79, recall: 0.80, f1-score: 0.68,
    Validation Set - accuracy: 0.25, precision: 0.20, recall: 0.23, f1-score: 0.19,
(Epoch 36), time: 13.3s, loss: 0.591
    Training Set - accuracy: 0.59, precision: 0.78, recall: 0.80, f1-score: 0.66,
    Validation Set - accuracy: 0.38, precision: 0.30, recall: 0.32, f1-score: 0.28,
(Epoch 37), time: 13.3s, loss: 0.579
    Training Set - accuracy: 0.64, precision: 0.79, recall: 0.82, f1-score: 0.69,
    Validation Set - accuracy: 0.38, precision: 0.29, recall: 0.31, f1-score: 0.29,
(Epoch 38), time: 13.3s, loss: 0.562
    Training Set - accuracy: 0.73, precision: 0.80, recall: 0.86, f1-score: 0.75,
    Validation Set - accuracy: 0.38, precision: 0.29, recall: 0.31, f1-score: 0.29,
(Epoch 39), time: 13.2s, loss: 0.551
    Training Set - accuracy: 0.67, precision: 0.79, recall: 0.83, f1-score: 0.71,
    Validation Set - accuracy: 0.25, precision: 0.22, recall: 0.22, f1-score: 0.19,
(Epoch 40), time: 13.3s, loss: 0.541
    Training Set - accuracy: 0.75, precision: 0.80, recall: 0.87, f1-score: 0.76,
    Validation Set - accuracy: 0.35, precision: 0.29, recall: 0.29, f1-score: 0.27,
(Epoch 41), time: 13.4s, loss: 0.525
    Training Set - accuracy: 0.74, precision: 0.80, recall: 0.86, f1-score: 0.75,
    Validation Set - accuracy: 0.42, precision: 0.32, recall: 0.34, f1-score: 0.32,
(Epoch 42), time: 13.3s, loss: 0.505
    Training Set - accuracy: 0.82, precision: 0.82, recall: 0.90, f1-score: 0.80,
    Validation Set - accuracy: 0.47, precision: 0.35, recall: 0.37, f1-score: 0.35,
(Epoch 43), time: 13.3s, loss: 0.491
    Training Set - accuracy: 0.84, precision: 0.83, recall: 0.91, f1-score: 0.82,
    Validation Set - accuracy: 0.38, precision: 0.28, recall: 0.31, f1-score: 0.28,
(Epoch 44), time: 13.3s, loss: 0.480
    Training Set - accuracy: 0.86, precision: 0.83, recall: 0.91, f1-score: 0.83,
    Validation Set - accuracy: 0.47, precision: 0.33, recall: 0.34, f1-score: 0.34,
(Epoch 45), time: 13.3s, loss: 0.471
    Training Set - accuracy: 0.88, precision: 0.85, recall: 0.92, f1-score: 0.85,
    Validation Set - accuracy: 0.47, precision: 0.35, recall: 0.37, f1-score: 0.35,
(Epoch 46), time: 13.3s, loss: 0.459
    Training Set - accuracy: 0.89, precision: 0.85, recall: 0.93, f1-score: 0.85,
    Validation Set - accuracy: 0.50, precision: 0.36, recall: 0.37, f1-score: 0.36,
(Epoch 47), time: 13.3s, loss: 0.447
    Training Set - accuracy: 0.93, precision: 0.88, recall: 0.95, f1-score: 0.90,
    Validation Set - accuracy: 0.53, precision: 0.38, recall: 0.40, f1-score: 0.39,
(Epoch 48), time: 13.3s, loss: 0.442
    Training Set - accuracy: 0.92, precision: 0.87, recall: 0.94, f1-score: 0.88,
    Validation Set - accuracy: 0.50, precision: 0.35, recall: 0.38, f1-score: 0.36,
(Epoch 49), time: 13.3s, loss: 0.431
    Training Set - accuracy: 0.95, precision: 0.90, recall: 0.95, f1-score: 0.91,
    Validation Set - accuracy: 0.53, precision: 0.40, recall: 0.40, f1-score: 0.40,
(Epoch 50), time: 13.3s, loss: 0.421
    Training Set - accuracy: 0.93, precision: 0.88, recall: 0.95, f1-score: 0.90,
    Validation Set - accuracy: 0.50, precision: 0.35, recall: 0.36, f1-score: 0.36,
(Epoch 51), time: 13.3s, loss: 0.413
    Training Set - accuracy: 0.95, precision: 0.91, recall: 0.95, f1-score: 0.92,
    Validation Set - accuracy: 0.45, precision: 0.36, recall: 0.34, f1-score: 0.34,
(Epoch 52), time: 13.2s, loss: 0.405
    Training Set - accuracy: 0.97, precision: 0.93, recall: 0.96, f1-score: 0.94,
    Validation Set - accuracy: 0.42, precision: 0.36, recall: 0.33, f1-score: 0.33,
(Epoch 53), time: 13.4s, loss: 0.398
    Training Set - accuracy: 0.95, precision: 0.90, recall: 0.95, f1-score: 0.92,
Confusion Matrix:
[[9 8 1 0]
 [5 7 0 0]
 [2 4 2 0]
 [0 2 0 0]]
    Validation Set - accuracy: 0.45, precision: 0.39, recall: 0.33, f1-score: 0.33,
Fold 5 (val 169 - 210)
(Epoch 0), time: 13.4s, loss: 1.385
    Training Set - accuracy: 0.58, precision: 0.15, recall: 0.24, f1-score: 0.18,
    Validation Set - accuracy: 0.35, precision: 0.09, recall: 0.25, f1-score: 0.13,
(Epoch 1), time: 13.4s, loss: 1.370
    Training Set - accuracy: 0.59, precision: 0.15, recall: 0.25, f1-score: 0.19,
    Validation Set - accuracy: 0.35, precision: 0.09, recall: 0.25, f1-score: 0.13,
(Epoch 2), time: 13.3s, loss: 1.363
    Training Set - accuracy: 0.59, precision: 0.15, recall: 0.25, f1-score: 0.19,
    Validation Set - accuracy: 0.35, precision: 0.09, recall: 0.25, f1-score: 0.13,
(Epoch 3), time: 13.4s, loss: 1.360
    Training Set - accuracy: 0.59, precision: 0.15, recall: 0.25, f1-score: 0.19,
    Validation Set - accuracy: 0.35, precision: 0.09, recall: 0.25, f1-score: 0.13,
(Epoch 4), time: 13.3s, loss: 1.348
    Training Set - accuracy: 0.59, precision: 0.15, recall: 0.25, f1-score: 0.19,
    Validation Set - accuracy: 0.35, precision: 0.09, recall: 0.25, f1-score: 0.13,
(Epoch 5), time: 13.4s, loss: 1.351
    Training Set - accuracy: 0.59, precision: 0.15, recall: 0.25, f1-score: 0.19,
    Validation Set - accuracy: 0.35, precision: 0.09, recall: 0.25, f1-score: 0.13,
(Epoch 6), time: 13.3s, loss: 1.309
    Training Set - accuracy: 0.59, precision: 0.15, recall: 0.25, f1-score: 0.19,
    Validation Set - accuracy: 0.35, precision: 0.09, recall: 0.25, f1-score: 0.13,
(Epoch 7), time: 13.4s, loss: 1.291
    Training Set - accuracy: 0.59, precision: 0.15, recall: 0.25, f1-score: 0.19,
    Validation Set - accuracy: 0.35, precision: 0.09, recall: 0.25, f1-score: 0.13,
(Epoch 8), time: 13.3s, loss: 1.264
    Training Set - accuracy: 0.59, precision: 0.15, recall: 0.25, f1-score: 0.19,
    Validation Set - accuracy: 0.35, precision: 0.09, recall: 0.25, f1-score: 0.13,
(Epoch 9), time: 13.4s, loss: 1.234
    Training Set - accuracy: 0.60, precision: 0.40, recall: 0.26, f1-score: 0.20,
    Validation Set - accuracy: 0.38, precision: 0.34, recall: 0.26, f1-score: 0.16,
(Epoch 10), time: 13.4s, loss: 1.205
    Training Set - accuracy: 0.60, precision: 0.25, recall: 0.27, f1-score: 0.23,
    Validation Set - accuracy: 0.45, precision: 0.23, recall: 0.28, f1-score: 0.25,
(Epoch 11), time: 13.4s, loss: 1.148
    Training Set - accuracy: 0.61, precision: 0.26, recall: 0.31, f1-score: 0.28,
    Validation Set - accuracy: 0.42, precision: 0.21, recall: 0.27, f1-score: 0.23,
(Epoch 12), time: 13.3s, loss: 1.123
    Training Set - accuracy: 0.62, precision: 0.29, recall: 0.34, f1-score: 0.31,
    Validation Set - accuracy: 0.57, precision: 0.29, recall: 0.34, f1-score: 0.31,
(Epoch 13), time: 13.3s, loss: 1.091
    Training Set - accuracy: 0.61, precision: 0.28, recall: 0.33, f1-score: 0.30,
    Validation Set - accuracy: 0.62, precision: 0.34, recall: 0.37, f1-score: 0.34,
(Epoch 14), time: 13.3s, loss: 1.063
    Training Set - accuracy: 0.65, precision: 0.45, recall: 0.43, f1-score: 0.43,
    Validation Set - accuracy: 0.60, precision: 0.31, recall: 0.35, f1-score: 0.32,
(Epoch 15), time: 13.3s, loss: 1.033
    Training Set - accuracy: 0.68, precision: 0.36, recall: 0.41, f1-score: 0.38,
    Validation Set - accuracy: 0.42, precision: 0.41, recall: 0.34, f1-score: 0.25,
(Epoch 16), time: 13.4s, loss: 1.028
    Training Set - accuracy: 0.61, precision: 0.35, recall: 0.42, f1-score: 0.38,
    Validation Set - accuracy: 0.35, precision: 0.32, recall: 0.31, f1-score: 0.24,
(Epoch 17), time: 13.3s, loss: 0.973
    Training Set - accuracy: 0.69, precision: 0.40, recall: 0.48, f1-score: 0.43,
    Validation Set - accuracy: 0.38, precision: 0.28, recall: 0.23, f1-score: 0.25,
(Epoch 18), time: 13.3s, loss: 0.946
    Training Set - accuracy: 0.70, precision: 0.41, recall: 0.49, f1-score: 0.43,
    Validation Set - accuracy: 0.38, precision: 0.31, recall: 0.23, f1-score: 0.27,
(Epoch 19), time: 13.3s, loss: 0.973
    Training Set - accuracy: 0.65, precision: 0.39, recall: 0.49, f1-score: 0.41,
    Validation Set - accuracy: 0.28, precision: 0.17, recall: 0.19, f1-score: 0.15,
(Epoch 20), time: 13.3s, loss: 0.926
    Training Set - accuracy: 0.67, precision: 0.42, recall: 0.55, f1-score: 0.43,
    Validation Set - accuracy: 0.40, precision: 0.22, recall: 0.27, f1-score: 0.20,
(Epoch 21), time: 13.4s, loss: 0.870
    Training Set - accuracy: 0.75, precision: 0.47, recall: 0.58, f1-score: 0.49,
    Validation Set - accuracy: 0.38, precision: 0.20, recall: 0.24, f1-score: 0.21,
(Epoch 22), time: 13.3s, loss: 0.801
    Training Set - accuracy: 0.79, precision: 0.50, recall: 0.62, f1-score: 0.53,
    Validation Set - accuracy: 0.38, precision: 0.20, recall: 0.25, f1-score: 0.19,
(Epoch 23), time: 13.3s, loss: 0.773
    Training Set - accuracy: 0.81, precision: 0.52, recall: 0.65, f1-score: 0.55,
    Validation Set - accuracy: 0.38, precision: 0.23, recall: 0.25, f1-score: 0.20,
(Epoch 24), time: 13.3s, loss: 0.737
    Training Set - accuracy: 0.81, precision: 0.52, recall: 0.65, f1-score: 0.55,
    Validation Set - accuracy: 0.38, precision: 0.19, recall: 0.25, f1-score: 0.20,
(Epoch 25), time: 13.3s, loss: 0.709
    Training Set - accuracy: 0.85, precision: 0.55, recall: 0.69, f1-score: 0.59,
    Validation Set - accuracy: 0.40, precision: 0.26, recall: 0.27, f1-score: 0.21,
(Epoch 26), time: 13.3s, loss: 0.678
    Training Set - accuracy: 0.84, precision: 0.55, recall: 0.68, f1-score: 0.58,
    Validation Set - accuracy: 0.35, precision: 0.19, recall: 0.23, f1-score: 0.19,
(Epoch 27), time: 13.3s, loss: 0.657
    Training Set - accuracy: 0.86, precision: 0.68, recall: 0.71, f1-score: 0.62,
    Validation Set - accuracy: 0.38, precision: 0.20, recall: 0.24, f1-score: 0.20,
(Epoch 28), time: 13.3s, loss: 0.624
    Training Set - accuracy: 0.88, precision: 0.81, recall: 0.73, f1-score: 0.66,
    Validation Set - accuracy: 0.40, precision: 0.22, recall: 0.25, f1-score: 0.23,
(Epoch 29), time: 13.3s, loss: 0.613
    Training Set - accuracy: 0.87, precision: 0.69, recall: 0.72, f1-score: 0.63,
    Validation Set - accuracy: 0.42, precision: 0.23, recall: 0.28, f1-score: 0.23,
(Epoch 30), time: 13.3s, loss: 0.587
    Training Set - accuracy: 0.90, precision: 0.83, recall: 0.78, f1-score: 0.74,
    Validation Set - accuracy: 0.47, precision: 0.33, recall: 0.32, f1-score: 0.32,
(Epoch 31), time: 13.3s, loss: 0.563
    Training Set - accuracy: 0.89, precision: 0.83, recall: 0.78, f1-score: 0.70,
    Validation Set - accuracy: 0.42, precision: 0.28, recall: 0.29, f1-score: 0.28,
(Epoch 32), time: 13.3s, loss: 0.550
    Training Set - accuracy: 0.90, precision: 0.83, recall: 0.78, f1-score: 0.74,
    Validation Set - accuracy: 0.53, precision: 0.36, recall: 0.38, f1-score: 0.37,
(Epoch 33), time: 13.4s, loss: 0.531
    Training Set - accuracy: 0.93, precision: 0.86, recall: 0.86, f1-score: 0.84,
    Validation Set - accuracy: 0.42, precision: 0.23, recall: 0.27, f1-score: 0.24,
(Epoch 34), time: 13.3s, loss: 0.511
    Training Set - accuracy: 0.93, precision: 0.87, recall: 0.86, f1-score: 0.83,
    Validation Set - accuracy: 0.38, precision: 0.26, recall: 0.27, f1-score: 0.25,
(Epoch 35), time: 13.3s, loss: 0.510
    Training Set - accuracy: 0.93, precision: 0.86, recall: 0.84, f1-score: 0.82,
    Validation Set - accuracy: 0.40, precision: 0.29, recall: 0.29, f1-score: 0.27,
(Epoch 36), time: 13.3s, loss: 0.494
    Training Set - accuracy: 0.93, precision: 0.84, recall: 0.83, f1-score: 0.80,
    Validation Set - accuracy: 0.35, precision: 0.18, recall: 0.23, f1-score: 0.18,
(Epoch 37), time: 13.3s, loss: 0.476
    Training Set - accuracy: 0.96, precision: 0.88, recall: 0.91, f1-score: 0.88,
    Validation Set - accuracy: 0.38, precision: 0.19, recall: 0.25, f1-score: 0.19,
(Epoch 38), time: 13.3s, loss: 0.465
    Training Set - accuracy: 0.93, precision: 0.86, recall: 0.81, f1-score: 0.75,
    Validation Set - accuracy: 0.35, precision: 0.18, recall: 0.24, f1-score: 0.18,
(Epoch 39), time: 13.3s, loss: 0.467
    Training Set - accuracy: 0.95, precision: 0.90, recall: 0.91, f1-score: 0.89,
    Validation Set - accuracy: 0.28, precision: 0.11, recall: 0.19, f1-score: 0.13,
(Epoch 40), time: 13.3s, loss: 0.462
    Training Set - accuracy: 0.93, precision: 0.87, recall: 0.89, f1-score: 0.87,
    Validation Set - accuracy: 0.47, precision: 0.31, recall: 0.33, f1-score: 0.32,
(Epoch 41), time: 13.3s, loss: 0.455
    Training Set - accuracy: 0.93, precision: 0.87, recall: 0.86, f1-score: 0.83,
    Validation Set - accuracy: 0.53, precision: 0.28, recall: 0.30, f1-score: 0.28,
(Epoch 42), time: 13.3s, loss: 0.433
    Training Set - accuracy: 0.98, precision: 0.93, recall: 0.94, f1-score: 0.93,
    Validation Set - accuracy: 0.47, precision: 0.26, recall: 0.28, f1-score: 0.27,
(Epoch 43), time: 13.3s, loss: 0.425
    Training Set - accuracy: 0.96, precision: 0.89, recall: 0.89, f1-score: 0.88,
    Validation Set - accuracy: 0.42, precision: 0.30, recall: 0.33, f1-score: 0.30,
(Epoch 44), time: 13.3s, loss: 0.411
    Training Set - accuracy: 1.00, precision: 1.00, recall: 1.00, f1-score: 1.00,
    Validation Set - accuracy: 0.42, precision: 0.23, recall: 0.27, f1-score: 0.24,
(Epoch 45), time: 13.4s, loss: 0.397
    Training Set - accuracy: 0.99, precision: 0.99, recall: 1.00, f1-score: 1.00,
Confusion Matrix:
[[10  4  0  0]
 [12  6  1  0]
 [ 2  3  0  0]
 [ 0  2  0  0]]
    Validation Set - accuracy: 0.40, precision: 0.20, recall: 0.26, f1-score: 0.22,
