Fold 1 (val 0 - 42)
(Epoch 0), time: 13.5s, loss: 1.101
    Training Set - accuracy: 0.42, precision: 0.22, recall: 0.30, f1-score: 0.22,
    Validation Set - accuracy: 0.80, precision: 0.27, recall: 0.32, f1-score: 0.30,
(Epoch 1), time: 13.2s, loss: 1.095
    Training Set - accuracy: 0.47, precision: 0.16, recall: 0.33, f1-score: 0.21,
    Validation Set - accuracy: 0.82, precision: 0.27, recall: 0.33, f1-score: 0.30,
(Epoch 2), time: 13.3s, loss: 1.097
    Training Set - accuracy: 0.47, precision: 0.16, recall: 0.33, f1-score: 0.21,
    Validation Set - accuracy: 0.82, precision: 0.27, recall: 0.33, f1-score: 0.30,
(Epoch 3), time: 13.4s, loss: 1.093
    Training Set - accuracy: 0.47, precision: 0.16, recall: 0.33, f1-score: 0.21,
    Validation Set - accuracy: 0.82, precision: 0.27, recall: 0.33, f1-score: 0.30,
(Epoch 4), time: 13.3s, loss: 1.092
    Training Set - accuracy: 0.47, precision: 0.16, recall: 0.33, f1-score: 0.21,
    Validation Set - accuracy: 0.82, precision: 0.27, recall: 0.33, f1-score: 0.30,
(Epoch 5), time: 13.3s, loss: 1.088
    Training Set - accuracy: 0.47, precision: 0.16, recall: 0.33, f1-score: 0.21,
    Validation Set - accuracy: 0.82, precision: 0.27, recall: 0.33, f1-score: 0.30,
(Epoch 6), time: 13.4s, loss: 1.081
    Training Set - accuracy: 0.47, precision: 0.16, recall: 0.33, f1-score: 0.21,
    Validation Set - accuracy: 0.82, precision: 0.27, recall: 0.33, f1-score: 0.30,
(Epoch 7), time: 13.4s, loss: 1.069
    Training Set - accuracy: 0.47, precision: 0.16, recall: 0.33, f1-score: 0.21,
    Validation Set - accuracy: 0.80, precision: 0.27, recall: 0.32, f1-score: 0.30,
(Epoch 8), time: 13.4s, loss: 1.059
    Training Set - accuracy: 0.47, precision: 0.16, recall: 0.33, f1-score: 0.21,
    Validation Set - accuracy: 0.82, precision: 0.27, recall: 0.33, f1-score: 0.30,
(Epoch 9), time: 13.3s, loss: 1.042
    Training Set - accuracy: 0.52, precision: 0.43, recall: 0.37, f1-score: 0.29,
    Validation Set - accuracy: 0.80, precision: 0.39, recall: 0.38, f1-score: 0.38,
(Epoch 10), time: 13.4s, loss: 1.032
    Training Set - accuracy: 0.52, precision: 0.40, recall: 0.38, f1-score: 0.31,
    Validation Set - accuracy: 0.75, precision: 0.28, recall: 0.30, f1-score: 0.29,
(Epoch 11), time: 13.4s, loss: 0.996
    Training Set - accuracy: 0.56, precision: 0.38, recall: 0.42, f1-score: 0.37,
    Validation Set - accuracy: 0.75, precision: 0.34, recall: 0.36, f1-score: 0.35,
(Epoch 12), time: 13.3s, loss: 0.987
    Training Set - accuracy: 0.57, precision: 0.71, recall: 0.44, f1-score: 0.40,
    Validation Set - accuracy: 0.72, precision: 0.28, recall: 0.29, f1-score: 0.28,
(Epoch 13), time: 13.3s, loss: 0.953
    Training Set - accuracy: 0.62, precision: 0.67, recall: 0.53, f1-score: 0.53,
    Validation Set - accuracy: 0.75, precision: 0.55, recall: 0.57, f1-score: 0.56,
(Epoch 14), time: 13.4s, loss: 0.915
    Training Set - accuracy: 0.68, precision: 0.76, recall: 0.63, f1-score: 0.65,
    Validation Set - accuracy: 0.72, precision: 0.66, recall: 0.51, f1-score: 0.55,
(Epoch 15), time: 13.4s, loss: 0.883
    Training Set - accuracy: 0.72, precision: 0.78, recall: 0.68, f1-score: 0.69,
    Validation Set - accuracy: 0.80, precision: 0.57, recall: 0.59, f1-score: 0.57,
(Epoch 16), time: 13.3s, loss: 0.837
    Training Set - accuracy: 0.76, precision: 0.78, recall: 0.77, f1-score: 0.77,
    Validation Set - accuracy: 0.70, precision: 0.32, recall: 0.34, f1-score: 0.33,
(Epoch 17), time: 13.3s, loss: 0.791
    Training Set - accuracy: 0.78, precision: 0.79, recall: 0.78, f1-score: 0.78,
    Validation Set - accuracy: 0.70, precision: 0.33, recall: 0.34, f1-score: 0.33,
(Epoch 18), time: 13.4s, loss: 0.731
    Training Set - accuracy: 0.84, precision: 0.85, recall: 0.85, f1-score: 0.85,
    Validation Set - accuracy: 0.68, precision: 0.47, recall: 0.54, f1-score: 0.49,
(Epoch 19), time: 13.4s, loss: 0.684
    Training Set - accuracy: 0.85, precision: 0.85, recall: 0.87, f1-score: 0.86,
    Validation Set - accuracy: 0.68, precision: 0.45, recall: 0.54, f1-score: 0.46,
(Epoch 20), time: 13.4s, loss: 0.632
    Training Set - accuracy: 0.88, precision: 0.88, recall: 0.89, f1-score: 0.88,
    Validation Set - accuracy: 0.60, precision: 0.37, recall: 0.41, f1-score: 0.36,
(Epoch 21), time: 13.3s, loss: 0.602
    Training Set - accuracy: 0.92, precision: 0.90, recall: 0.93, f1-score: 0.91,
    Validation Set - accuracy: 0.68, precision: 0.39, recall: 0.44, f1-score: 0.39,
(Epoch 22), time: 13.4s, loss: 0.554
    Training Set - accuracy: 0.91, precision: 0.90, recall: 0.92, f1-score: 0.91,
    Validation Set - accuracy: 0.57, precision: 0.40, recall: 0.50, f1-score: 0.40,
(Epoch 23), time: 13.4s, loss: 0.511
    Training Set - accuracy: 0.92, precision: 0.91, recall: 0.93, f1-score: 0.92,
    Validation Set - accuracy: 0.55, precision: 0.41, recall: 0.49, f1-score: 0.38,
(Epoch 24), time: 13.4s, loss: 0.497
    Training Set - accuracy: 0.89, precision: 0.90, recall: 0.91, f1-score: 0.90,
    Validation Set - accuracy: 0.45, precision: 0.38, recall: 0.45, f1-score: 0.33,
(Epoch 25), time: 13.3s, loss: 0.519
    Training Set - accuracy: 0.88, precision: 0.88, recall: 0.90, f1-score: 0.89,
    Validation Set - accuracy: 0.53, precision: 0.40, recall: 0.48, f1-score: 0.37,
(Epoch 26), time: 13.4s, loss: 0.548
    Training Set - accuracy: 0.78, precision: 0.80, recall: 0.78, f1-score: 0.79,
    Validation Set - accuracy: 0.60, precision: 0.44, recall: 0.57, f1-score: 0.44,
(Epoch 27), time: 13.4s, loss: 0.499
    Training Set - accuracy: 0.84, precision: 0.84, recall: 0.87, f1-score: 0.85,
    Validation Set - accuracy: 0.72, precision: 0.40, recall: 0.46, f1-score: 0.41,
(Epoch 28), time: 13.3s, loss: 0.416
    Training Set - accuracy: 0.90, precision: 0.89, recall: 0.91, f1-score: 0.90,
    Validation Set - accuracy: 0.65, precision: 0.37, recall: 0.43, f1-score: 0.37,
(Epoch 29), time: 13.3s, loss: 0.328
    Training Set - accuracy: 0.95, precision: 0.96, recall: 0.96, f1-score: 0.96,
Confusion Matrix:
[[23  9  1]
 [ 2  3  0]
 [ 1  1  0]]
    Validation Set - accuracy: 0.65, precision: 0.37, recall: 0.43, f1-score: 0.37,
Fold 2 (val 43 - 84)
(Epoch 0), time: 13.3s, loss: 1.106
    Training Set - accuracy: 0.18, precision: 0.06, recall: 0.33, f1-score: 0.10,
    Validation Set - accuracy: 0.07, precision: 0.02, recall: 0.33, f1-score: 0.05,
(Epoch 1), time: 13.2s, loss: 1.104
    Training Set - accuracy: 0.18, precision: 0.06, recall: 0.33, f1-score: 0.10,
    Validation Set - accuracy: 0.07, precision: 0.02, recall: 0.33, f1-score: 0.05,
(Epoch 2), time: 13.4s, loss: 1.104
    Training Set - accuracy: 0.18, precision: 0.06, recall: 0.33, f1-score: 0.10,
    Validation Set - accuracy: 0.07, precision: 0.02, recall: 0.33, f1-score: 0.05,
(Epoch 3), time: 13.4s, loss: 1.103
    Training Set - accuracy: 0.18, precision: 0.06, recall: 0.33, f1-score: 0.10,
    Validation Set - accuracy: 0.07, precision: 0.02, recall: 0.33, f1-score: 0.05,
(Epoch 4), time: 13.3s, loss: 1.102
    Training Set - accuracy: 0.18, precision: 0.06, recall: 0.33, f1-score: 0.10,
    Validation Set - accuracy: 0.07, precision: 0.02, recall: 0.33, f1-score: 0.05,
(Epoch 5), time: 13.3s, loss: 1.100
    Training Set - accuracy: 0.18, precision: 0.06, recall: 0.33, f1-score: 0.10,
    Validation Set - accuracy: 0.07, precision: 0.02, recall: 0.33, f1-score: 0.05,
(Epoch 6), time: 13.4s, loss: 1.098
    Training Set - accuracy: 0.18, precision: 0.06, recall: 0.33, f1-score: 0.10,
    Validation Set - accuracy: 0.07, precision: 0.02, recall: 0.33, f1-score: 0.05,
(Epoch 7), time: 13.4s, loss: 1.091
    Training Set - accuracy: 0.33, precision: 0.30, recall: 0.41, f1-score: 0.27,
    Validation Set - accuracy: 0.20, precision: 0.31, recall: 0.39, f1-score: 0.15,
(Epoch 8), time: 13.3s, loss: 1.087
    Training Set - accuracy: 0.41, precision: 0.26, recall: 0.39, f1-score: 0.30,
    Validation Set - accuracy: 0.20, precision: 0.31, recall: 0.39, f1-score: 0.15,
(Epoch 9), time: 13.3s, loss: 1.071
    Training Set - accuracy: 0.51, precision: 0.33, recall: 0.52, f1-score: 0.39,
    Validation Set - accuracy: 0.35, precision: 0.26, recall: 0.37, f1-score: 0.23,
(Epoch 10), time: 13.4s, loss: 1.047
    Training Set - accuracy: 0.55, precision: 0.56, recall: 0.56, f1-score: 0.46,
    Validation Set - accuracy: 0.33, precision: 0.31, recall: 0.30, f1-score: 0.26,
(Epoch 11), time: 13.4s, loss: 1.024
    Training Set - accuracy: 0.53, precision: 0.52, recall: 0.55, f1-score: 0.44,
    Validation Set - accuracy: 0.35, precision: 0.30, recall: 0.46, f1-score: 0.25,
(Epoch 12), time: 13.4s, loss: 1.019
    Training Set - accuracy: 0.55, precision: 0.44, recall: 0.51, f1-score: 0.42,
    Validation Set - accuracy: 0.35, precision: 0.43, recall: 0.51, f1-score: 0.32,
(Epoch 13), time: 13.3s, loss: 0.985
    Training Set - accuracy: 0.62, precision: 0.59, recall: 0.60, f1-score: 0.54,
    Validation Set - accuracy: 0.35, precision: 0.37, recall: 0.32, f1-score: 0.28,
(Epoch 14), time: 13.4s, loss: 0.943
    Training Set - accuracy: 0.68, precision: 0.65, recall: 0.68, f1-score: 0.62,
    Validation Set - accuracy: 0.38, precision: 0.37, recall: 0.33, f1-score: 0.30,
(Epoch 15), time: 13.4s, loss: 0.922
    Training Set - accuracy: 0.64, precision: 0.60, recall: 0.64, f1-score: 0.59,
    Validation Set - accuracy: 0.42, precision: 0.39, recall: 0.38, f1-score: 0.34,
(Epoch 16), time: 13.3s, loss: 0.891
    Training Set - accuracy: 0.71, precision: 0.68, recall: 0.72, f1-score: 0.68,
    Validation Set - accuracy: 0.53, precision: 0.42, recall: 0.45, f1-score: 0.41,
(Epoch 17), time: 13.3s, loss: 0.865
    Training Set - accuracy: 0.68, precision: 0.63, recall: 0.68, f1-score: 0.63,
    Validation Set - accuracy: 0.42, precision: 0.34, recall: 0.28, f1-score: 0.29,
(Epoch 18), time: 13.4s, loss: 0.834
    Training Set - accuracy: 0.78, precision: 0.75, recall: 0.78, f1-score: 0.76,
    Validation Set - accuracy: 0.55, precision: 0.38, recall: 0.41, f1-score: 0.36,
(Epoch 19), time: 13.4s, loss: 0.809
    Training Set - accuracy: 0.72, precision: 0.71, recall: 0.75, f1-score: 0.72,
    Validation Set - accuracy: 0.53, precision: 0.31, recall: 0.33, f1-score: 0.31,
(Epoch 20), time: 13.4s, loss: 0.809
    Training Set - accuracy: 0.72, precision: 0.69, recall: 0.74, f1-score: 0.70,
    Validation Set - accuracy: 0.53, precision: 0.30, recall: 0.33, f1-score: 0.31,
(Epoch 21), time: 13.3s, loss: 0.770
    Training Set - accuracy: 0.74, precision: 0.72, recall: 0.76, f1-score: 0.73,
    Validation Set - accuracy: 0.62, precision: 0.33, recall: 0.35, f1-score: 0.33,
(Epoch 22), time: 13.4s, loss: 0.782
    Training Set - accuracy: 0.74, precision: 0.70, recall: 0.74, f1-score: 0.72,
    Validation Set - accuracy: 0.50, precision: 0.34, recall: 0.36, f1-score: 0.32,
(Epoch 23), time: 13.4s, loss: 0.772
    Training Set - accuracy: 0.73, precision: 0.70, recall: 0.71, f1-score: 0.70,
    Validation Set - accuracy: 0.42, precision: 0.34, recall: 0.35, f1-score: 0.29,
(Epoch 24), time: 13.4s, loss: 0.708
    Training Set - accuracy: 0.85, precision: 0.84, recall: 0.86, f1-score: 0.85,
    Validation Set - accuracy: 0.42, precision: 0.35, recall: 0.35, f1-score: 0.30,
(Epoch 25), time: 13.3s, loss: 0.682
    Training Set - accuracy: 0.88, precision: 0.88, recall: 0.89, f1-score: 0.88,
    Validation Set - accuracy: 0.42, precision: 0.32, recall: 0.33, f1-score: 0.29,
(Epoch 26), time: 13.4s, loss: 0.651
    Training Set - accuracy: 0.91, precision: 0.92, recall: 0.93, f1-score: 0.92,
    Validation Set - accuracy: 0.33, precision: 0.30, recall: 0.31, f1-score: 0.23,
(Epoch 27), time: 13.4s, loss: 0.617
    Training Set - accuracy: 0.93, precision: 0.94, recall: 0.94, f1-score: 0.94,
    Validation Set - accuracy: 0.33, precision: 0.33, recall: 0.33, f1-score: 0.23,
(Epoch 28), time: 13.4s, loss: 0.586
    Training Set - accuracy: 0.93, precision: 0.93, recall: 0.95, f1-score: 0.94,
    Validation Set - accuracy: 0.40, precision: 0.36, recall: 0.37, f1-score: 0.28,
(Epoch 29), time: 13.3s, loss: 0.575
    Training Set - accuracy: 0.95, precision: 0.94, recall: 0.96, f1-score: 0.95,
    Validation Set - accuracy: 0.35, precision: 0.31, recall: 0.32, f1-score: 0.24,
(Epoch 30), time: 13.4s, loss: 0.558
    Training Set - accuracy: 0.94, precision: 0.94, recall: 0.95, f1-score: 0.94,
    Validation Set - accuracy: 0.35, precision: 0.33, recall: 0.34, f1-score: 0.24,
(Epoch 31), time: 13.4s, loss: 0.524
    Training Set - accuracy: 0.97, precision: 0.97, recall: 0.97, f1-score: 0.97,
    Validation Set - accuracy: 0.50, precision: 0.36, recall: 0.39, f1-score: 0.33,
(Epoch 32), time: 13.4s, loss: 0.512
    Training Set - accuracy: 0.97, precision: 0.97, recall: 0.97, f1-score: 0.97,
    Validation Set - accuracy: 0.42, precision: 0.34, recall: 0.35, f1-score: 0.29,
(Epoch 33), time: 13.3s, loss: 0.488
    Training Set - accuracy: 0.98, precision: 0.98, recall: 0.97, f1-score: 0.98,
    Validation Set - accuracy: 0.50, precision: 0.36, recall: 0.39, f1-score: 0.33,
(Epoch 34), time: 13.4s, loss: 0.481
    Training Set - accuracy: 0.98, precision: 0.98, recall: 0.98, f1-score: 0.98,
    Validation Set - accuracy: 0.42, precision: 0.32, recall: 0.33, f1-score: 0.28,
(Epoch 35), time: 13.4s, loss: 0.465
    Training Set - accuracy: 0.96, precision: 0.97, recall: 0.97, f1-score: 0.97,
    Validation Set - accuracy: 0.53, precision: 0.35, recall: 0.38, f1-score: 0.34,
(Epoch 36), time: 13.4s, loss: 0.458
    Training Set - accuracy: 0.97, precision: 0.97, recall: 0.98, f1-score: 0.97,
    Validation Set - accuracy: 0.53, precision: 0.37, recall: 0.40, f1-score: 0.35,
(Epoch 37), time: 13.3s, loss: 0.441
    Training Set - accuracy: 0.99, precision: 0.99, recall: 0.98, f1-score: 0.99,
    Validation Set - accuracy: 0.55, precision: 0.40, recall: 0.44, f1-score: 0.37,
(Epoch 38), time: 13.4s, loss: 0.433
    Training Set - accuracy: 0.97, precision: 0.97, recall: 0.97, f1-score: 0.97,
    Validation Set - accuracy: 0.45, precision: 0.35, recall: 0.37, f1-score: 0.30,
(Epoch 39), time: 13.4s, loss: 0.425
    Training Set - accuracy: 0.98, precision: 0.98, recall: 0.98, f1-score: 0.98,
    Validation Set - accuracy: 0.47, precision: 0.35, recall: 0.38, f1-score: 0.32,
(Epoch 40), time: 13.4s, loss: 0.423
    Training Set - accuracy: 0.97, precision: 0.97, recall: 0.98, f1-score: 0.97,
    Validation Set - accuracy: 0.42, precision: 0.34, recall: 0.35, f1-score: 0.29,
(Epoch 41), time: 13.3s, loss: 0.409
    Training Set - accuracy: 0.99, precision: 0.99, recall: 0.99, f1-score: 0.99,
    Validation Set - accuracy: 0.40, precision: 0.31, recall: 0.32, f1-score: 0.27,
(Epoch 42), time: 13.4s, loss: 0.401
    Training Set - accuracy: 0.99, precision: 1.00, recall: 0.99, f1-score: 0.99,
    Validation Set - accuracy: 0.45, precision: 0.37, recall: 0.39, f1-score: 0.31,
(Epoch 43), time: 13.4s, loss: 0.391
    Training Set - accuracy: 1.00, precision: 1.00, recall: 1.00, f1-score: 1.00,
Confusion Matrix:
[[ 9 19  0]
 [ 3  6  0]
 [ 0  3  0]]
    Validation Set - accuracy: 0.38, precision: 0.32, recall: 0.33, f1-score: 0.26,
Fold 3 (val 85 - 126)
(Epoch 0), time: 13.4s, loss: 1.139
    Training Set - accuracy: 0.13, precision: 0.04, recall: 0.33, f1-score: 0.08,
    Validation Set - accuracy: 0.23, precision: 0.07, recall: 0.33, f1-score: 0.12,
(Epoch 1), time: 13.3s, loss: 1.124
    Training Set - accuracy: 0.13, precision: 0.04, recall: 0.33, f1-score: 0.08,
    Validation Set - accuracy: 0.23, precision: 0.07, recall: 0.33, f1-score: 0.12,
(Epoch 2), time: 13.4s, loss: 1.117
    Training Set - accuracy: 0.13, precision: 0.04, recall: 0.33, f1-score: 0.08,
    Validation Set - accuracy: 0.23, precision: 0.07, recall: 0.33, f1-score: 0.12,
(Epoch 3), time: 13.3s, loss: 1.111
    Training Set - accuracy: 0.14, precision: 0.14, recall: 0.31, f1-score: 0.09,
    Validation Set - accuracy: 0.25, precision: 0.21, recall: 0.34, f1-score: 0.19,
(Epoch 4), time: 13.4s, loss: 1.105
    Training Set - accuracy: 0.26, precision: 0.21, recall: 0.24, f1-score: 0.19,
    Validation Set - accuracy: 0.33, precision: 0.29, recall: 0.41, f1-score: 0.28,
(Epoch 5), time: 13.4s, loss: 1.092
    Training Set - accuracy: 0.47, precision: 0.22, recall: 0.30, f1-score: 0.25,
    Validation Set - accuracy: 0.28, precision: 0.18, recall: 0.30, f1-score: 0.22,
(Epoch 6), time: 13.4s, loss: 1.079
    Training Set - accuracy: 0.55, precision: 0.27, recall: 0.35, f1-score: 0.29,
    Validation Set - accuracy: 0.38, precision: 0.21, recall: 0.35, f1-score: 0.23,
(Epoch 7), time: 13.3s, loss: 1.063
    Training Set - accuracy: 0.59, precision: 0.36, recall: 0.35, f1-score: 0.27,
    Validation Set - accuracy: 0.35, precision: 0.18, recall: 0.33, f1-score: 0.22,
(Epoch 8), time: 13.4s, loss: 1.046
    Training Set - accuracy: 0.59, precision: 0.30, recall: 0.37, f1-score: 0.31,
    Validation Set - accuracy: 0.33, precision: 0.17, recall: 0.30, f1-score: 0.21,
(Epoch 9), time: 13.3s, loss: 1.036
    Training Set - accuracy: 0.61, precision: 0.37, recall: 0.40, f1-score: 0.36,
    Validation Set - accuracy: 0.30, precision: 0.12, recall: 0.27, f1-score: 0.17,
(Epoch 10), time: 13.4s, loss: 1.001
    Training Set - accuracy: 0.65, precision: 0.76, recall: 0.49, f1-score: 0.46,
    Validation Set - accuracy: 0.33, precision: 0.19, recall: 0.32, f1-score: 0.23,
(Epoch 11), time: 13.4s, loss: 0.978
    Training Set - accuracy: 0.65, precision: 0.72, recall: 0.52, f1-score: 0.46,
    Validation Set - accuracy: 0.33, precision: 0.21, recall: 0.33, f1-score: 0.26,
(Epoch 12), time: 13.4s, loss: 0.957
    Training Set - accuracy: 0.67, precision: 0.67, recall: 0.60, f1-score: 0.55,
    Validation Set - accuracy: 0.40, precision: 0.43, recall: 0.40, f1-score: 0.37,
(Epoch 13), time: 13.3s, loss: 0.923
    Training Set - accuracy: 0.68, precision: 0.64, recall: 0.63, f1-score: 0.56,
    Validation Set - accuracy: 0.33, precision: 0.33, recall: 0.35, f1-score: 0.31,
(Epoch 14), time: 13.4s, loss: 0.893
    Training Set - accuracy: 0.69, precision: 0.68, recall: 0.65, f1-score: 0.58,
    Validation Set - accuracy: 0.30, precision: 0.31, recall: 0.32, f1-score: 0.30,
(Epoch 15), time: 13.3s, loss: 0.865
    Training Set - accuracy: 0.69, precision: 0.67, recall: 0.66, f1-score: 0.59,
    Validation Set - accuracy: 0.33, precision: 0.33, recall: 0.33, f1-score: 0.32,
(Epoch 16), time: 13.4s, loss: 0.832
    Training Set - accuracy: 0.75, precision: 0.70, recall: 0.73, f1-score: 0.68,
    Validation Set - accuracy: 0.33, precision: 0.27, recall: 0.30, f1-score: 0.26,
(Epoch 17), time: 13.3s, loss: 0.762
    Training Set - accuracy: 0.79, precision: 0.73, recall: 0.77, f1-score: 0.72,
    Validation Set - accuracy: 0.33, precision: 0.28, recall: 0.30, f1-score: 0.28,
(Epoch 18), time: 13.3s, loss: 0.699
    Training Set - accuracy: 0.82, precision: 0.77, recall: 0.81, f1-score: 0.76,
    Validation Set - accuracy: 0.30, precision: 0.26, recall: 0.28, f1-score: 0.25,
(Epoch 19), time: 13.3s, loss: 0.649
    Training Set - accuracy: 0.79, precision: 0.78, recall: 0.78, f1-score: 0.71,
    Validation Set - accuracy: 0.35, precision: 0.27, recall: 0.31, f1-score: 0.25,
(Epoch 20), time: 13.3s, loss: 0.606
    Training Set - accuracy: 0.80, precision: 0.76, recall: 0.79, f1-score: 0.72,
    Validation Set - accuracy: 0.35, precision: 0.28, recall: 0.30, f1-score: 0.28,
(Epoch 21), time: 13.3s, loss: 0.586
    Training Set - accuracy: 0.82, precision: 0.79, recall: 0.81, f1-score: 0.75,
    Validation Set - accuracy: 0.30, precision: 0.24, recall: 0.26, f1-score: 0.25,
(Epoch 22), time: 13.3s, loss: 0.560
    Training Set - accuracy: 0.83, precision: 0.80, recall: 0.82, f1-score: 0.76,
    Validation Set - accuracy: 0.28, precision: 0.29, recall: 0.27, f1-score: 0.27,
(Epoch 23), time: 13.3s, loss: 0.540
    Training Set - accuracy: 0.88, precision: 0.84, recall: 0.88, f1-score: 0.84,
    Validation Set - accuracy: 0.30, precision: 0.31, recall: 0.29, f1-score: 0.29,
(Epoch 24), time: 13.3s, loss: 0.513
    Training Set - accuracy: 0.90, precision: 0.88, recall: 0.89, f1-score: 0.88,
    Validation Set - accuracy: 0.35, precision: 0.38, recall: 0.35, f1-score: 0.35,
(Epoch 25), time: 13.3s, loss: 0.493
    Training Set - accuracy: 0.87, precision: 0.83, recall: 0.86, f1-score: 0.84,
    Validation Set - accuracy: 0.38, precision: 0.35, recall: 0.34, f1-score: 0.34,
(Epoch 26), time: 13.3s, loss: 0.459
    Training Set - accuracy: 0.90, precision: 0.87, recall: 0.90, f1-score: 0.87,
    Validation Set - accuracy: 0.33, precision: 0.26, recall: 0.28, f1-score: 0.27,
(Epoch 27), time: 13.3s, loss: 0.422
    Training Set - accuracy: 0.93, precision: 0.89, recall: 0.92, f1-score: 0.90,
    Validation Set - accuracy: 0.35, precision: 0.31, recall: 0.31, f1-score: 0.27,
(Epoch 28), time: 13.4s, loss: 0.387
    Training Set - accuracy: 0.93, precision: 0.89, recall: 0.93, f1-score: 0.91,
Confusion Matrix:
[[10  2  3]
 [10  4  2]
 [ 7  2  0]]
    Validation Set - accuracy: 0.35, precision: 0.29, recall: 0.31, f1-score: 0.27,
Fold 4 (val 127 - 168)
(Epoch 0), time: 13.4s, loss: 1.095
    Training Set - accuracy: 0.57, precision: 0.19, recall: 0.33, f1-score: 0.24,
    Validation Set - accuracy: 0.45, precision: 0.15, recall: 0.33, f1-score: 0.21,
(Epoch 1), time: 13.4s, loss: 1.085
    Training Set - accuracy: 0.57, precision: 0.19, recall: 0.33, f1-score: 0.24,
    Validation Set - accuracy: 0.45, precision: 0.15, recall: 0.33, f1-score: 0.21,
(Epoch 2), time: 13.3s, loss: 1.084
    Training Set - accuracy: 0.57, precision: 0.19, recall: 0.33, f1-score: 0.24,
    Validation Set - accuracy: 0.45, precision: 0.15, recall: 0.33, f1-score: 0.21,
(Epoch 3), time: 13.4s, loss: 1.083
    Training Set - accuracy: 0.57, precision: 0.19, recall: 0.33, f1-score: 0.24,
    Validation Set - accuracy: 0.45, precision: 0.15, recall: 0.33, f1-score: 0.21,
(Epoch 4), time: 13.3s, loss: 1.080
    Training Set - accuracy: 0.57, precision: 0.19, recall: 0.33, f1-score: 0.24,
    Validation Set - accuracy: 0.45, precision: 0.15, recall: 0.33, f1-score: 0.21,
(Epoch 5), time: 13.4s, loss: 1.078
    Training Set - accuracy: 0.57, precision: 0.19, recall: 0.33, f1-score: 0.24,
    Validation Set - accuracy: 0.45, precision: 0.15, recall: 0.33, f1-score: 0.21,
(Epoch 6), time: 13.3s, loss: 1.066
    Training Set - accuracy: 0.57, precision: 0.19, recall: 0.33, f1-score: 0.24,
    Validation Set - accuracy: 0.45, precision: 0.15, recall: 0.33, f1-score: 0.21,
(Epoch 7), time: 13.5s, loss: 1.043
    Training Set - accuracy: 0.57, precision: 0.19, recall: 0.33, f1-score: 0.24,
    Validation Set - accuracy: 0.45, precision: 0.15, recall: 0.33, f1-score: 0.21,
(Epoch 8), time: 13.5s, loss: 1.014
    Training Set - accuracy: 0.58, precision: 0.52, recall: 0.34, f1-score: 0.26,
    Validation Set - accuracy: 0.45, precision: 0.32, recall: 0.34, f1-score: 0.25,
(Epoch 9), time: 13.6s, loss: 0.974
    Training Set - accuracy: 0.59, precision: 0.53, recall: 0.35, f1-score: 0.28,
    Validation Set - accuracy: 0.50, precision: 0.41, recall: 0.40, f1-score: 0.33,
(Epoch 10), time: 13.5s, loss: 0.902
    Training Set - accuracy: 0.62, precision: 0.57, recall: 0.43, f1-score: 0.42,
    Validation Set - accuracy: 0.53, precision: 0.36, recall: 0.44, f1-score: 0.38,
(Epoch 11), time: 13.5s, loss: 0.906
    Training Set - accuracy: 0.68, precision: 0.66, recall: 0.59, f1-score: 0.62,
    Validation Set - accuracy: 0.50, precision: 0.44, recall: 0.44, f1-score: 0.43,
(Epoch 12), time: 13.3s, loss: 0.858
    Training Set - accuracy: 0.67, precision: 0.61, recall: 0.63, f1-score: 0.60,
    Validation Set - accuracy: 0.50, precision: 0.45, recall: 0.44, f1-score: 0.43,
(Epoch 13), time: 13.3s, loss: 0.826
    Training Set - accuracy: 0.66, precision: 0.65, recall: 0.65, f1-score: 0.58,
    Validation Set - accuracy: 0.57, precision: 0.55, recall: 0.56, f1-score: 0.53,
(Epoch 14), time: 13.3s, loss: 0.793
    Training Set - accuracy: 0.70, precision: 0.64, recall: 0.68, f1-score: 0.63,
    Validation Set - accuracy: 0.47, precision: 0.42, recall: 0.44, f1-score: 0.43,
(Epoch 15), time: 13.3s, loss: 0.776
    Training Set - accuracy: 0.74, precision: 0.68, recall: 0.73, f1-score: 0.69,
    Validation Set - accuracy: 0.45, precision: 0.35, recall: 0.39, f1-score: 0.36,
(Epoch 16), time: 13.3s, loss: 0.761
    Training Set - accuracy: 0.72, precision: 0.68, recall: 0.73, f1-score: 0.66,
    Validation Set - accuracy: 0.47, precision: 0.41, recall: 0.43, f1-score: 0.42,
(Epoch 17), time: 13.3s, loss: 0.730
    Training Set - accuracy: 0.80, precision: 0.74, recall: 0.79, f1-score: 0.76,
    Validation Set - accuracy: 0.50, precision: 0.46, recall: 0.43, f1-score: 0.41,
(Epoch 18), time: 13.3s, loss: 0.707
    Training Set - accuracy: 0.76, precision: 0.72, recall: 0.77, f1-score: 0.71,
    Validation Set - accuracy: 0.55, precision: 0.51, recall: 0.47, f1-score: 0.46,
(Epoch 19), time: 13.3s, loss: 0.676
    Training Set - accuracy: 0.81, precision: 0.75, recall: 0.81, f1-score: 0.77,
    Validation Set - accuracy: 0.47, precision: 0.45, recall: 0.44, f1-score: 0.43,
(Epoch 20), time: 13.3s, loss: 0.652
    Training Set - accuracy: 0.83, precision: 0.77, recall: 0.83, f1-score: 0.79,
    Validation Set - accuracy: 0.50, precision: 0.43, recall: 0.44, f1-score: 0.43,
(Epoch 21), time: 13.4s, loss: 0.620
    Training Set - accuracy: 0.85, precision: 0.80, recall: 0.85, f1-score: 0.82,
    Validation Set - accuracy: 0.40, precision: 0.33, recall: 0.34, f1-score: 0.33,
(Epoch 22), time: 13.3s, loss: 0.594
    Training Set - accuracy: 0.85, precision: 0.82, recall: 0.85, f1-score: 0.83,
    Validation Set - accuracy: 0.53, precision: 0.48, recall: 0.46, f1-score: 0.45,
(Epoch 23), time: 13.3s, loss: 0.571
    Training Set - accuracy: 0.88, precision: 0.84, recall: 0.88, f1-score: 0.85,
    Validation Set - accuracy: 0.47, precision: 0.45, recall: 0.43, f1-score: 0.44,
(Epoch 24), time: 13.3s, loss: 0.553
    Training Set - accuracy: 0.87, precision: 0.84, recall: 0.88, f1-score: 0.85,
    Validation Set - accuracy: 0.47, precision: 0.44, recall: 0.42, f1-score: 0.42,
(Epoch 25), time: 13.3s, loss: 0.518
    Training Set - accuracy: 0.88, precision: 0.87, recall: 0.89, f1-score: 0.88,
    Validation Set - accuracy: 0.55, precision: 0.49, recall: 0.48, f1-score: 0.47,
(Epoch 26), time: 13.3s, loss: 0.501
    Training Set - accuracy: 0.89, precision: 0.87, recall: 0.90, f1-score: 0.88,
    Validation Set - accuracy: 0.47, precision: 0.40, recall: 0.41, f1-score: 0.40,
(Epoch 27), time: 13.3s, loss: 0.463
    Training Set - accuracy: 0.89, precision: 0.86, recall: 0.89, f1-score: 0.87,
    Validation Set - accuracy: 0.55, precision: 0.45, recall: 0.46, f1-score: 0.42,
(Epoch 28), time: 13.4s, loss: 0.433
    Training Set - accuracy: 0.93, precision: 0.91, recall: 0.95, f1-score: 0.93,
    Validation Set - accuracy: 0.53, precision: 0.44, recall: 0.43, f1-score: 0.39,
(Epoch 29), time: 13.4s, loss: 0.404
    Training Set - accuracy: 0.94, precision: 0.90, recall: 0.95, f1-score: 0.92,
    Validation Set - accuracy: 0.55, precision: 0.55, recall: 0.47, f1-score: 0.46,
(Epoch 30), time: 13.4s, loss: 0.386
    Training Set - accuracy: 0.93, precision: 0.90, recall: 0.95, f1-score: 0.92,
Confusion Matrix:
[[14  4  0]
 [ 6  4  2]
 [ 3  5  2]]
    Validation Set - accuracy: 0.50, precision: 0.47, recall: 0.44, f1-score: 0.43,
Fold 5 (val 169 - 210)
(Epoch 0), time: 13.3s, loss: 1.122
    Training Set - accuracy: 0.25, precision: 0.08, recall: 0.33, f1-score: 0.14,
    Validation Set - accuracy: 0.47, precision: 0.16, recall: 0.33, f1-score: 0.21,
(Epoch 1), time: 13.4s, loss: 1.111
    Training Set - accuracy: 0.25, precision: 0.08, recall: 0.33, f1-score: 0.14,
    Validation Set - accuracy: 0.47, precision: 0.16, recall: 0.33, f1-score: 0.21,
(Epoch 2), time: 13.4s, loss: 1.112
    Training Set - accuracy: 0.25, precision: 0.08, recall: 0.33, f1-score: 0.14,
    Validation Set - accuracy: 0.47, precision: 0.16, recall: 0.33, f1-score: 0.21,
(Epoch 3), time: 13.3s, loss: 1.109
    Training Set - accuracy: 0.25, precision: 0.08, recall: 0.33, f1-score: 0.14,
    Validation Set - accuracy: 0.47, precision: 0.16, recall: 0.33, f1-score: 0.21,
(Epoch 4), time: 13.3s, loss: 1.108
    Training Set - accuracy: 0.25, precision: 0.08, recall: 0.33, f1-score: 0.14,
    Validation Set - accuracy: 0.47, precision: 0.16, recall: 0.33, f1-score: 0.21,
(Epoch 5), time: 13.3s, loss: 1.106
    Training Set - accuracy: 0.25, precision: 0.08, recall: 0.33, f1-score: 0.14,
    Validation Set - accuracy: 0.47, precision: 0.16, recall: 0.33, f1-score: 0.21,
(Epoch 6), time: 13.4s, loss: 1.106
    Training Set - accuracy: 0.25, precision: 0.08, recall: 0.33, f1-score: 0.14,
    Validation Set - accuracy: 0.47, precision: 0.16, recall: 0.33, f1-score: 0.21,
(Epoch 7), time: 13.3s, loss: 1.106
    Training Set - accuracy: 0.25, precision: 0.08, recall: 0.33, f1-score: 0.14,
    Validation Set - accuracy: 0.47, precision: 0.16, recall: 0.33, f1-score: 0.21,
(Epoch 8), time: 13.3s, loss: 1.102
    Training Set - accuracy: 0.25, precision: 0.08, recall: 0.33, f1-score: 0.14,
    Validation Set - accuracy: 0.47, precision: 0.16, recall: 0.33, f1-score: 0.21,
(Epoch 9), time: 13.3s, loss: 1.098
    Training Set - accuracy: 0.25, precision: 0.08, recall: 0.33, f1-score: 0.14,
    Validation Set - accuracy: 0.47, precision: 0.16, recall: 0.33, f1-score: 0.21,
(Epoch 10), time: 13.3s, loss: 1.091
    Training Set - accuracy: 0.26, precision: 0.31, recall: 0.33, f1-score: 0.15,
    Validation Set - accuracy: 0.47, precision: 0.16, recall: 0.33, f1-score: 0.21,
(Epoch 11), time: 13.3s, loss: 1.064
    Training Set - accuracy: 0.35, precision: 0.29, recall: 0.32, f1-score: 0.25,
    Validation Set - accuracy: 0.53, precision: 0.50, recall: 0.38, f1-score: 0.31,
(Epoch 12), time: 13.4s, loss: 1.026
    Training Set - accuracy: 0.54, precision: 0.35, recall: 0.41, f1-score: 0.37,
    Validation Set - accuracy: 0.53, precision: 0.50, recall: 0.38, f1-score: 0.31,
(Epoch 13), time: 13.3s, loss: 1.012
    Training Set - accuracy: 0.52, precision: 0.31, recall: 0.35, f1-score: 0.33,
    Validation Set - accuracy: 0.55, precision: 0.50, recall: 0.40, f1-score: 0.34,
(Epoch 14), time: 13.3s, loss: 0.990
    Training Set - accuracy: 0.55, precision: 0.35, recall: 0.40, f1-score: 0.36,
    Validation Set - accuracy: 0.60, precision: 0.51, recall: 0.45, f1-score: 0.41,
(Epoch 15), time: 13.3s, loss: 0.993
    Training Set - accuracy: 0.56, precision: 0.40, recall: 0.46, f1-score: 0.40,
    Validation Set - accuracy: 0.53, precision: 0.35, recall: 0.42, f1-score: 0.38,
(Epoch 16), time: 13.3s, loss: 0.919
    Training Set - accuracy: 0.62, precision: 0.37, recall: 0.44, f1-score: 0.40,
    Validation Set - accuracy: 0.53, precision: 0.35, recall: 0.41, f1-score: 0.38,
(Epoch 17), time: 13.3s, loss: 0.893
    Training Set - accuracy: 0.64, precision: 0.39, recall: 0.46, f1-score: 0.42,
    Validation Set - accuracy: 0.53, precision: 0.35, recall: 0.41, f1-score: 0.38,
(Epoch 18), time: 13.3s, loss: 0.864
    Training Set - accuracy: 0.67, precision: 0.41, recall: 0.49, f1-score: 0.44,
    Validation Set - accuracy: 0.50, precision: 0.33, recall: 0.39, f1-score: 0.35,
(Epoch 19), time: 13.3s, loss: 0.853
    Training Set - accuracy: 0.68, precision: 0.42, recall: 0.50, f1-score: 0.45,
    Validation Set - accuracy: 0.45, precision: 0.29, recall: 0.35, f1-score: 0.31,
(Epoch 20), time: 13.3s, loss: 0.812
    Training Set - accuracy: 0.72, precision: 0.45, recall: 0.54, f1-score: 0.48,
    Validation Set - accuracy: 0.50, precision: 0.33, recall: 0.40, f1-score: 0.36,
(Epoch 21), time: 13.3s, loss: 0.788
    Training Set - accuracy: 0.73, precision: 0.46, recall: 0.56, f1-score: 0.50,
    Validation Set - accuracy: 0.42, precision: 0.28, recall: 0.33, f1-score: 0.30,
(Epoch 22), time: 13.4s, loss: 0.776
    Training Set - accuracy: 0.73, precision: 0.46, recall: 0.55, f1-score: 0.49,
    Validation Set - accuracy: 0.47, precision: 0.31, recall: 0.37, f1-score: 0.34,
(Epoch 23), time: 13.4s, loss: 0.764
    Training Set - accuracy: 0.74, precision: 0.47, recall: 0.56, f1-score: 0.50,
    Validation Set - accuracy: 0.45, precision: 0.31, recall: 0.38, f1-score: 0.32,
(Epoch 24), time: 13.4s, loss: 0.737
    Training Set - accuracy: 0.76, precision: 0.48, recall: 0.58, f1-score: 0.52,
    Validation Set - accuracy: 0.42, precision: 0.30, recall: 0.37, f1-score: 0.30,
(Epoch 25), time: 13.3s, loss: 0.706
    Training Set - accuracy: 0.78, precision: 0.49, recall: 0.59, f1-score: 0.53,
    Validation Set - accuracy: 0.45, precision: 0.30, recall: 0.37, f1-score: 0.33,
(Epoch 26), time: 13.4s, loss: 0.710
    Training Set - accuracy: 0.76, precision: 0.49, recall: 0.60, f1-score: 0.53,
    Validation Set - accuracy: 0.42, precision: 0.28, recall: 0.35, f1-score: 0.31,
(Epoch 27), time: 13.3s, loss: 0.660
    Training Set - accuracy: 0.80, precision: 0.51, recall: 0.62, f1-score: 0.55,
    Validation Set - accuracy: 0.55, precision: 0.37, recall: 0.43, f1-score: 0.39,
(Epoch 28), time: 13.3s, loss: 0.623
    Training Set - accuracy: 0.81, precision: 0.51, recall: 0.62, f1-score: 0.56,
    Validation Set - accuracy: 0.55, precision: 0.39, recall: 0.42, f1-score: 0.37,
(Epoch 29), time: 13.3s, loss: 0.601
    Training Set - accuracy: 0.81, precision: 0.51, recall: 0.62, f1-score: 0.56,
    Validation Set - accuracy: 0.42, precision: 0.28, recall: 0.34, f1-score: 0.31,
(Epoch 30), time: 13.3s, loss: 0.576
    Training Set - accuracy: 0.81, precision: 0.52, recall: 0.63, f1-score: 0.56,
    Validation Set - accuracy: 0.45, precision: 0.30, recall: 0.37, f1-score: 0.33,
(Epoch 31), time: 13.3s, loss: 0.563
    Training Set - accuracy: 0.81, precision: 0.52, recall: 0.63, f1-score: 0.56,
    Validation Set - accuracy: 0.42, precision: 0.29, recall: 0.36, f1-score: 0.31,
(Epoch 32), time: 13.3s, loss: 0.534
    Training Set - accuracy: 0.83, precision: 0.53, recall: 0.65, f1-score: 0.58,
    Validation Set - accuracy: 0.45, precision: 0.31, recall: 0.38, f1-score: 0.33,
(Epoch 33), time: 13.3s, loss: 0.516
    Training Set - accuracy: 0.83, precision: 0.53, recall: 0.65, f1-score: 0.58,
    Validation Set - accuracy: 0.47, precision: 0.32, recall: 0.39, f1-score: 0.35,
(Epoch 34), time: 13.3s, loss: 0.503
    Training Set - accuracy: 0.84, precision: 0.53, recall: 0.66, f1-score: 0.58,
    Validation Set - accuracy: 0.57, precision: 0.40, recall: 0.45, f1-score: 0.41,
(Epoch 35), time: 13.3s, loss: 0.489
    Training Set - accuracy: 0.84, precision: 0.53, recall: 0.66, f1-score: 0.58,
    Validation Set - accuracy: 0.55, precision: 0.37, recall: 0.44, f1-score: 0.40,
(Epoch 36), time: 13.4s, loss: 0.469
    Training Set - accuracy: 0.84, precision: 0.53, recall: 0.66, f1-score: 0.58,
    Validation Set - accuracy: 0.42, precision: 0.28, recall: 0.35, f1-score: 0.31,
(Epoch 37), time: 13.3s, loss: 0.461
    Training Set - accuracy: 0.84, precision: 0.54, recall: 0.66, f1-score: 0.58,
    Validation Set - accuracy: 0.45, precision: 0.30, recall: 0.37, f1-score: 0.33,
(Epoch 38), time: 13.3s, loss: 0.442
    Training Set - accuracy: 0.85, precision: 0.54, recall: 0.67, f1-score: 0.59,
    Validation Set - accuracy: 0.45, precision: 0.30, recall: 0.37, f1-score: 0.33,
(Epoch 39), time: 13.3s, loss: 0.430
    Training Set - accuracy: 0.85, precision: 0.54, recall: 0.67, f1-score: 0.59,
    Validation Set - accuracy: 0.47, precision: 0.32, recall: 0.38, f1-score: 0.35,
(Epoch 40), time: 13.3s, loss: 0.420
    Training Set - accuracy: 0.85, precision: 0.54, recall: 0.67, f1-score: 0.59,
    Validation Set - accuracy: 0.45, precision: 0.30, recall: 0.37, f1-score: 0.33,
(Epoch 41), time: 13.3s, loss: 0.415
    Training Set - accuracy: 0.85, precision: 0.54, recall: 0.67, f1-score: 0.59,
    Validation Set - accuracy: 0.50, precision: 0.33, recall: 0.41, f1-score: 0.37,
(Epoch 42), time: 13.3s, loss: 0.411
    Training Set - accuracy: 0.85, precision: 0.54, recall: 0.67, f1-score: 0.59,
    Validation Set - accuracy: 0.45, precision: 0.30, recall: 0.37, f1-score: 0.33,
(Epoch 43), time: 13.3s, loss: 0.401
    Training Set - accuracy: 0.85, precision: 0.54, recall: 0.67, f1-score: 0.59,
    Validation Set - accuracy: 0.45, precision: 0.30, recall: 0.37, f1-score: 0.33,
(Epoch 44), time: 13.5s, loss: 0.397
    Training Set - accuracy: 0.85, precision: 0.54, recall: 0.67, f1-score: 0.59,
Confusion Matrix:
[[ 9  5  0]
 [ 9 10  0]
 [ 1  6  0]]
    Validation Set - accuracy: 0.47, precision: 0.32, recall: 0.39, f1-score: 0.35,
