Fold 1 (val 0 - 42)
(Epoch 0), time: 13.5s, loss: 0.697
    Training Set - accuracy: 0.53, precision: 0.26, recall: 0.50, f1-score: 0.35,
    Validation Set - accuracy: 0.17, precision: 0.09, recall: 0.50, f1-score: 0.15,
(Epoch 1), time: 13.4s, loss: 0.696
    Training Set - accuracy: 0.53, precision: 0.26, recall: 0.50, f1-score: 0.35,
    Validation Set - accuracy: 0.17, precision: 0.09, recall: 0.50, f1-score: 0.15,
(Epoch 2), time: 13.2s, loss: 0.695
    Training Set - accuracy: 0.53, precision: 0.26, recall: 0.50, f1-score: 0.35,
    Validation Set - accuracy: 0.17, precision: 0.09, recall: 0.50, f1-score: 0.15,
(Epoch 3), time: 13.3s, loss: 0.695
    Training Set - accuracy: 0.53, precision: 0.26, recall: 0.50, f1-score: 0.35,
    Validation Set - accuracy: 0.17, precision: 0.09, recall: 0.50, f1-score: 0.15,
(Epoch 4), time: 13.4s, loss: 0.693
    Training Set - accuracy: 0.53, precision: 0.26, recall: 0.50, f1-score: 0.35,
    Validation Set - accuracy: 0.17, precision: 0.09, recall: 0.50, f1-score: 0.15,
(Epoch 5), time: 13.4s, loss: 0.687
    Training Set - accuracy: 0.54, precision: 0.77, recall: 0.51, f1-score: 0.37,
    Validation Set - accuracy: 0.23, precision: 0.59, recall: 0.53, f1-score: 0.21,
(Epoch 6), time: 13.3s, loss: 0.675
    Training Set - accuracy: 0.65, precision: 0.70, recall: 0.64, f1-score: 0.62,
    Validation Set - accuracy: 0.38, precision: 0.55, recall: 0.56, f1-score: 0.37,
(Epoch 7), time: 13.3s, loss: 0.655
    Training Set - accuracy: 0.73, precision: 0.75, recall: 0.73, f1-score: 0.72,
    Validation Set - accuracy: 0.47, precision: 0.51, recall: 0.51, f1-score: 0.43,
(Epoch 8), time: 13.3s, loss: 0.636
    Training Set - accuracy: 0.76, precision: 0.78, recall: 0.76, f1-score: 0.76,
    Validation Set - accuracy: 0.62, precision: 0.59, recall: 0.66, f1-score: 0.56,
(Epoch 9), time: 13.4s, loss: 0.610
    Training Set - accuracy: 0.79, precision: 0.79, recall: 0.79, f1-score: 0.79,
    Validation Set - accuracy: 0.40, precision: 0.45, recall: 0.41, f1-score: 0.36,
(Epoch 10), time: 13.3s, loss: 0.591
    Training Set - accuracy: 0.78, precision: 0.78, recall: 0.77, f1-score: 0.77,
    Validation Set - accuracy: 0.53, precision: 0.59, recall: 0.66, f1-score: 0.50,
(Epoch 11), time: 13.4s, loss: 0.566
    Training Set - accuracy: 0.82, precision: 0.83, recall: 0.82, f1-score: 0.82,
    Validation Set - accuracy: 0.65, precision: 0.60, recall: 0.68, f1-score: 0.58,
(Epoch 12), time: 13.3s, loss: 0.548
    Training Set - accuracy: 0.82, precision: 0.82, recall: 0.82, f1-score: 0.82,
    Validation Set - accuracy: 0.42, precision: 0.42, recall: 0.37, f1-score: 0.36,
(Epoch 13), time: 13.3s, loss: 0.529
    Training Set - accuracy: 0.83, precision: 0.83, recall: 0.83, f1-score: 0.83,
    Validation Set - accuracy: 0.60, precision: 0.58, recall: 0.65, f1-score: 0.54,
(Epoch 14), time: 13.3s, loss: 0.506
    Training Set - accuracy: 0.82, precision: 0.84, recall: 0.81, f1-score: 0.81,
    Validation Set - accuracy: 0.57, precision: 0.48, recall: 0.46, f1-score: 0.45,
(Epoch 15), time: 13.3s, loss: 0.456
    Training Set - accuracy: 0.88, precision: 0.89, recall: 0.88, f1-score: 0.88,
    Validation Set - accuracy: 0.72, precision: 0.55, recall: 0.55, f1-score: 0.55,
(Epoch 16), time: 13.3s, loss: 0.456
    Training Set - accuracy: 0.84, precision: 0.84, recall: 0.83, f1-score: 0.83,
    Validation Set - accuracy: 0.50, precision: 0.48, recall: 0.47, f1-score: 0.43,
(Epoch 17), time: 13.3s, loss: 0.427
    Training Set - accuracy: 0.87, precision: 0.87, recall: 0.87, f1-score: 0.87,
    Validation Set - accuracy: 0.47, precision: 0.51, recall: 0.51, f1-score: 0.43,
(Epoch 18), time: 13.3s, loss: 0.412
    Training Set - accuracy: 0.88, precision: 0.89, recall: 0.88, f1-score: 0.88,
    Validation Set - accuracy: 0.78, precision: 0.59, recall: 0.58, f1-score: 0.59,
(Epoch 19), time: 13.3s, loss: 0.390
    Training Set - accuracy: 0.87, precision: 0.87, recall: 0.86, f1-score: 0.87,
Confusion Matrix:
[[26  7]
 [ 3  4]]
    Validation Set - accuracy: 0.75, precision: 0.63, recall: 0.68, f1-score: 0.64,
Fold 2 (val 43 - 84)
(Epoch 0), time: 13.4s, loss: 0.694
    Training Set - accuracy: 0.45, precision: 0.45, recall: 0.45, f1-score: 0.44,
    Validation Set - accuracy: 0.40, precision: 0.40, recall: 0.38, f1-score: 0.38,
(Epoch 1), time: 13.4s, loss: 0.693
    Training Set - accuracy: 0.53, precision: 0.54, recall: 0.53, f1-score: 0.51,
    Validation Set - accuracy: 0.53, precision: 0.49, recall: 0.49, f1-score: 0.49,
(Epoch 2), time: 13.3s, loss: 0.692
    Training Set - accuracy: 0.58, precision: 0.59, recall: 0.58, f1-score: 0.57,
    Validation Set - accuracy: 0.42, precision: 0.39, recall: 0.38, f1-score: 0.38,
(Epoch 3), time: 13.4s, loss: 0.690
    Training Set - accuracy: 0.58, precision: 0.60, recall: 0.58, f1-score: 0.55,
    Validation Set - accuracy: 0.47, precision: 0.42, recall: 0.41, f1-score: 0.41,
(Epoch 4), time: 13.3s, loss: 0.687
    Training Set - accuracy: 0.62, precision: 0.67, recall: 0.61, f1-score: 0.58,
    Validation Set - accuracy: 0.50, precision: 0.31, recall: 0.36, f1-score: 0.33,
(Epoch 5), time: 13.4s, loss: 0.676
    Training Set - accuracy: 0.66, precision: 0.67, recall: 0.66, f1-score: 0.65,
    Validation Set - accuracy: 0.53, precision: 0.49, recall: 0.49, f1-score: 0.49,
(Epoch 6), time: 13.5s, loss: 0.652
    Training Set - accuracy: 0.67, precision: 0.68, recall: 0.67, f1-score: 0.67,
    Validation Set - accuracy: 0.53, precision: 0.49, recall: 0.49, f1-score: 0.49,
(Epoch 7), time: 13.4s, loss: 0.620
    Training Set - accuracy: 0.74, precision: 0.74, recall: 0.74, f1-score: 0.74,
    Validation Set - accuracy: 0.55, precision: 0.51, recall: 0.51, f1-score: 0.51,
(Epoch 8), time: 13.2s, loss: 0.588
    Training Set - accuracy: 0.77, precision: 0.77, recall: 0.77, f1-score: 0.77,
    Validation Set - accuracy: 0.57, precision: 0.53, recall: 0.53, f1-score: 0.52,
(Epoch 9), time: 13.4s, loss: 0.564
    Training Set - accuracy: 0.80, precision: 0.80, recall: 0.80, f1-score: 0.80,
    Validation Set - accuracy: 0.60, precision: 0.60, recall: 0.62, f1-score: 0.58,
(Epoch 10), time: 13.3s, loss: 0.537
    Training Set - accuracy: 0.81, precision: 0.81, recall: 0.81, f1-score: 0.81,
    Validation Set - accuracy: 0.47, precision: 0.58, recall: 0.58, f1-score: 0.47,
(Epoch 11), time: 13.4s, loss: 0.520
    Training Set - accuracy: 0.82, precision: 0.82, recall: 0.82, f1-score: 0.82,
    Validation Set - accuracy: 0.45, precision: 0.57, recall: 0.56, f1-score: 0.45,
(Epoch 12), time: 13.3s, loss: 0.509
    Training Set - accuracy: 0.82, precision: 0.82, recall: 0.82, f1-score: 0.82,
    Validation Set - accuracy: 0.40, precision: 0.53, recall: 0.52, f1-score: 0.39,
(Epoch 13), time: 13.4s, loss: 0.530
    Training Set - accuracy: 0.79, precision: 0.82, recall: 0.80, f1-score: 0.79,
    Validation Set - accuracy: 0.53, precision: 0.61, recall: 0.61, f1-score: 0.52,
(Epoch 14), time: 13.3s, loss: 0.489
    Training Set - accuracy: 0.82, precision: 0.83, recall: 0.82, f1-score: 0.82,
    Validation Set - accuracy: 0.53, precision: 0.61, recall: 0.61, f1-score: 0.52,
(Epoch 15), time: 13.6s, loss: 0.481
    Training Set - accuracy: 0.83, precision: 0.85, recall: 0.83, f1-score: 0.83,
    Validation Set - accuracy: 0.57, precision: 0.53, recall: 0.53, f1-score: 0.52,
(Epoch 16), time: 13.3s, loss: 0.440
    Training Set - accuracy: 0.87, precision: 0.88, recall: 0.87, f1-score: 0.87,
    Validation Set - accuracy: 0.60, precision: 0.50, recall: 0.50, f1-score: 0.50,
(Epoch 17), time: 13.4s, loss: 0.444
    Training Set - accuracy: 0.85, precision: 0.87, recall: 0.86, f1-score: 0.85,
    Validation Set - accuracy: 0.57, precision: 0.51, recall: 0.51, f1-score: 0.51,
(Epoch 18), time: 13.3s, loss: 0.408
    Training Set - accuracy: 0.88, precision: 0.88, recall: 0.88, f1-score: 0.88,
    Validation Set - accuracy: 0.57, precision: 0.61, recall: 0.62, f1-score: 0.57,
(Epoch 19), time: 13.4s, loss: 0.410
    Training Set - accuracy: 0.88, precision: 0.89, recall: 0.88, f1-score: 0.88,
    Validation Set - accuracy: 0.68, precision: 0.62, recall: 0.62, f1-score: 0.62,
(Epoch 20), time: 13.3s, loss: 0.378
    Training Set - accuracy: 0.90, precision: 0.90, recall: 0.90, f1-score: 0.90,
Confusion Matrix:
[[19  9]
 [ 5  7]]
    Validation Set - accuracy: 0.65, precision: 0.61, recall: 0.63, f1-score: 0.62,
Fold 3 (val 85 - 126)
(Epoch 0), time: 13.3s, loss: 0.699
    Training Set - accuracy: 0.40, precision: 0.40, recall: 0.40, f1-score: 0.39,
    Validation Set - accuracy: 0.42, precision: 0.45, recall: 0.45, f1-score: 0.42,
(Epoch 1), time: 13.5s, loss: 0.695
    Training Set - accuracy: 0.53, precision: 0.49, recall: 0.49, f1-score: 0.47,
    Validation Set - accuracy: 0.47, precision: 0.58, recall: 0.55, f1-score: 0.46,
(Epoch 2), time: 13.5s, loss: 0.691
    Training Set - accuracy: 0.56, precision: 0.49, recall: 0.49, f1-score: 0.45,
    Validation Set - accuracy: 0.45, precision: 0.55, recall: 0.53, f1-score: 0.43,
(Epoch 3), time: 13.3s, loss: 0.691
    Training Set - accuracy: 0.60, precision: 0.63, recall: 0.52, f1-score: 0.43,
    Validation Set - accuracy: 0.42, precision: 0.70, recall: 0.54, f1-score: 0.36,
(Epoch 4), time: 13.3s, loss: 0.685
    Training Set - accuracy: 0.59, precision: 0.55, recall: 0.50, f1-score: 0.40,
    Validation Set - accuracy: 0.42, precision: 0.57, recall: 0.53, f1-score: 0.38,
(Epoch 5), time: 13.3s, loss: 0.674
    Training Set - accuracy: 0.59, precision: 0.58, recall: 0.52, f1-score: 0.43,
    Validation Set - accuracy: 0.55, precision: 0.67, recall: 0.63, f1-score: 0.54,
(Epoch 6), time: 13.3s, loss: 0.649
    Training Set - accuracy: 0.67, precision: 0.75, recall: 0.61, f1-score: 0.58,
    Validation Set - accuracy: 0.53, precision: 0.66, recall: 0.61, f1-score: 0.51,
(Epoch 7), time: 13.3s, loss: 0.617
    Training Set - accuracy: 0.72, precision: 0.73, recall: 0.69, f1-score: 0.69,
    Validation Set - accuracy: 0.60, precision: 0.59, recall: 0.60, f1-score: 0.59,
(Epoch 8), time: 13.3s, loss: 0.590
    Training Set - accuracy: 0.75, precision: 0.75, recall: 0.72, f1-score: 0.73,
    Validation Set - accuracy: 0.55, precision: 0.54, recall: 0.55, f1-score: 0.54,
(Epoch 9), time: 13.3s, loss: 0.572
    Training Set - accuracy: 0.79, precision: 0.78, recall: 0.77, f1-score: 0.78,
    Validation Set - accuracy: 0.50, precision: 0.53, recall: 0.53, f1-score: 0.50,
(Epoch 10), time: 13.4s, loss: 0.556
    Training Set - accuracy: 0.81, precision: 0.80, recall: 0.80, f1-score: 0.80,
    Validation Set - accuracy: 0.53, precision: 0.53, recall: 0.53, f1-score: 0.52,
(Epoch 11), time: 13.3s, loss: 0.531
    Training Set - accuracy: 0.81, precision: 0.81, recall: 0.80, f1-score: 0.80,
    Validation Set - accuracy: 0.57, precision: 0.59, recall: 0.59, f1-score: 0.57,
(Epoch 12), time: 13.4s, loss: 0.507
    Training Set - accuracy: 0.87, precision: 0.86, recall: 0.87, f1-score: 0.86,
    Validation Set - accuracy: 0.60, precision: 0.62, recall: 0.63, f1-score: 0.60,
(Epoch 13), time: 13.3s, loss: 0.502
    Training Set - accuracy: 0.84, precision: 0.83, recall: 0.85, f1-score: 0.83,
    Validation Set - accuracy: 0.60, precision: 0.64, recall: 0.64, f1-score: 0.60,
(Epoch 14), time: 13.3s, loss: 0.466
    Training Set - accuracy: 0.89, precision: 0.89, recall: 0.90, f1-score: 0.89,
    Validation Set - accuracy: 0.50, precision: 0.55, recall: 0.55, f1-score: 0.50,
(Epoch 15), time: 13.3s, loss: 0.458
    Training Set - accuracy: 0.87, precision: 0.87, recall: 0.87, f1-score: 0.87,
    Validation Set - accuracy: 0.55, precision: 0.61, recall: 0.60, f1-score: 0.55,
(Epoch 16), time: 13.3s, loss: 0.439
    Training Set - accuracy: 0.90, precision: 0.89, recall: 0.90, f1-score: 0.89,
    Validation Set - accuracy: 0.55, precision: 0.63, recall: 0.61, f1-score: 0.55,
(Epoch 17), time: 13.4s, loss: 0.433
    Training Set - accuracy: 0.90, precision: 0.89, recall: 0.90, f1-score: 0.89,
    Validation Set - accuracy: 0.57, precision: 0.62, recall: 0.62, f1-score: 0.57,
(Epoch 18), time: 13.3s, loss: 0.445
    Training Set - accuracy: 0.87, precision: 0.87, recall: 0.88, f1-score: 0.87,
    Validation Set - accuracy: 0.50, precision: 0.55, recall: 0.55, f1-score: 0.50,
(Epoch 19), time: 13.3s, loss: 0.395
    Training Set - accuracy: 0.89, precision: 0.89, recall: 0.89, f1-score: 0.89,
Confusion Matrix:
[[12  3]
 [15 10]]
    Validation Set - accuracy: 0.55, precision: 0.61, recall: 0.60, f1-score: 0.55,
Fold 4 (val 127 - 168)
(Epoch 0), time: 13.4s, loss: 0.697
    Training Set - accuracy: 0.44, precision: 0.46, recall: 0.47, f1-score: 0.42,
    Validation Set - accuracy: 0.62, precision: 0.66, recall: 0.59, f1-score: 0.56,
(Epoch 1), time: 13.3s, loss: 0.696
    Training Set - accuracy: 0.45, precision: 0.44, recall: 0.44, f1-score: 0.44,
    Validation Set - accuracy: 0.68, precision: 0.67, recall: 0.67, f1-score: 0.67,
(Epoch 2), time: 13.6s, loss: 0.692
    Training Set - accuracy: 0.48, precision: 0.43, recall: 0.45, f1-score: 0.42,
    Validation Set - accuracy: 0.60, precision: 0.63, recall: 0.62, f1-score: 0.60,
(Epoch 3), time: 13.4s, loss: 0.693
    Training Set - accuracy: 0.58, precision: 0.55, recall: 0.53, f1-score: 0.49,
    Validation Set - accuracy: 0.50, precision: 0.52, recall: 0.52, f1-score: 0.49,
(Epoch 4), time: 13.3s, loss: 0.692
    Training Set - accuracy: 0.58, precision: 0.59, recall: 0.52, f1-score: 0.44,
    Validation Set - accuracy: 0.55, precision: 0.67, recall: 0.59, f1-score: 0.51,
(Epoch 5), time: 13.3s, loss: 0.687
    Training Set - accuracy: 0.56, precision: 0.48, recall: 0.50, f1-score: 0.38,
    Validation Set - accuracy: 0.57, precision: 0.76, recall: 0.61, f1-score: 0.52,
(Epoch 6), time: 13.4s, loss: 0.667
    Training Set - accuracy: 0.64, precision: 0.71, recall: 0.59, f1-score: 0.55,
    Validation Set - accuracy: 0.57, precision: 0.59, recall: 0.59, f1-score: 0.57,
(Epoch 7), time: 13.6s, loss: 0.647
    Training Set - accuracy: 0.69, precision: 0.72, recall: 0.65, f1-score: 0.65,
    Validation Set - accuracy: 0.62, precision: 0.62, recall: 0.61, f1-score: 0.61,
(Epoch 8), time: 13.4s, loss: 0.614
    Training Set - accuracy: 0.72, precision: 0.73, recall: 0.70, f1-score: 0.70,
    Validation Set - accuracy: 0.68, precision: 0.71, recall: 0.65, f1-score: 0.64,
(Epoch 9), time: 13.3s, loss: 0.584
    Training Set - accuracy: 0.78, precision: 0.78, recall: 0.79, f1-score: 0.78,
    Validation Set - accuracy: 0.60, precision: 0.61, recall: 0.61, f1-score: 0.60,
(Epoch 10), time: 13.4s, loss: 0.511
    Training Set - accuracy: 0.84, precision: 0.83, recall: 0.84, f1-score: 0.83,
    Validation Set - accuracy: 0.68, precision: 0.67, recall: 0.67, f1-score: 0.67,
(Epoch 11), time: 13.4s, loss: 0.483
    Training Set - accuracy: 0.84, precision: 0.84, recall: 0.85, f1-score: 0.84,
    Validation Set - accuracy: 0.78, precision: 0.79, recall: 0.76, f1-score: 0.76,
(Epoch 12), time: 13.4s, loss: 0.464
    Training Set - accuracy: 0.84, precision: 0.84, recall: 0.84, f1-score: 0.84,
    Validation Set - accuracy: 0.70, precision: 0.71, recall: 0.68, f1-score: 0.68,
(Epoch 13), time: 13.3s, loss: 0.413
    Training Set - accuracy: 0.89, precision: 0.89, recall: 0.90, f1-score: 0.89,
    Validation Set - accuracy: 0.60, precision: 0.60, recall: 0.60, f1-score: 0.60,
(Epoch 14), time: 13.4s, loss: 0.387
    Training Set - accuracy: 0.89, precision: 0.89, recall: 0.90, f1-score: 0.89,
Confusion Matrix:
[[10  8]
 [ 5 17]]
    Validation Set - accuracy: 0.68, precision: 0.67, recall: 0.66, f1-score: 0.66,
Fold 5 (val 169 - 210)
(Epoch 0), time: 13.3s, loss: 0.697
    Training Set - accuracy: 0.52, precision: 0.41, recall: 0.45, f1-score: 0.40,
    Validation Set - accuracy: 0.33, precision: 0.17, recall: 0.46, f1-score: 0.25,
(Epoch 1), time: 13.4s, loss: 0.691
    Training Set - accuracy: 0.59, precision: 0.30, recall: 0.50, f1-score: 0.37,
    Validation Set - accuracy: 0.38, precision: 0.68, recall: 0.52, f1-score: 0.30,
(Epoch 2), time: 13.4s, loss: 0.688
    Training Set - accuracy: 0.59, precision: 0.30, recall: 0.50, f1-score: 0.37,
    Validation Set - accuracy: 0.40, precision: 0.68, recall: 0.54, f1-score: 0.34,
(Epoch 3), time: 13.5s, loss: 0.693
    Training Set - accuracy: 0.61, precision: 0.80, recall: 0.51, f1-score: 0.40,
    Validation Set - accuracy: 0.38, precision: 0.68, recall: 0.52, f1-score: 0.30,
(Epoch 4), time: 13.3s, loss: 0.686
    Training Set - accuracy: 0.60, precision: 0.80, recall: 0.51, f1-score: 0.39,
    Validation Set - accuracy: 0.38, precision: 0.68, recall: 0.52, f1-score: 0.30,
(Epoch 5), time: 13.4s, loss: 0.681
    Training Set - accuracy: 0.59, precision: 0.30, recall: 0.49, f1-score: 0.37,
    Validation Set - accuracy: 0.42, precision: 0.69, recall: 0.56, f1-score: 0.38,
(Epoch 6), time: 13.4s, loss: 0.664
    Training Set - accuracy: 0.62, precision: 0.64, recall: 0.54, f1-score: 0.48,
    Validation Set - accuracy: 0.62, precision: 0.63, recall: 0.65, f1-score: 0.62,
(Epoch 7), time: 13.4s, loss: 0.647
    Training Set - accuracy: 0.68, precision: 0.72, recall: 0.63, f1-score: 0.61,
    Validation Set - accuracy: 0.78, precision: 0.76, recall: 0.73, f1-score: 0.74,
(Epoch 8), time: 13.3s, loss: 0.615
    Training Set - accuracy: 0.75, precision: 0.74, recall: 0.72, f1-score: 0.72,
    Validation Set - accuracy: 0.75, precision: 0.86, recall: 0.64, f1-score: 0.64,
(Epoch 9), time: 13.4s, loss: 0.581
    Training Set - accuracy: 0.78, precision: 0.77, recall: 0.77, f1-score: 0.77,
    Validation Set - accuracy: 0.80, precision: 0.88, recall: 0.71, f1-score: 0.73,
(Epoch 10), time: 13.4s, loss: 0.570
    Training Set - accuracy: 0.78, precision: 0.78, recall: 0.79, f1-score: 0.78,
    Validation Set - accuracy: 0.72, precision: 0.70, recall: 0.67, f1-score: 0.68,
(Epoch 11), time: 13.4s, loss: 0.536
    Training Set - accuracy: 0.79, precision: 0.79, recall: 0.80, f1-score: 0.79,
    Validation Set - accuracy: 0.75, precision: 0.75, recall: 0.68, f1-score: 0.69,
(Epoch 12), time: 13.3s, loss: 0.484
    Training Set - accuracy: 0.83, precision: 0.83, recall: 0.84, f1-score: 0.83,
    Validation Set - accuracy: 0.75, precision: 0.73, recall: 0.71, f1-score: 0.72,
(Epoch 13), time: 13.4s, loss: 0.432
    Training Set - accuracy: 0.87, precision: 0.87, recall: 0.88, f1-score: 0.87,
    Validation Set - accuracy: 0.75, precision: 0.73, recall: 0.69, f1-score: 0.70,
(Epoch 14), time: 13.3s, loss: 0.397
    Training Set - accuracy: 0.86, precision: 0.86, recall: 0.87, f1-score: 0.86,
Confusion Matrix:
[[ 7  7]
 [ 5 21]]
    Validation Set - accuracy: 0.70, precision: 0.67, recall: 0.65, f1-score: 0.66,
