Fold 1 (val 0 - 42)
(Epoch 0), time: 5.8s, loss: 0.704
    Training Set - accuracy: 0.53, precision: 0.27, recall: 0.50, f1-score: 0.35,
    Validation Set - accuracy: 0.17, precision: 0.09, recall: 0.50, f1-score: 0.15,
(Epoch 1), time: 5.8s, loss: 0.695
    Training Set - accuracy: 0.53, precision: 0.27, recall: 0.50, f1-score: 0.35,
    Validation Set - accuracy: 0.17, precision: 0.09, recall: 0.50, f1-score: 0.15,
(Epoch 2), time: 5.9s, loss: 0.695
    Training Set - accuracy: 0.53, precision: 0.27, recall: 0.50, f1-score: 0.35,
    Validation Set - accuracy: 0.17, precision: 0.09, recall: 0.50, f1-score: 0.15,
(Epoch 3), time: 5.9s, loss: 0.697
    Training Set - accuracy: 0.53, precision: 0.27, recall: 0.50, f1-score: 0.35,
    Validation Set - accuracy: 0.17, precision: 0.09, recall: 0.50, f1-score: 0.15,
(Epoch 4), time: 5.9s, loss: 0.696
    Training Set - accuracy: 0.53, precision: 0.27, recall: 0.50, f1-score: 0.35,
    Validation Set - accuracy: 0.17, precision: 0.09, recall: 0.50, f1-score: 0.15,
(Epoch 5), time: 5.9s, loss: 0.695
    Training Set - accuracy: 0.53, precision: 0.27, recall: 0.50, f1-score: 0.35,
    Validation Set - accuracy: 0.17, precision: 0.09, recall: 0.50, f1-score: 0.15,
(Epoch 6), time: 5.9s, loss: 0.694
    Training Set - accuracy: 0.53, precision: 0.27, recall: 0.50, f1-score: 0.35,
    Validation Set - accuracy: 0.17, precision: 0.09, recall: 0.50, f1-score: 0.15,
(Epoch 7), time: 5.9s, loss: 0.693
    Training Set - accuracy: 0.53, precision: 0.27, recall: 0.50, f1-score: 0.35,
    Validation Set - accuracy: 0.17, precision: 0.09, recall: 0.50, f1-score: 0.15,
(Epoch 8), time: 5.9s, loss: 0.691
    Training Set - accuracy: 0.53, precision: 0.27, recall: 0.50, f1-score: 0.35,
    Validation Set - accuracy: 0.17, precision: 0.09, recall: 0.50, f1-score: 0.15,
(Epoch 9), time: 6.0s, loss: 0.690
    Training Set - accuracy: 0.53, precision: 0.27, recall: 0.50, f1-score: 0.35,
    Validation Set - accuracy: 0.17, precision: 0.09, recall: 0.50, f1-score: 0.15,
(Epoch 10), time: 6.0s, loss: 0.685
    Training Set - accuracy: 0.53, precision: 0.27, recall: 0.50, f1-score: 0.35,
    Validation Set - accuracy: 0.17, precision: 0.09, recall: 0.50, f1-score: 0.15,
(Epoch 11), time: 6.0s, loss: 0.684
    Training Set - accuracy: 0.53, precision: 0.27, recall: 0.50, f1-score: 0.35,
    Validation Set - accuracy: 0.17, precision: 0.09, recall: 0.50, f1-score: 0.15,
(Epoch 12), time: 6.0s, loss: 0.682
    Training Set - accuracy: 0.53, precision: 0.27, recall: 0.50, f1-score: 0.35,
    Validation Set - accuracy: 0.17, precision: 0.09, recall: 0.50, f1-score: 0.15,
(Epoch 13), time: 5.9s, loss: 0.672
    Training Set - accuracy: 0.53, precision: 0.27, recall: 0.50, f1-score: 0.35,
    Validation Set - accuracy: 0.17, precision: 0.09, recall: 0.50, f1-score: 0.15,
(Epoch 14), time: 6.0s, loss: 0.663
    Training Set - accuracy: 0.53, precision: 0.27, recall: 0.50, f1-score: 0.35,
    Validation Set - accuracy: 0.17, precision: 0.09, recall: 0.50, f1-score: 0.15,
(Epoch 15), time: 6.0s, loss: 0.640
    Training Set - accuracy: 0.60, precision: 0.70, recall: 0.58, f1-score: 0.51,
    Validation Set - accuracy: 0.38, precision: 0.55, recall: 0.56, f1-score: 0.37,
(Epoch 16), time: 6.0s, loss: 0.607
    Training Set - accuracy: 0.76, precision: 0.81, recall: 0.74, f1-score: 0.74,
    Validation Set - accuracy: 0.40, precision: 0.52, recall: 0.52, f1-score: 0.39,
(Epoch 17), time: 6.0s, loss: 0.575
    Training Set - accuracy: 0.75, precision: 0.77, recall: 0.74, f1-score: 0.74,
    Validation Set - accuracy: 0.53, precision: 0.56, recall: 0.60, f1-score: 0.49,
(Epoch 18), time: 6.0s, loss: 0.508
    Training Set - accuracy: 0.82, precision: 0.84, recall: 0.81, f1-score: 0.81,
    Validation Set - accuracy: 0.65, precision: 0.57, recall: 0.62, f1-score: 0.56,
(Epoch 19), time: 6.0s, loss: 0.449
    Training Set - accuracy: 0.87, precision: 0.88, recall: 0.86, f1-score: 0.87,
Confusion Matrix:
[[22 11]
 [ 3  4]]
    Validation Set - accuracy: 0.65, precision: 0.57, recall: 0.62, f1-score: 0.56,
Fold 2 (val 43 - 84)
(Epoch 0), time: 5.9s, loss: 0.712
    Training Set - accuracy: 0.49, precision: 0.24, recall: 0.50, f1-score: 0.33,
    Validation Set - accuracy: 0.30, precision: 0.15, recall: 0.50, f1-score: 0.23,
(Epoch 1), time: 5.7s, loss: 0.709
    Training Set - accuracy: 0.49, precision: 0.24, recall: 0.50, f1-score: 0.33,
    Validation Set - accuracy: 0.30, precision: 0.15, recall: 0.50, f1-score: 0.23,
(Epoch 2), time: 5.8s, loss: 0.706
    Training Set - accuracy: 0.49, precision: 0.24, recall: 0.50, f1-score: 0.33,
    Validation Set - accuracy: 0.30, precision: 0.15, recall: 0.50, f1-score: 0.23,
(Epoch 3), time: 5.8s, loss: 0.704
    Training Set - accuracy: 0.49, precision: 0.24, recall: 0.50, f1-score: 0.33,
    Validation Set - accuracy: 0.30, precision: 0.15, recall: 0.50, f1-score: 0.23,
(Epoch 4), time: 5.8s, loss: 0.699
    Training Set - accuracy: 0.48, precision: 0.24, recall: 0.49, f1-score: 0.32,
    Validation Set - accuracy: 0.30, precision: 0.15, recall: 0.50, f1-score: 0.23,
(Epoch 5), time: 5.8s, loss: 0.688
    Training Set - accuracy: 0.52, precision: 0.64, recall: 0.53, f1-score: 0.41,
    Validation Set - accuracy: 0.45, precision: 0.61, recall: 0.58, f1-score: 0.44,
(Epoch 6), time: 5.8s, loss: 0.665
    Training Set - accuracy: 0.65, precision: 0.68, recall: 0.66, f1-score: 0.64,
    Validation Set - accuracy: 0.45, precision: 0.49, recall: 0.49, f1-score: 0.44,
(Epoch 7), time: 5.8s, loss: 0.652
    Training Set - accuracy: 0.67, precision: 0.67, recall: 0.67, f1-score: 0.67,
    Validation Set - accuracy: 0.45, precision: 0.51, recall: 0.51, f1-score: 0.45,
(Epoch 8), time: 5.8s, loss: 0.638
    Training Set - accuracy: 0.72, precision: 0.73, recall: 0.73, f1-score: 0.72,
    Validation Set - accuracy: 0.45, precision: 0.45, recall: 0.44, f1-score: 0.43,
(Epoch 9), time: 5.8s, loss: 0.619
    Training Set - accuracy: 0.75, precision: 0.75, recall: 0.75, f1-score: 0.75,
    Validation Set - accuracy: 0.42, precision: 0.49, recall: 0.49, f1-score: 0.42,
(Epoch 10), time: 5.8s, loss: 0.605
    Training Set - accuracy: 0.78, precision: 0.78, recall: 0.78, f1-score: 0.77,
    Validation Set - accuracy: 0.47, precision: 0.48, recall: 0.48, f1-score: 0.46,
(Epoch 11), time: 5.8s, loss: 0.586
    Training Set - accuracy: 0.78, precision: 0.79, recall: 0.78, f1-score: 0.78,
    Validation Set - accuracy: 0.57, precision: 0.61, recall: 0.62, f1-score: 0.57,
(Epoch 12), time: 5.8s, loss: 0.574
    Training Set - accuracy: 0.79, precision: 0.79, recall: 0.79, f1-score: 0.79,
    Validation Set - accuracy: 0.45, precision: 0.47, recall: 0.46, f1-score: 0.44,
(Epoch 13), time: 5.8s, loss: 0.562
    Training Set - accuracy: 0.81, precision: 0.81, recall: 0.81, f1-score: 0.81,
    Validation Set - accuracy: 0.50, precision: 0.54, recall: 0.55, f1-score: 0.49,
(Epoch 14), time: 5.8s, loss: 0.540
    Training Set - accuracy: 0.84, precision: 0.84, recall: 0.84, f1-score: 0.84,
    Validation Set - accuracy: 0.57, precision: 0.61, recall: 0.62, f1-score: 0.57,
(Epoch 15), time: 5.8s, loss: 0.505
    Training Set - accuracy: 0.86, precision: 0.87, recall: 0.86, f1-score: 0.86,
    Validation Set - accuracy: 0.55, precision: 0.53, recall: 0.54, f1-score: 0.52,
(Epoch 16), time: 5.8s, loss: 0.492
    Training Set - accuracy: 0.87, precision: 0.88, recall: 0.87, f1-score: 0.87,
Confusion Matrix:
[[14 14]
 [ 3  9]]
    Validation Set - accuracy: 0.57, precision: 0.61, recall: 0.62, f1-score: 0.57,
Fold 3 (val 85 - 126)
(Epoch 0), time: 6.0s, loss: 0.700
    Training Set - accuracy: 0.59, precision: 0.30, recall: 0.50, f1-score: 0.37,
    Validation Set - accuracy: 0.38, precision: 0.19, recall: 0.50, f1-score: 0.27,
(Epoch 1), time: 6.0s, loss: 0.699
    Training Set - accuracy: 0.59, precision: 0.30, recall: 0.50, f1-score: 0.37,
    Validation Set - accuracy: 0.38, precision: 0.19, recall: 0.50, f1-score: 0.27,
(Epoch 2), time: 6.0s, loss: 0.699
    Training Set - accuracy: 0.59, precision: 0.30, recall: 0.50, f1-score: 0.37,
    Validation Set - accuracy: 0.38, precision: 0.19, recall: 0.50, f1-score: 0.27,
(Epoch 3), time: 6.0s, loss: 0.697
    Training Set - accuracy: 0.59, precision: 0.30, recall: 0.50, f1-score: 0.37,
    Validation Set - accuracy: 0.38, precision: 0.19, recall: 0.50, f1-score: 0.27,
(Epoch 4), time: 6.0s, loss: 0.699
    Training Set - accuracy: 0.59, precision: 0.30, recall: 0.50, f1-score: 0.37,
    Validation Set - accuracy: 0.38, precision: 0.19, recall: 0.50, f1-score: 0.27,
(Epoch 5), time: 6.0s, loss: 0.700
    Training Set - accuracy: 0.59, precision: 0.30, recall: 0.50, f1-score: 0.37,
    Validation Set - accuracy: 0.38, precision: 0.19, recall: 0.50, f1-score: 0.27,
(Epoch 6), time: 6.0s, loss: 0.697
    Training Set - accuracy: 0.59, precision: 0.30, recall: 0.50, f1-score: 0.37,
    Validation Set - accuracy: 0.38, precision: 0.19, recall: 0.50, f1-score: 0.27,
(Epoch 7), time: 6.0s, loss: 0.695
    Training Set - accuracy: 0.59, precision: 0.30, recall: 0.50, f1-score: 0.37,
    Validation Set - accuracy: 0.38, precision: 0.19, recall: 0.50, f1-score: 0.27,
(Epoch 8), time: 6.0s, loss: 0.693
    Training Set - accuracy: 0.59, precision: 0.30, recall: 0.50, f1-score: 0.37,
    Validation Set - accuracy: 0.38, precision: 0.19, recall: 0.50, f1-score: 0.27,
(Epoch 9), time: 6.0s, loss: 0.693
    Training Set - accuracy: 0.59, precision: 0.30, recall: 0.50, f1-score: 0.37,
    Validation Set - accuracy: 0.38, precision: 0.19, recall: 0.50, f1-score: 0.27,
(Epoch 10), time: 6.0s, loss: 0.689
    Training Set - accuracy: 0.59, precision: 0.30, recall: 0.50, f1-score: 0.37,
    Validation Set - accuracy: 0.38, precision: 0.19, recall: 0.50, f1-score: 0.27,
(Epoch 11), time: 6.0s, loss: 0.680
    Training Set - accuracy: 0.59, precision: 0.55, recall: 0.50, f1-score: 0.39,
    Validation Set - accuracy: 0.38, precision: 0.19, recall: 0.50, f1-score: 0.27,
(Epoch 12), time: 6.0s, loss: 0.667
    Training Set - accuracy: 0.63, precision: 0.62, recall: 0.57, f1-score: 0.55,
    Validation Set - accuracy: 0.65, precision: 0.63, recall: 0.63, f1-score: 0.63,
(Epoch 13), time: 6.0s, loss: 0.655
    Training Set - accuracy: 0.64, precision: 0.64, recall: 0.64, f1-score: 0.63,
    Validation Set - accuracy: 0.65, precision: 0.62, recall: 0.61, f1-score: 0.62,
(Epoch 14), time: 6.0s, loss: 0.635
    Training Set - accuracy: 0.67, precision: 0.67, recall: 0.67, f1-score: 0.66,
    Validation Set - accuracy: 0.65, precision: 0.62, recall: 0.60, f1-score: 0.60,
(Epoch 15), time: 6.0s, loss: 0.630
    Training Set - accuracy: 0.70, precision: 0.72, recall: 0.72, f1-score: 0.70,
    Validation Set - accuracy: 0.60, precision: 0.57, recall: 0.57, f1-score: 0.57,
(Epoch 16), time: 6.0s, loss: 0.598
    Training Set - accuracy: 0.76, precision: 0.75, recall: 0.76, f1-score: 0.75,
    Validation Set - accuracy: 0.62, precision: 0.58, recall: 0.55, f1-score: 0.54,
(Epoch 17), time: 6.0s, loss: 0.578
    Training Set - accuracy: 0.77, precision: 0.78, recall: 0.79, f1-score: 0.77,
    Validation Set - accuracy: 0.68, precision: 0.65, recall: 0.65, f1-score: 0.65,
(Epoch 18), time: 6.0s, loss: 0.551
    Training Set - accuracy: 0.81, precision: 0.81, recall: 0.82, f1-score: 0.81,
    Validation Set - accuracy: 0.60, precision: 0.55, recall: 0.55, f1-score: 0.54,
(Epoch 19), time: 6.0s, loss: 0.510
    Training Set - accuracy: 0.82, precision: 0.83, recall: 0.84, f1-score: 0.82,
    Validation Set - accuracy: 0.68, precision: 0.65, recall: 0.63, f1-score: 0.64,
(Epoch 20), time: 6.0s, loss: 0.475
    Training Set - accuracy: 0.86, precision: 0.86, recall: 0.87, f1-score: 0.85,
Confusion Matrix:
[[ 5 10]
 [ 6 19]]
    Validation Set - accuracy: 0.60, precision: 0.55, recall: 0.55, f1-score: 0.54,
Fold 4 (val 127 - 168)
(Epoch 0), time: 6.0s, loss: 0.705
    Training Set - accuracy: 0.42, precision: 0.21, recall: 0.49, f1-score: 0.30,
    Validation Set - accuracy: 0.55, precision: 0.28, recall: 0.50, f1-score: 0.35,
(Epoch 1), time: 6.0s, loss: 0.696
    Training Set - accuracy: 0.42, precision: 0.38, recall: 0.49, f1-score: 0.30,
    Validation Set - accuracy: 0.60, precision: 0.79, recall: 0.56, f1-score: 0.47,
(Epoch 2), time: 6.0s, loss: 0.695
    Training Set - accuracy: 0.42, precision: 0.46, recall: 0.49, f1-score: 0.35,
    Validation Set - accuracy: 0.55, precision: 0.53, recall: 0.51, f1-score: 0.40,
(Epoch 3), time: 6.0s, loss: 0.693
    Training Set - accuracy: 0.49, precision: 0.60, recall: 0.54, f1-score: 0.44,
    Validation Set - accuracy: 0.55, precision: 0.53, recall: 0.52, f1-score: 0.46,
(Epoch 4), time: 6.0s, loss: 0.693
    Training Set - accuracy: 0.58, precision: 0.60, recall: 0.60, f1-score: 0.58,
    Validation Set - accuracy: 0.53, precision: 0.52, recall: 0.52, f1-score: 0.52,
(Epoch 5), time: 6.0s, loss: 0.694
    Training Set - accuracy: 0.59, precision: 0.57, recall: 0.57, f1-score: 0.57,
    Validation Set - accuracy: 0.65, precision: 0.67, recall: 0.66, f1-score: 0.65,
(Epoch 6), time: 6.0s, loss: 0.689
    Training Set - accuracy: 0.64, precision: 0.64, recall: 0.61, f1-score: 0.61,
    Validation Set - accuracy: 0.53, precision: 0.56, recall: 0.55, f1-score: 0.51,
(Epoch 7), time: 6.0s, loss: 0.688
    Training Set - accuracy: 0.58, precision: 0.56, recall: 0.52, f1-score: 0.46,
    Validation Set - accuracy: 0.45, precision: 0.47, recall: 0.49, f1-score: 0.35,
(Epoch 8), time: 6.0s, loss: 0.683
    Training Set - accuracy: 0.58, precision: 0.59, recall: 0.51, f1-score: 0.41,
    Validation Set - accuracy: 0.45, precision: 0.23, recall: 0.50, f1-score: 0.31,
(Epoch 9), time: 6.0s, loss: 0.673
    Training Set - accuracy: 0.59, precision: 0.63, recall: 0.52, f1-score: 0.42,
    Validation Set - accuracy: 0.47, precision: 0.73, recall: 0.52, f1-score: 0.36,
(Epoch 10), time: 6.0s, loss: 0.664
    Training Set - accuracy: 0.62, precision: 0.70, recall: 0.56, f1-score: 0.51,
    Validation Set - accuracy: 0.53, precision: 0.64, recall: 0.56, f1-score: 0.47,
(Epoch 11), time: 6.0s, loss: 0.638
    Training Set - accuracy: 0.71, precision: 0.74, recall: 0.68, f1-score: 0.68,
    Validation Set - accuracy: 0.55, precision: 0.57, recall: 0.57, f1-score: 0.55,
(Epoch 12), time: 6.0s, loss: 0.614
    Training Set - accuracy: 0.71, precision: 0.72, recall: 0.68, f1-score: 0.68,
    Validation Set - accuracy: 0.53, precision: 0.56, recall: 0.55, f1-score: 0.51,
(Epoch 13), time: 6.0s, loss: 0.592
    Training Set - accuracy: 0.71, precision: 0.71, recall: 0.68, f1-score: 0.69,
    Validation Set - accuracy: 0.75, precision: 0.75, recall: 0.75, f1-score: 0.75,
(Epoch 14), time: 6.0s, loss: 0.560
    Training Set - accuracy: 0.74, precision: 0.74, recall: 0.73, f1-score: 0.74,
    Validation Set - accuracy: 0.65, precision: 0.65, recall: 0.64, f1-score: 0.64,
(Epoch 15), time: 6.0s, loss: 0.527
    Training Set - accuracy: 0.75, precision: 0.74, recall: 0.74, f1-score: 0.74,
    Validation Set - accuracy: 0.70, precision: 0.70, recall: 0.70, f1-score: 0.70,
(Epoch 16), time: 6.0s, loss: 0.507
    Training Set - accuracy: 0.82, precision: 0.82, recall: 0.82, f1-score: 0.82,
    Validation Set - accuracy: 0.65, precision: 0.65, recall: 0.65, f1-score: 0.65,
(Epoch 17), time: 6.0s, loss: 0.492
    Training Set - accuracy: 0.81, precision: 0.81, recall: 0.82, f1-score: 0.81,
Confusion Matrix:
[[12  6]
 [ 8 14]]
    Validation Set - accuracy: 0.65, precision: 0.65, recall: 0.65, f1-score: 0.65,
Fold 5 (val 169 - 210)
(Epoch 0), time: 6.0s, loss: 0.715
    Training Set - accuracy: 0.40, precision: 0.20, recall: 0.50, f1-score: 0.29,
    Validation Set - accuracy: 0.65, precision: 0.33, recall: 0.50, f1-score: 0.39,
(Epoch 1), time: 6.0s, loss: 0.708
    Training Set - accuracy: 0.40, precision: 0.20, recall: 0.50, f1-score: 0.29,
    Validation Set - accuracy: 0.65, precision: 0.33, recall: 0.50, f1-score: 0.39,
(Epoch 2), time: 6.0s, loss: 0.704
    Training Set - accuracy: 0.41, precision: 0.70, recall: 0.51, f1-score: 0.30,
    Validation Set - accuracy: 0.65, precision: 0.33, recall: 0.50, f1-score: 0.39,
(Epoch 3), time: 6.0s, loss: 0.703
    Training Set - accuracy: 0.40, precision: 0.45, recall: 0.50, f1-score: 0.29,
    Validation Set - accuracy: 0.68, precision: 0.83, recall: 0.54, f1-score: 0.47,
(Epoch 4), time: 6.0s, loss: 0.701
    Training Set - accuracy: 0.37, precision: 0.34, recall: 0.45, f1-score: 0.30,
    Validation Set - accuracy: 0.70, precision: 0.84, recall: 0.57, f1-score: 0.53,
(Epoch 5), time: 6.0s, loss: 0.692
    Training Set - accuracy: 0.49, precision: 0.65, recall: 0.57, f1-score: 0.45,
    Validation Set - accuracy: 0.62, precision: 0.49, recall: 0.50, f1-score: 0.44,
(Epoch 6), time: 6.0s, loss: 0.678
    Training Set - accuracy: 0.62, precision: 0.67, recall: 0.66, f1-score: 0.62,
    Validation Set - accuracy: 0.65, precision: 0.60, recall: 0.58, f1-score: 0.58,
(Epoch 7), time: 6.0s, loss: 0.676
    Training Set - accuracy: 0.61, precision: 0.59, recall: 0.58, f1-score: 0.58,
    Validation Set - accuracy: 0.55, precision: 0.49, recall: 0.49, f1-score: 0.49,
(Epoch 8), time: 6.0s, loss: 0.655
    Training Set - accuracy: 0.68, precision: 0.67, recall: 0.67, f1-score: 0.67,
    Validation Set - accuracy: 0.62, precision: 0.56, recall: 0.55, f1-score: 0.54,
(Epoch 9), time: 6.0s, loss: 0.643
    Training Set - accuracy: 0.71, precision: 0.69, recall: 0.68, f1-score: 0.69,
    Validation Set - accuracy: 0.62, precision: 0.58, recall: 0.58, f1-score: 0.58,
(Epoch 10), time: 6.0s, loss: 0.635
    Training Set - accuracy: 0.71, precision: 0.69, recall: 0.69, f1-score: 0.69,
    Validation Set - accuracy: 0.68, precision: 0.66, recall: 0.67, f1-score: 0.66,
(Epoch 11), time: 6.0s, loss: 0.611
    Training Set - accuracy: 0.71, precision: 0.69, recall: 0.69, f1-score: 0.69,
    Validation Set - accuracy: 0.72, precision: 0.70, recall: 0.69, f1-score: 0.69,
(Epoch 12), time: 6.0s, loss: 0.596
    Training Set - accuracy: 0.74, precision: 0.73, recall: 0.74, f1-score: 0.73,
    Validation Set - accuracy: 0.72, precision: 0.70, recall: 0.67, f1-score: 0.68,
(Epoch 13), time: 6.0s, loss: 0.568
    Training Set - accuracy: 0.76, precision: 0.75, recall: 0.76, f1-score: 0.75,
    Validation Set - accuracy: 0.70, precision: 0.67, recall: 0.64, f1-score: 0.64,
(Epoch 14), time: 6.0s, loss: 0.553
    Training Set - accuracy: 0.78, precision: 0.77, recall: 0.77, f1-score: 0.77,
    Validation Set - accuracy: 0.65, precision: 0.61, recall: 0.60, f1-score: 0.60,
(Epoch 15), time: 6.0s, loss: 0.527
    Training Set - accuracy: 0.84, precision: 0.84, recall: 0.85, f1-score: 0.84,
    Validation Set - accuracy: 0.57, precision: 0.55, recall: 0.56, f1-score: 0.55,
(Epoch 16), time: 6.0s, loss: 0.510
    Training Set - accuracy: 0.84, precision: 0.84, recall: 0.85, f1-score: 0.84,
    Validation Set - accuracy: 0.55, precision: 0.51, recall: 0.51, f1-score: 0.51,
(Epoch 17), time: 6.0s, loss: 0.472
    Training Set - accuracy: 0.86, precision: 0.85, recall: 0.87, f1-score: 0.85,
Confusion Matrix:
[[ 9  5]
 [ 9 17]]
    Validation Set - accuracy: 0.65, precision: 0.64, recall: 0.65, f1-score: 0.64,
