Fold 1 (val 0 - 42)
(Epoch 0), time: 5.8s, loss: 1.107
    Training Set - accuracy: 0.18, precision: 0.06, recall: 0.33, f1-score: 0.10,
    Validation Set - accuracy: 0.05, precision: 0.02, recall: 0.33, f1-score: 0.03,
(Epoch 1), time: 5.8s, loss: 1.105
    Training Set - accuracy: 0.18, precision: 0.06, recall: 0.33, f1-score: 0.10,
    Validation Set - accuracy: 0.05, precision: 0.02, recall: 0.33, f1-score: 0.03,
(Epoch 2), time: 5.8s, loss: 1.106
    Training Set - accuracy: 0.18, precision: 0.06, recall: 0.33, f1-score: 0.10,
    Validation Set - accuracy: 0.05, precision: 0.02, recall: 0.33, f1-score: 0.03,
(Epoch 3), time: 5.8s, loss: 1.104
    Training Set - accuracy: 0.18, precision: 0.06, recall: 0.33, f1-score: 0.10,
    Validation Set - accuracy: 0.05, precision: 0.02, recall: 0.33, f1-score: 0.03,
(Epoch 4), time: 5.8s, loss: 1.102
    Training Set - accuracy: 0.25, precision: 0.24, recall: 0.37, f1-score: 0.20,
    Validation Set - accuracy: 0.12, precision: 0.22, recall: 0.36, f1-score: 0.09,
(Epoch 5), time: 5.8s, loss: 1.105
    Training Set - accuracy: 0.33, precision: 0.32, recall: 0.43, f1-score: 0.27,
    Validation Set - accuracy: 0.20, precision: 0.31, recall: 0.39, f1-score: 0.14,
(Epoch 6), time: 5.8s, loss: 1.103
    Training Set - accuracy: 0.34, precision: 0.30, recall: 0.42, f1-score: 0.28,
    Validation Set - accuracy: 0.33, precision: 0.27, recall: 0.44, f1-score: 0.20,
(Epoch 7), time: 5.8s, loss: 1.105
    Training Set - accuracy: 0.38, precision: 0.27, recall: 0.42, f1-score: 0.30,
    Validation Set - accuracy: 0.42, precision: 0.31, recall: 0.48, f1-score: 0.25,
(Epoch 8), time: 5.8s, loss: 1.103
    Training Set - accuracy: 0.42, precision: 0.29, recall: 0.46, f1-score: 0.33,
    Validation Set - accuracy: 0.45, precision: 0.33, recall: 0.49, f1-score: 0.26,
(Epoch 9), time: 5.8s, loss: 1.102
    Training Set - accuracy: 0.41, precision: 0.27, recall: 0.43, f1-score: 0.32,
    Validation Set - accuracy: 0.53, precision: 0.32, recall: 0.53, f1-score: 0.30,
(Epoch 10), time: 5.8s, loss: 1.101
    Training Set - accuracy: 0.41, precision: 0.29, recall: 0.44, f1-score: 0.32,
    Validation Set - accuracy: 0.40, precision: 0.32, recall: 0.47, f1-score: 0.24,
(Epoch 11), time: 5.8s, loss: 1.099
    Training Set - accuracy: 0.45, precision: 0.31, recall: 0.49, f1-score: 0.35,
    Validation Set - accuracy: 0.40, precision: 0.32, recall: 0.47, f1-score: 0.24,
(Epoch 12), time: 5.8s, loss: 1.098
    Training Set - accuracy: 0.42, precision: 0.29, recall: 0.46, f1-score: 0.33,
    Validation Set - accuracy: 0.45, precision: 0.33, recall: 0.49, f1-score: 0.26,
(Epoch 13), time: 5.8s, loss: 1.098
    Training Set - accuracy: 0.44, precision: 0.32, recall: 0.50, f1-score: 0.35,
    Validation Set - accuracy: 0.55, precision: 0.33, recall: 0.54, f1-score: 0.31,
(Epoch 14), time: 5.8s, loss: 1.096
    Training Set - accuracy: 0.47, precision: 0.32, recall: 0.51, f1-score: 0.37,
    Validation Set - accuracy: 0.47, precision: 0.35, recall: 0.51, f1-score: 0.28,
(Epoch 15), time: 5.8s, loss: 1.089
    Training Set - accuracy: 0.42, precision: 0.31, recall: 0.48, f1-score: 0.34,
    Validation Set - accuracy: 0.50, precision: 0.33, recall: 0.52, f1-score: 0.29,
(Epoch 16), time: 5.8s, loss: 1.077
    Training Set - accuracy: 0.47, precision: 0.30, recall: 0.48, f1-score: 0.36,
    Validation Set - accuracy: 0.53, precision: 0.49, recall: 0.58, f1-score: 0.39,
(Epoch 17), time: 5.8s, loss: 1.067
    Training Set - accuracy: 0.53, precision: 0.50, recall: 0.53, f1-score: 0.48,
    Validation Set - accuracy: 0.50, precision: 0.41, recall: 0.57, f1-score: 0.36,
(Epoch 18), time: 5.8s, loss: 1.041
    Training Set - accuracy: 0.61, precision: 0.61, recall: 0.63, f1-score: 0.59,
    Validation Set - accuracy: 0.57, precision: 0.41, recall: 0.50, f1-score: 0.40,
(Epoch 19), time: 5.8s, loss: 1.015
    Training Set - accuracy: 0.64, precision: 0.63, recall: 0.67, f1-score: 0.63,
    Validation Set - accuracy: 0.60, precision: 0.42, recall: 0.51, f1-score: 0.41,
(Epoch 20), time: 5.8s, loss: 0.967
    Training Set - accuracy: 0.59, precision: 0.58, recall: 0.62, f1-score: 0.56,
    Validation Set - accuracy: 0.57, precision: 0.38, recall: 0.45, f1-score: 0.36,
(Epoch 21), time: 5.8s, loss: 0.941
    Training Set - accuracy: 0.64, precision: 0.62, recall: 0.65, f1-score: 0.62,
    Validation Set - accuracy: 0.55, precision: 0.38, recall: 0.44, f1-score: 0.35,
(Epoch 22), time: 5.8s, loss: 0.885
    Training Set - accuracy: 0.72, precision: 0.71, recall: 0.73, f1-score: 0.71,
    Validation Set - accuracy: 0.45, precision: 0.36, recall: 0.39, f1-score: 0.30,
(Epoch 23), time: 5.8s, loss: 0.837
    Training Set - accuracy: 0.74, precision: 0.73, recall: 0.77, f1-score: 0.75,
    Validation Set - accuracy: 0.45, precision: 0.38, recall: 0.45, f1-score: 0.33,
(Epoch 24), time: 5.8s, loss: 0.818
    Training Set - accuracy: 0.69, precision: 0.69, recall: 0.72, f1-score: 0.70,
    Validation Set - accuracy: 0.50, precision: 0.39, recall: 0.47, f1-score: 0.36,
(Epoch 25), time: 5.8s, loss: 0.821
    Training Set - accuracy: 0.64, precision: 0.67, recall: 0.67, f1-score: 0.65,
    Validation Set - accuracy: 0.62, precision: 0.37, recall: 0.42, f1-score: 0.36,
(Epoch 26), time: 5.8s, loss: 0.802
    Training Set - accuracy: 0.68, precision: 0.69, recall: 0.73, f1-score: 0.68,
    Validation Set - accuracy: 0.62, precision: 0.53, recall: 0.58, f1-score: 0.52,
(Epoch 27), time: 5.8s, loss: 0.733
    Training Set - accuracy: 0.74, precision: 0.81, recall: 0.77, f1-score: 0.78,
    Validation Set - accuracy: 0.38, precision: 0.36, recall: 0.42, f1-score: 0.29,
(Epoch 28), time: 5.8s, loss: 0.672
    Training Set - accuracy: 0.79, precision: 0.82, recall: 0.83, f1-score: 0.81,
    Validation Set - accuracy: 0.55, precision: 0.37, recall: 0.39, f1-score: 0.33,
(Epoch 29), time: 5.8s, loss: 0.626
    Training Set - accuracy: 0.82, precision: 0.87, recall: 0.86, f1-score: 0.85,
    Validation Set - accuracy: 0.53, precision: 0.46, recall: 0.54, f1-score: 0.44,
(Epoch 30), time: 5.8s, loss: 0.594
    Training Set - accuracy: 0.83, precision: 0.88, recall: 0.87, f1-score: 0.86,
    Validation Set - accuracy: 0.50, precision: 0.36, recall: 0.37, f1-score: 0.31,
(Epoch 31), time: 5.8s, loss: 0.558
    Training Set - accuracy: 0.84, precision: 0.89, recall: 0.88, f1-score: 0.87,
    Validation Set - accuracy: 0.55, precision: 0.40, recall: 0.49, f1-score: 0.38,
(Epoch 32), time: 5.8s, loss: 0.526
    Training Set - accuracy: 0.88, precision: 0.91, recall: 0.90, f1-score: 0.90,
    Validation Set - accuracy: 0.60, precision: 0.45, recall: 0.57, f1-score: 0.45,
(Epoch 33), time: 5.8s, loss: 0.501
    Training Set - accuracy: 0.89, precision: 0.91, recall: 0.91, f1-score: 0.91,
    Validation Set - accuracy: 0.62, precision: 0.46, recall: 0.58, f1-score: 0.47,
(Epoch 34), time: 5.8s, loss: 0.471
    Training Set - accuracy: 0.91, precision: 0.93, recall: 0.93, f1-score: 0.92,
Confusion Matrix:
[[21  8  4]
 [ 3  2  0]
 [ 1  1  0]]
    Validation Set - accuracy: 0.57, precision: 0.34, recall: 0.35, f1-score: 0.32,
Fold 2 (val 43 - 84)
(Epoch 0), time: 5.8s, loss: 1.098
    Training Set - accuracy: 0.51, precision: 0.17, recall: 0.33, f1-score: 0.23,
    Validation Set - accuracy: 0.70, precision: 0.23, recall: 0.33, f1-score: 0.27,
(Epoch 1), time: 5.8s, loss: 1.096
    Training Set - accuracy: 0.51, precision: 0.17, recall: 0.33, f1-score: 0.23,
    Validation Set - accuracy: 0.70, precision: 0.23, recall: 0.33, f1-score: 0.27,
(Epoch 2), time: 5.8s, loss: 1.094
    Training Set - accuracy: 0.51, precision: 0.17, recall: 0.33, f1-score: 0.23,
    Validation Set - accuracy: 0.70, precision: 0.23, recall: 0.33, f1-score: 0.27,
(Epoch 3), time: 5.8s, loss: 1.094
    Training Set - accuracy: 0.51, precision: 0.17, recall: 0.33, f1-score: 0.23,
    Validation Set - accuracy: 0.70, precision: 0.23, recall: 0.33, f1-score: 0.27,
(Epoch 4), time: 5.8s, loss: 1.094
    Training Set - accuracy: 0.51, precision: 0.17, recall: 0.33, f1-score: 0.23,
    Validation Set - accuracy: 0.70, precision: 0.23, recall: 0.33, f1-score: 0.27,
(Epoch 5), time: 5.8s, loss: 1.093
    Training Set - accuracy: 0.51, precision: 0.17, recall: 0.33, f1-score: 0.23,
    Validation Set - accuracy: 0.70, precision: 0.23, recall: 0.33, f1-score: 0.27,
(Epoch 6), time: 5.8s, loss: 1.089
    Training Set - accuracy: 0.51, precision: 0.17, recall: 0.33, f1-score: 0.23,
    Validation Set - accuracy: 0.70, precision: 0.23, recall: 0.33, f1-score: 0.27,
(Epoch 7), time: 5.8s, loss: 1.085
    Training Set - accuracy: 0.51, precision: 0.17, recall: 0.33, f1-score: 0.23,
    Validation Set - accuracy: 0.70, precision: 0.23, recall: 0.33, f1-score: 0.27,
(Epoch 8), time: 5.8s, loss: 1.082
    Training Set - accuracy: 0.51, precision: 0.17, recall: 0.33, f1-score: 0.23,
    Validation Set - accuracy: 0.70, precision: 0.23, recall: 0.33, f1-score: 0.27,
(Epoch 9), time: 5.8s, loss: 1.068
    Training Set - accuracy: 0.51, precision: 0.17, recall: 0.33, f1-score: 0.23,
    Validation Set - accuracy: 0.70, precision: 0.23, recall: 0.33, f1-score: 0.27,
(Epoch 10), time: 5.8s, loss: 1.054
    Training Set - accuracy: 0.51, precision: 0.17, recall: 0.33, f1-score: 0.23,
    Validation Set - accuracy: 0.70, precision: 0.23, recall: 0.33, f1-score: 0.27,
(Epoch 11), time: 5.8s, loss: 1.046
    Training Set - accuracy: 0.51, precision: 0.17, recall: 0.33, f1-score: 0.23,
    Validation Set - accuracy: 0.70, precision: 0.23, recall: 0.33, f1-score: 0.27,
(Epoch 12), time: 5.8s, loss: 1.030
    Training Set - accuracy: 0.51, precision: 0.17, recall: 0.33, f1-score: 0.23,
    Validation Set - accuracy: 0.70, precision: 0.23, recall: 0.33, f1-score: 0.27,
(Epoch 13), time: 5.8s, loss: 1.013
    Training Set - accuracy: 0.53, precision: 0.40, recall: 0.35, f1-score: 0.25,
    Validation Set - accuracy: 0.70, precision: 0.23, recall: 0.33, f1-score: 0.27,
(Epoch 14), time: 5.8s, loss: 0.995
    Training Set - accuracy: 0.53, precision: 0.51, recall: 0.35, f1-score: 0.25,
    Validation Set - accuracy: 0.68, precision: 0.23, recall: 0.32, f1-score: 0.27,
(Epoch 15), time: 5.8s, loss: 0.970
    Training Set - accuracy: 0.54, precision: 0.40, recall: 0.37, f1-score: 0.30,
    Validation Set - accuracy: 0.60, precision: 0.22, recall: 0.29, f1-score: 0.25,
(Epoch 16), time: 5.8s, loss: 0.966
    Training Set - accuracy: 0.51, precision: 0.28, recall: 0.34, f1-score: 0.26,
    Validation Set - accuracy: 0.57, precision: 0.30, recall: 0.32, f1-score: 0.31,
(Epoch 17), time: 5.8s, loss: 0.932
    Training Set - accuracy: 0.61, precision: 0.46, recall: 0.44, f1-score: 0.40,
    Validation Set - accuracy: 0.60, precision: 0.22, recall: 0.29, f1-score: 0.25,
(Epoch 18), time: 5.8s, loss: 0.905
    Training Set - accuracy: 0.60, precision: 0.48, recall: 0.43, f1-score: 0.38,
    Validation Set - accuracy: 0.60, precision: 0.23, recall: 0.29, f1-score: 0.25,
(Epoch 19), time: 5.8s, loss: 0.908
    Training Set - accuracy: 0.59, precision: 0.40, recall: 0.44, f1-score: 0.41,
    Validation Set - accuracy: 0.60, precision: 0.39, recall: 0.44, f1-score: 0.39,
(Epoch 20), time: 5.9s, loss: 0.886
    Training Set - accuracy: 0.63, precision: 0.42, recall: 0.49, f1-score: 0.45,
    Validation Set - accuracy: 0.62, precision: 0.40, recall: 0.45, f1-score: 0.40,
(Epoch 21), time: 6.0s, loss: 0.874
    Training Set - accuracy: 0.68, precision: 0.46, recall: 0.53, f1-score: 0.49,
    Validation Set - accuracy: 0.68, precision: 0.41, recall: 0.47, f1-score: 0.43,
(Epoch 22), time: 6.0s, loss: 0.858
    Training Set - accuracy: 0.69, precision: 0.47, recall: 0.54, f1-score: 0.50,
    Validation Set - accuracy: 0.60, precision: 0.31, recall: 0.34, f1-score: 0.32,
(Epoch 23), time: 5.8s, loss: 0.848
    Training Set - accuracy: 0.71, precision: 0.49, recall: 0.56, f1-score: 0.51,
    Validation Set - accuracy: 0.60, precision: 0.35, recall: 0.39, f1-score: 0.36,
(Epoch 24), time: 5.8s, loss: 0.834
    Training Set - accuracy: 0.67, precision: 0.45, recall: 0.52, f1-score: 0.48,
    Validation Set - accuracy: 0.60, precision: 0.38, recall: 0.44, f1-score: 0.39,
(Epoch 25), time: 5.8s, loss: 0.804
    Training Set - accuracy: 0.69, precision: 0.46, recall: 0.55, f1-score: 0.50,
    Validation Set - accuracy: 0.57, precision: 0.34, recall: 0.37, f1-score: 0.35,
(Epoch 26), time: 5.8s, loss: 0.770
    Training Set - accuracy: 0.72, precision: 0.49, recall: 0.58, f1-score: 0.53,
    Validation Set - accuracy: 0.57, precision: 0.36, recall: 0.40, f1-score: 0.36,
(Epoch 27), time: 5.8s, loss: 0.756
    Training Set - accuracy: 0.70, precision: 0.46, recall: 0.56, f1-score: 0.51,
    Validation Set - accuracy: 0.53, precision: 0.31, recall: 0.33, f1-score: 0.31,
(Epoch 28), time: 5.8s, loss: 0.729
    Training Set - accuracy: 0.72, precision: 0.49, recall: 0.58, f1-score: 0.53,
    Validation Set - accuracy: 0.57, precision: 0.32, recall: 0.35, f1-score: 0.33,
(Epoch 29), time: 5.8s, loss: 0.702
    Training Set - accuracy: 0.76, precision: 0.80, recall: 0.66, f1-score: 0.67,
    Validation Set - accuracy: 0.55, precision: 0.35, recall: 0.39, f1-score: 0.35,
(Epoch 30), time: 5.8s, loss: 0.686
    Training Set - accuracy: 0.81, precision: 0.80, recall: 0.75, f1-score: 0.76,
    Validation Set - accuracy: 0.57, precision: 0.36, recall: 0.40, f1-score: 0.36,
(Epoch 31), time: 5.8s, loss: 0.660
    Training Set - accuracy: 0.79, precision: 0.82, recall: 0.72, f1-score: 0.73,
    Validation Set - accuracy: 0.55, precision: 0.33, recall: 0.36, f1-score: 0.34,
(Epoch 32), time: 5.8s, loss: 0.646
    Training Set - accuracy: 0.84, precision: 0.84, recall: 0.80, f1-score: 0.82,
    Validation Set - accuracy: 0.53, precision: 0.36, recall: 0.40, f1-score: 0.35,
(Epoch 33), time: 5.8s, loss: 0.628
    Training Set - accuracy: 0.83, precision: 0.84, recall: 0.80, f1-score: 0.82,
    Validation Set - accuracy: 0.62, precision: 0.39, recall: 0.45, f1-score: 0.40,
(Epoch 34), time: 5.8s, loss: 0.613
    Training Set - accuracy: 0.86, precision: 0.87, recall: 0.83, f1-score: 0.85,
    Validation Set - accuracy: 0.53, precision: 0.37, recall: 0.38, f1-score: 0.35,
(Epoch 35), time: 5.8s, loss: 0.587
    Training Set - accuracy: 0.88, precision: 0.87, recall: 0.86, f1-score: 0.86,
    Validation Set - accuracy: 0.55, precision: 0.38, recall: 0.41, f1-score: 0.36,
(Epoch 36), time: 5.8s, loss: 0.575
    Training Set - accuracy: 0.88, precision: 0.89, recall: 0.87, f1-score: 0.88,
    Validation Set - accuracy: 0.53, precision: 0.39, recall: 0.40, f1-score: 0.36,
(Epoch 37), time: 5.8s, loss: 0.599
    Training Set - accuracy: 0.84, precision: 0.81, recall: 0.82, f1-score: 0.82,
    Validation Set - accuracy: 0.53, precision: 0.38, recall: 0.38, f1-score: 0.36,
(Epoch 38), time: 5.8s, loss: 0.624
    Training Set - accuracy: 0.86, precision: 0.83, recall: 0.86, f1-score: 0.84,
    Validation Set - accuracy: 0.62, precision: 0.38, recall: 0.42, f1-score: 0.39,
(Epoch 39), time: 5.8s, loss: 0.577
    Training Set - accuracy: 0.86, precision: 0.86, recall: 0.86, f1-score: 0.86,
    Validation Set - accuracy: 0.65, precision: 0.39, recall: 0.44, f1-score: 0.40,
(Epoch 40), time: 5.8s, loss: 0.585
    Training Set - accuracy: 0.88, precision: 0.86, recall: 0.88, f1-score: 0.87,
    Validation Set - accuracy: 0.55, precision: 0.36, recall: 0.39, f1-score: 0.35,
(Epoch 41), time: 5.8s, loss: 0.518
    Training Set - accuracy: 0.89, precision: 0.90, recall: 0.89, f1-score: 0.89,
    Validation Set - accuracy: 0.50, precision: 0.34, recall: 0.34, f1-score: 0.32,
(Epoch 42), time: 5.8s, loss: 0.510
    Training Set - accuracy: 0.92, precision: 0.90, recall: 0.93, f1-score: 0.91,
    Validation Set - accuracy: 0.57, precision: 0.38, recall: 0.42, f1-score: 0.38,
(Epoch 43), time: 5.8s, loss: 0.484
    Training Set - accuracy: 0.91, precision: 0.90, recall: 0.93, f1-score: 0.91,
Confusion Matrix:
[[18 10  0]
 [ 2  7  0]
 [ 1  2  0]]
    Validation Set - accuracy: 0.62, precision: 0.41, recall: 0.47, f1-score: 0.41,
Fold 3 (val 85 - 126)
(Epoch 0), time: 5.8s, loss: 1.149
    Training Set - accuracy: 0.13, precision: 0.04, recall: 0.33, f1-score: 0.08,
    Validation Set - accuracy: 0.25, precision: 0.41, recall: 0.35, f1-score: 0.16,
(Epoch 1), time: 5.8s, loss: 1.134
    Training Set - accuracy: 0.18, precision: 0.18, recall: 0.39, f1-score: 0.17,
    Validation Set - accuracy: 0.28, precision: 0.22, recall: 0.36, f1-score: 0.21,
(Epoch 2), time: 5.8s, loss: 1.133
    Training Set - accuracy: 0.14, precision: 0.11, recall: 0.31, f1-score: 0.13,
    Validation Set - accuracy: 0.23, precision: 0.20, recall: 0.30, f1-score: 0.17,
(Epoch 3), time: 5.8s, loss: 1.124
    Training Set - accuracy: 0.15, precision: 0.11, recall: 0.28, f1-score: 0.14,
    Validation Set - accuracy: 0.30, precision: 0.20, recall: 0.31, f1-score: 0.24,
(Epoch 4), time: 5.9s, loss: 1.116
    Training Set - accuracy: 0.29, precision: 0.17, recall: 0.38, f1-score: 0.22,
    Validation Set - accuracy: 0.40, precision: 0.25, recall: 0.35, f1-score: 0.24,
(Epoch 5), time: 6.0s, loss: 1.099
    Training Set - accuracy: 0.28, precision: 0.37, recall: 0.33, f1-score: 0.18,
    Validation Set - accuracy: 0.40, precision: 0.25, recall: 0.33, f1-score: 0.23,
(Epoch 6), time: 6.0s, loss: 1.080
    Training Set - accuracy: 0.37, precision: 0.34, recall: 0.36, f1-score: 0.26,
    Validation Set - accuracy: 0.47, precision: 0.35, recall: 0.40, f1-score: 0.34,
(Epoch 7), time: 6.0s, loss: 1.100
    Training Set - accuracy: 0.42, precision: 0.25, recall: 0.28, f1-score: 0.26,
    Validation Set - accuracy: 0.42, precision: 0.28, recall: 0.37, f1-score: 0.31,
(Epoch 8), time: 6.0s, loss: 1.056
    Training Set - accuracy: 0.57, precision: 0.32, recall: 0.37, f1-score: 0.34,
    Validation Set - accuracy: 0.40, precision: 0.26, recall: 0.35, f1-score: 0.30,
(Epoch 9), time: 6.0s, loss: 1.040
    Training Set - accuracy: 0.55, precision: 0.32, recall: 0.37, f1-score: 0.34,
    Validation Set - accuracy: 0.42, precision: 0.29, recall: 0.37, f1-score: 0.32,
(Epoch 10), time: 6.0s, loss: 1.048
    Training Set - accuracy: 0.57, precision: 0.69, recall: 0.42, f1-score: 0.41,
    Validation Set - accuracy: 0.28, precision: 0.20, recall: 0.24, f1-score: 0.22,
(Epoch 11), time: 6.0s, loss: 1.021
    Training Set - accuracy: 0.64, precision: 0.73, recall: 0.49, f1-score: 0.48,
    Validation Set - accuracy: 0.42, precision: 0.38, recall: 0.38, f1-score: 0.37,
(Epoch 12), time: 6.0s, loss: 1.010
    Training Set - accuracy: 0.58, precision: 0.67, recall: 0.40, f1-score: 0.39,
    Validation Set - accuracy: 0.38, precision: 0.27, recall: 0.33, f1-score: 0.28,
(Epoch 13), time: 6.0s, loss: 0.972
    Training Set - accuracy: 0.61, precision: 0.53, recall: 0.43, f1-score: 0.42,
    Validation Set - accuracy: 0.47, precision: 0.42, recall: 0.43, f1-score: 0.41,
(Epoch 14), time: 6.0s, loss: 0.964
    Training Set - accuracy: 0.65, precision: 0.62, recall: 0.50, f1-score: 0.52,
    Validation Set - accuracy: 0.38, precision: 0.32, recall: 0.34, f1-score: 0.32,
(Epoch 15), time: 6.0s, loss: 0.931
    Training Set - accuracy: 0.68, precision: 0.67, recall: 0.56, f1-score: 0.59,
    Validation Set - accuracy: 0.33, precision: 0.28, recall: 0.30, f1-score: 0.29,
(Epoch 16), time: 6.0s, loss: 0.914
    Training Set - accuracy: 0.64, precision: 0.61, recall: 0.53, f1-score: 0.56,
    Validation Set - accuracy: 0.40, precision: 0.35, recall: 0.36, f1-score: 0.34,
(Epoch 17), time: 6.0s, loss: 0.887
    Training Set - accuracy: 0.70, precision: 0.69, recall: 0.59, f1-score: 0.62,
    Validation Set - accuracy: 0.40, precision: 0.35, recall: 0.38, f1-score: 0.33,
(Epoch 18), time: 6.0s, loss: 0.868
    Training Set - accuracy: 0.73, precision: 0.73, recall: 0.68, f1-score: 0.69,
    Validation Set - accuracy: 0.45, precision: 0.43, recall: 0.41, f1-score: 0.36,
(Epoch 19), time: 6.0s, loss: 0.837
    Training Set - accuracy: 0.76, precision: 0.72, recall: 0.71, f1-score: 0.70,
    Validation Set - accuracy: 0.45, precision: 0.47, recall: 0.44, f1-score: 0.43,
(Epoch 20), time: 6.0s, loss: 0.833
    Training Set - accuracy: 0.68, precision: 0.56, recall: 0.65, f1-score: 0.54,
    Validation Set - accuracy: 0.42, precision: 0.37, recall: 0.44, f1-score: 0.37,
(Epoch 21), time: 5.8s, loss: 0.810
    Training Set - accuracy: 0.76, precision: 0.72, recall: 0.70, f1-score: 0.69,
    Validation Set - accuracy: 0.33, precision: 0.29, recall: 0.33, f1-score: 0.29,
(Epoch 22), time: 5.8s, loss: 0.799
    Training Set - accuracy: 0.73, precision: 0.67, recall: 0.69, f1-score: 0.64,
    Validation Set - accuracy: 0.35, precision: 0.32, recall: 0.34, f1-score: 0.32,
(Epoch 23), time: 5.8s, loss: 0.781
    Training Set - accuracy: 0.76, precision: 0.74, recall: 0.74, f1-score: 0.69,
    Validation Set - accuracy: 0.35, precision: 0.37, recall: 0.35, f1-score: 0.35,
(Epoch 24), time: 5.8s, loss: 0.762
    Training Set - accuracy: 0.78, precision: 0.77, recall: 0.74, f1-score: 0.70,
    Validation Set - accuracy: 0.38, precision: 0.30, recall: 0.35, f1-score: 0.27,
(Epoch 25), time: 5.8s, loss: 0.752
    Training Set - accuracy: 0.76, precision: 0.73, recall: 0.73, f1-score: 0.66,
    Validation Set - accuracy: 0.35, precision: 0.32, recall: 0.34, f1-score: 0.29,
(Epoch 26), time: 5.9s, loss: 0.736
    Training Set - accuracy: 0.76, precision: 0.71, recall: 0.74, f1-score: 0.69,
    Validation Set - accuracy: 0.35, precision: 0.30, recall: 0.32, f1-score: 0.29,
(Epoch 27), time: 5.9s, loss: 0.732
    Training Set - accuracy: 0.77, precision: 0.72, recall: 0.73, f1-score: 0.67,
    Validation Set - accuracy: 0.38, precision: 0.34, recall: 0.34, f1-score: 0.33,
(Epoch 28), time: 5.8s, loss: 0.694
    Training Set - accuracy: 0.81, precision: 0.84, recall: 0.78, f1-score: 0.77,
    Validation Set - accuracy: 0.40, precision: 0.42, recall: 0.36, f1-score: 0.34,
(Epoch 29), time: 5.8s, loss: 0.691
    Training Set - accuracy: 0.84, precision: 0.87, recall: 0.80, f1-score: 0.82,
    Validation Set - accuracy: 0.35, precision: 0.33, recall: 0.34, f1-score: 0.31,
(Epoch 30), time: 5.8s, loss: 0.664
    Training Set - accuracy: 0.82, precision: 0.81, recall: 0.80, f1-score: 0.78,
    Validation Set - accuracy: 0.42, precision: 0.41, recall: 0.39, f1-score: 0.35,
(Epoch 31), time: 5.8s, loss: 0.612
    Training Set - accuracy: 0.85, precision: 0.83, recall: 0.84, f1-score: 0.83,
    Validation Set - accuracy: 0.38, precision: 0.34, recall: 0.34, f1-score: 0.31,
(Epoch 32), time: 6.0s, loss: 0.582
    Training Set - accuracy: 0.86, precision: 0.84, recall: 0.84, f1-score: 0.82,
    Validation Set - accuracy: 0.35, precision: 0.26, recall: 0.30, f1-score: 0.27,
(Epoch 33), time: 6.0s, loss: 0.564
    Training Set - accuracy: 0.85, precision: 0.81, recall: 0.84, f1-score: 0.81,
    Validation Set - accuracy: 0.38, precision: 0.28, recall: 0.33, f1-score: 0.26,
(Epoch 34), time: 6.0s, loss: 0.543
    Training Set - accuracy: 0.86, precision: 0.85, recall: 0.83, f1-score: 0.82,
    Validation Set - accuracy: 0.33, precision: 0.22, recall: 0.28, f1-score: 0.24,
(Epoch 35), time: 6.0s, loss: 0.520
    Training Set - accuracy: 0.89, precision: 0.89, recall: 0.87, f1-score: 0.86,
    Validation Set - accuracy: 0.42, precision: 0.33, recall: 0.37, f1-score: 0.33,
(Epoch 36), time: 6.0s, loss: 0.503
    Training Set - accuracy: 0.89, precision: 0.89, recall: 0.87, f1-score: 0.87,
    Validation Set - accuracy: 0.45, precision: 0.41, recall: 0.41, f1-score: 0.38,
(Epoch 37), time: 6.0s, loss: 0.471
    Training Set - accuracy: 0.90, precision: 0.93, recall: 0.88, f1-score: 0.90,
Confusion Matrix:
[[13  1  1]
 [10  4  2]
 [ 7  2  0]]
    Validation Set - accuracy: 0.42, precision: 0.33, recall: 0.37, f1-score: 0.31,
Fold 4 (val 127 - 168)
(Epoch 0), time: 6.0s, loss: 1.106
    Training Set - accuracy: 0.31, precision: 0.43, recall: 0.34, f1-score: 0.16,
    Validation Set - accuracy: 0.28, precision: 0.10, recall: 0.31, f1-score: 0.15,
(Epoch 1), time: 6.0s, loss: 1.103
    Training Set - accuracy: 0.31, precision: 0.21, recall: 0.32, f1-score: 0.18,
    Validation Set - accuracy: 0.33, precision: 0.24, recall: 0.34, f1-score: 0.21,
(Epoch 2), time: 6.0s, loss: 1.099
    Training Set - accuracy: 0.33, precision: 0.29, recall: 0.33, f1-score: 0.21,
    Validation Set - accuracy: 0.38, precision: 0.36, recall: 0.39, f1-score: 0.26,
(Epoch 3), time: 6.0s, loss: 1.098
    Training Set - accuracy: 0.36, precision: 0.32, recall: 0.36, f1-score: 0.24,
    Validation Set - accuracy: 0.33, precision: 0.22, recall: 0.34, f1-score: 0.21,
(Epoch 4), time: 6.0s, loss: 1.090
    Training Set - accuracy: 0.36, precision: 0.32, recall: 0.35, f1-score: 0.25,
    Validation Set - accuracy: 0.38, precision: 0.29, recall: 0.36, f1-score: 0.28,
(Epoch 5), time: 6.0s, loss: 1.089
    Training Set - accuracy: 0.33, precision: 0.27, recall: 0.30, f1-score: 0.23,
    Validation Set - accuracy: 0.45, precision: 0.38, recall: 0.44, f1-score: 0.34,
(Epoch 6), time: 6.0s, loss: 1.080
    Training Set - accuracy: 0.47, precision: 0.31, recall: 0.35, f1-score: 0.32,
    Validation Set - accuracy: 0.40, precision: 0.22, recall: 0.31, f1-score: 0.25,
(Epoch 7), time: 6.0s, loss: 1.078
    Training Set - accuracy: 0.55, precision: 0.27, recall: 0.33, f1-score: 0.27,
    Validation Set - accuracy: 0.42, precision: 0.15, recall: 0.31, f1-score: 0.20,
(Epoch 8), time: 6.0s, loss: 1.060
    Training Set - accuracy: 0.56, precision: 0.25, recall: 0.33, f1-score: 0.25,
    Validation Set - accuracy: 0.45, precision: 0.15, recall: 0.33, f1-score: 0.21,
(Epoch 9), time: 6.0s, loss: 1.037
    Training Set - accuracy: 0.57, precision: 0.19, recall: 0.33, f1-score: 0.24,
    Validation Set - accuracy: 0.45, precision: 0.15, recall: 0.33, f1-score: 0.21,
(Epoch 10), time: 6.0s, loss: 1.016
    Training Set - accuracy: 0.60, precision: 0.41, recall: 0.44, f1-score: 0.39,
    Validation Set - accuracy: 0.45, precision: 0.22, recall: 0.35, f1-score: 0.26,
(Epoch 11), time: 6.0s, loss: 1.010
    Training Set - accuracy: 0.56, precision: 0.45, recall: 0.37, f1-score: 0.33,
    Validation Set - accuracy: 0.45, precision: 0.15, recall: 0.33, f1-score: 0.21,
(Epoch 12), time: 6.0s, loss: 0.981
    Training Set - accuracy: 0.59, precision: 0.33, recall: 0.46, f1-score: 0.39,
    Validation Set - accuracy: 0.45, precision: 0.25, recall: 0.36, f1-score: 0.29,
(Epoch 13), time: 6.0s, loss: 0.953
    Training Set - accuracy: 0.59, precision: 0.35, recall: 0.51, f1-score: 0.42,
    Validation Set - accuracy: 0.45, precision: 0.23, recall: 0.35, f1-score: 0.26,
(Epoch 14), time: 6.0s, loss: 0.920
    Training Set - accuracy: 0.62, precision: 0.37, recall: 0.57, f1-score: 0.44,
    Validation Set - accuracy: 0.42, precision: 0.24, recall: 0.34, f1-score: 0.27,
(Epoch 15), time: 6.0s, loss: 0.895
    Training Set - accuracy: 0.62, precision: 0.71, recall: 0.58, f1-score: 0.46,
    Validation Set - accuracy: 0.47, precision: 0.27, recall: 0.38, f1-score: 0.30,
(Epoch 16), time: 6.0s, loss: 0.849
    Training Set - accuracy: 0.64, precision: 0.40, recall: 0.61, f1-score: 0.48,
    Validation Set - accuracy: 0.50, precision: 0.30, recall: 0.41, f1-score: 0.34,
(Epoch 17), time: 6.0s, loss: 0.807
    Training Set - accuracy: 0.66, precision: 0.42, recall: 0.62, f1-score: 0.50,
    Validation Set - accuracy: 0.55, precision: 0.35, recall: 0.50, f1-score: 0.41,
(Epoch 18), time: 5.8s, loss: 0.772
    Training Set - accuracy: 0.67, precision: 0.45, recall: 0.60, f1-score: 0.51,
    Validation Set - accuracy: 0.53, precision: 0.35, recall: 0.51, f1-score: 0.41,
(Epoch 19), time: 5.8s, loss: 0.848
    Training Set - accuracy: 0.59, precision: 0.35, recall: 0.55, f1-score: 0.42,
    Validation Set - accuracy: 0.45, precision: 0.48, recall: 0.34, f1-score: 0.25,
(Epoch 20), time: 5.8s, loss: 0.761
    Training Set - accuracy: 0.64, precision: 0.63, recall: 0.63, f1-score: 0.50,
    Validation Set - accuracy: 0.42, precision: 0.26, recall: 0.34, f1-score: 0.29,
(Epoch 21), time: 5.8s, loss: 0.693
    Training Set - accuracy: 0.69, precision: 0.71, recall: 0.65, f1-score: 0.60,
    Validation Set - accuracy: 0.47, precision: 0.42, recall: 0.38, f1-score: 0.31,
(Epoch 22), time: 5.8s, loss: 0.654
    Training Set - accuracy: 0.68, precision: 0.68, recall: 0.65, f1-score: 0.56,
    Validation Set - accuracy: 0.45, precision: 0.23, recall: 0.35, f1-score: 0.26,
(Epoch 23), time: 5.8s, loss: 0.616
    Training Set - accuracy: 0.71, precision: 0.84, recall: 0.67, f1-score: 0.60,
    Validation Set - accuracy: 0.47, precision: 0.42, recall: 0.38, f1-score: 0.31,
(Epoch 24), time: 5.8s, loss: 0.599
    Training Set - accuracy: 0.71, precision: 0.85, recall: 0.67, f1-score: 0.61,
    Validation Set - accuracy: 0.45, precision: 0.23, recall: 0.35, f1-score: 0.26,
(Epoch 25), time: 5.8s, loss: 0.573
    Training Set - accuracy: 0.70, precision: 0.73, recall: 0.67, f1-score: 0.63,
    Validation Set - accuracy: 0.50, precision: 0.42, recall: 0.40, f1-score: 0.36,
(Epoch 26), time: 5.8s, loss: 0.568
    Training Set - accuracy: 0.73, precision: 0.81, recall: 0.70, f1-score: 0.68,
    Validation Set - accuracy: 0.50, precision: 0.40, recall: 0.39, f1-score: 0.33,
(Epoch 27), time: 5.8s, loss: 0.548
    Training Set - accuracy: 0.74, precision: 0.84, recall: 0.70, f1-score: 0.67,
    Validation Set - accuracy: 0.50, precision: 0.36, recall: 0.40, f1-score: 0.36,
(Epoch 28), time: 5.8s, loss: 0.537
    Training Set - accuracy: 0.75, precision: 0.82, recall: 0.73, f1-score: 0.73,
    Validation Set - accuracy: 0.57, precision: 0.55, recall: 0.49, f1-score: 0.46,
(Epoch 29), time: 5.8s, loss: 0.528
    Training Set - accuracy: 0.76, precision: 0.83, recall: 0.73, f1-score: 0.73,
    Validation Set - accuracy: 0.55, precision: 0.48, recall: 0.48, f1-score: 0.47,
(Epoch 30), time: 5.8s, loss: 0.520
    Training Set - accuracy: 0.76, precision: 0.76, recall: 0.77, f1-score: 0.76,
    Validation Set - accuracy: 0.53, precision: 0.49, recall: 0.44, f1-score: 0.41,
(Epoch 31), time: 5.8s, loss: 0.504
    Training Set - accuracy: 0.81, precision: 0.87, recall: 0.79, f1-score: 0.81,
    Validation Set - accuracy: 0.50, precision: 0.42, recall: 0.43, f1-score: 0.41,
(Epoch 32), time: 5.8s, loss: 0.511
    Training Set - accuracy: 0.76, precision: 0.77, recall: 0.77, f1-score: 0.77,
    Validation Set - accuracy: 0.57, precision: 0.53, recall: 0.48, f1-score: 0.44,
(Epoch 33), time: 5.8s, loss: 0.480
    Training Set - accuracy: 0.81, precision: 0.85, recall: 0.81, f1-score: 0.82,
Confusion Matrix:
[[14  4  0]
 [ 5  5  2]
 [ 2  7  1]]
    Validation Set - accuracy: 0.50, precision: 0.44, recall: 0.43, f1-score: 0.41,
Fold 5 (val 169 - 210)
(Epoch 0), time: 6.0s, loss: 1.122
    Training Set - accuracy: 0.15, precision: 0.05, recall: 0.33, f1-score: 0.09,
    Validation Set - accuracy: 0.17, precision: 0.06, recall: 0.33, f1-score: 0.10,
(Epoch 1), time: 6.0s, loss: 1.120
    Training Set - accuracy: 0.15, precision: 0.05, recall: 0.33, f1-score: 0.09,
    Validation Set - accuracy: 0.17, precision: 0.06, recall: 0.33, f1-score: 0.10,
(Epoch 2), time: 6.0s, loss: 1.118
    Training Set - accuracy: 0.15, precision: 0.05, recall: 0.33, f1-score: 0.09,
    Validation Set - accuracy: 0.17, precision: 0.06, recall: 0.33, f1-score: 0.10,
(Epoch 3), time: 6.0s, loss: 1.117
    Training Set - accuracy: 0.15, precision: 0.05, recall: 0.33, f1-score: 0.09,
    Validation Set - accuracy: 0.17, precision: 0.06, recall: 0.33, f1-score: 0.10,
(Epoch 4), time: 5.9s, loss: 1.117
    Training Set - accuracy: 0.15, precision: 0.05, recall: 0.33, f1-score: 0.09,
    Validation Set - accuracy: 0.17, precision: 0.06, recall: 0.33, f1-score: 0.10,
(Epoch 5), time: 6.0s, loss: 1.118
    Training Set - accuracy: 0.15, precision: 0.05, recall: 0.33, f1-score: 0.09,
    Validation Set - accuracy: 0.17, precision: 0.06, recall: 0.33, f1-score: 0.10,
(Epoch 6), time: 5.9s, loss: 1.117
    Training Set - accuracy: 0.15, precision: 0.05, recall: 0.33, f1-score: 0.09,
    Validation Set - accuracy: 0.17, precision: 0.06, recall: 0.33, f1-score: 0.10,
(Epoch 7), time: 5.9s, loss: 1.117
    Training Set - accuracy: 0.15, precision: 0.05, recall: 0.33, f1-score: 0.09,
    Validation Set - accuracy: 0.17, precision: 0.06, recall: 0.33, f1-score: 0.10,
(Epoch 8), time: 6.0s, loss: 1.117
    Training Set - accuracy: 0.15, precision: 0.05, recall: 0.33, f1-score: 0.09,
    Validation Set - accuracy: 0.17, precision: 0.06, recall: 0.33, f1-score: 0.10,
(Epoch 9), time: 6.0s, loss: 1.116
    Training Set - accuracy: 0.15, precision: 0.05, recall: 0.33, f1-score: 0.09,
    Validation Set - accuracy: 0.17, precision: 0.06, recall: 0.33, f1-score: 0.10,
(Epoch 10), time: 6.0s, loss: 1.116
    Training Set - accuracy: 0.15, precision: 0.05, recall: 0.33, f1-score: 0.09,
    Validation Set - accuracy: 0.17, precision: 0.06, recall: 0.33, f1-score: 0.10,
(Epoch 11), time: 6.0s, loss: 1.116
    Training Set - accuracy: 0.15, precision: 0.05, recall: 0.33, f1-score: 0.09,
    Validation Set - accuracy: 0.17, precision: 0.06, recall: 0.33, f1-score: 0.10,
(Epoch 12), time: 6.0s, loss: 1.116
    Training Set - accuracy: 0.15, precision: 0.05, recall: 0.33, f1-score: 0.09,
    Validation Set - accuracy: 0.17, precision: 0.06, recall: 0.33, f1-score: 0.10,
(Epoch 13), time: 5.9s, loss: 1.115
    Training Set - accuracy: 0.15, precision: 0.05, recall: 0.33, f1-score: 0.09,
    Validation Set - accuracy: 0.17, precision: 0.06, recall: 0.33, f1-score: 0.10,
(Epoch 14), time: 5.8s, loss: 1.113
    Training Set - accuracy: 0.15, precision: 0.05, recall: 0.33, f1-score: 0.09,
    Validation Set - accuracy: 0.17, precision: 0.06, recall: 0.33, f1-score: 0.10,
(Epoch 15), time: 5.8s, loss: 1.109
    Training Set - accuracy: 0.16, precision: 0.38, recall: 0.34, f1-score: 0.10,
    Validation Set - accuracy: 0.20, precision: 0.39, recall: 0.36, f1-score: 0.15,
(Epoch 16), time: 5.8s, loss: 1.104
    Training Set - accuracy: 0.17, precision: 0.27, recall: 0.35, f1-score: 0.12,
    Validation Set - accuracy: 0.17, precision: 0.06, recall: 0.33, f1-score: 0.10,
(Epoch 17), time: 5.8s, loss: 1.085
    Training Set - accuracy: 0.43, precision: 0.31, recall: 0.46, f1-score: 0.32,
    Validation Set - accuracy: 0.30, precision: 0.35, recall: 0.45, f1-score: 0.28,
(Epoch 18), time: 5.8s, loss: 1.069
    Training Set - accuracy: 0.56, precision: 0.33, recall: 0.47, f1-score: 0.38,
    Validation Set - accuracy: 0.33, precision: 0.21, recall: 0.43, f1-score: 0.28,
(Epoch 19), time: 5.8s, loss: 1.023
    Training Set - accuracy: 0.58, precision: 0.36, recall: 0.54, f1-score: 0.41,
    Validation Set - accuracy: 0.33, precision: 0.30, recall: 0.48, f1-score: 0.30,
(Epoch 20), time: 5.8s, loss: 1.009
    Training Set - accuracy: 0.64, precision: 0.38, recall: 0.53, f1-score: 0.45,
    Validation Set - accuracy: 0.33, precision: 0.22, recall: 0.43, f1-score: 0.28,
(Epoch 21), time: 5.8s, loss: 0.976
    Training Set - accuracy: 0.66, precision: 0.39, recall: 0.57, f1-score: 0.46,
    Validation Set - accuracy: 0.42, precision: 0.28, recall: 0.55, f1-score: 0.36,
(Epoch 22), time: 5.8s, loss: 0.938
    Training Set - accuracy: 0.66, precision: 0.73, recall: 0.59, f1-score: 0.48,
    Validation Set - accuracy: 0.33, precision: 0.24, recall: 0.45, f1-score: 0.29,
(Epoch 23), time: 5.8s, loss: 0.914
    Training Set - accuracy: 0.68, precision: 0.74, recall: 0.59, f1-score: 0.50,
    Validation Set - accuracy: 0.38, precision: 0.42, recall: 0.49, f1-score: 0.35,
(Epoch 24), time: 5.8s, loss: 0.877
    Training Set - accuracy: 0.71, precision: 0.76, recall: 0.64, f1-score: 0.54,
    Validation Set - accuracy: 0.35, precision: 0.23, recall: 0.43, f1-score: 0.30,
(Epoch 25), time: 5.8s, loss: 0.828
    Training Set - accuracy: 0.76, precision: 0.75, recall: 0.69, f1-score: 0.63,
    Validation Set - accuracy: 0.40, precision: 0.59, recall: 0.49, f1-score: 0.37,
(Epoch 26), time: 5.8s, loss: 0.793
    Training Set - accuracy: 0.78, precision: 0.80, recall: 0.72, f1-score: 0.66,
    Validation Set - accuracy: 0.45, precision: 0.50, recall: 0.52, f1-score: 0.45,
(Epoch 27), time: 5.8s, loss: 0.753
    Training Set - accuracy: 0.79, precision: 0.73, recall: 0.74, f1-score: 0.70,
    Validation Set - accuracy: 0.42, precision: 0.45, recall: 0.49, f1-score: 0.43,
(Epoch 28), time: 5.8s, loss: 0.730
    Training Set - accuracy: 0.82, precision: 0.80, recall: 0.77, f1-score: 0.73,
    Validation Set - accuracy: 0.40, precision: 0.41, recall: 0.45, f1-score: 0.40,
(Epoch 29), time: 5.8s, loss: 0.698
    Training Set - accuracy: 0.85, precision: 0.84, recall: 0.81, f1-score: 0.79,
    Validation Set - accuracy: 0.53, precision: 0.54, recall: 0.58, f1-score: 0.53,
(Epoch 30), time: 5.8s, loss: 0.655
    Training Set - accuracy: 0.87, precision: 0.83, recall: 0.83, f1-score: 0.81,
    Validation Set - accuracy: 0.45, precision: 0.45, recall: 0.48, f1-score: 0.45,
(Epoch 31), time: 5.8s, loss: 0.614
    Training Set - accuracy: 0.88, precision: 0.84, recall: 0.84, f1-score: 0.82,
    Validation Set - accuracy: 0.38, precision: 0.45, recall: 0.39, f1-score: 0.33,
(Epoch 32), time: 5.8s, loss: 0.596
    Training Set - accuracy: 0.89, precision: 0.85, recall: 0.87, f1-score: 0.85,
    Validation Set - accuracy: 0.40, precision: 0.42, recall: 0.43, f1-score: 0.39,
(Epoch 33), time: 5.8s, loss: 0.573
    Training Set - accuracy: 0.91, precision: 0.89, recall: 0.88, f1-score: 0.87,
    Validation Set - accuracy: 0.38, precision: 0.36, recall: 0.37, f1-score: 0.36,
(Epoch 34), time: 5.8s, loss: 0.570
    Training Set - accuracy: 0.88, precision: 0.85, recall: 0.86, f1-score: 0.83,
    Validation Set - accuracy: 0.35, precision: 0.32, recall: 0.34, f1-score: 0.28,
(Epoch 35), time: 5.8s, loss: 0.539
    Training Set - accuracy: 0.90, precision: 0.87, recall: 0.88, f1-score: 0.86,
    Validation Set - accuracy: 0.38, precision: 0.45, recall: 0.39, f1-score: 0.33,
(Epoch 36), time: 6.0s, loss: 0.500
    Training Set - accuracy: 0.92, precision: 0.90, recall: 0.89, f1-score: 0.88,
    Validation Set - accuracy: 0.45, precision: 0.45, recall: 0.43, f1-score: 0.43,
(Epoch 37), time: 6.0s, loss: 0.513
    Training Set - accuracy: 0.89, precision: 0.84, recall: 0.86, f1-score: 0.85,
    Validation Set - accuracy: 0.40, precision: 0.46, recall: 0.47, f1-score: 0.40,
(Epoch 38), time: 6.0s, loss: 0.490
    Training Set - accuracy: 0.92, precision: 0.91, recall: 0.90, f1-score: 0.89,
Confusion Matrix:
[[ 6  4  4]
 [ 3  6 10]
 [ 1  1  5]]
    Validation Set - accuracy: 0.42, precision: 0.47, recall: 0.49, f1-score: 0.43,
