0 - T001: 0.00013518333435058594 seconds.
1 - T003: 0.0006113052368164062 seconds.
2 - T004: 8.702278137207031e-05 seconds.
3 - T006: 8.320808410644531e-05 seconds.
4 - T007: 8.416175842285156e-05 seconds.
5 - T009: 6.628036499023438e-05 seconds.
6 - T011: 6.198883056640625e-05 seconds.
7 - T013: 6.222724914550781e-05 seconds.
8 - T015: 6.651878356933594e-05 seconds.
9 - T016: 7.224082946777344e-05 seconds.
10 - T017: 7.128715515136719e-05 seconds.
11 - T018: 6.699562072753906e-05 seconds.
12 - T020: 5.7697296142578125e-05 seconds.
13 - T021: 5.745887756347656e-05 seconds.
14 - T022: 5.9604644775390625e-05 seconds.
15 - T023: 7.081031799316406e-05 seconds.
16 - T024: 6.508827209472656e-05 seconds.
17 - T027: 6.365776062011719e-05 seconds.
18 - T028: 5.698204040527344e-05 seconds.
19 - T031: 5.7220458984375e-05 seconds.
20 - T033: 5.6743621826171875e-05 seconds.
21 - T034: 6.985664367675781e-05 seconds.
22 - T035: 5.6743621826171875e-05 seconds.
23 - T036: 6.508827209472656e-05 seconds.
24 - T037: 5.841255187988281e-05 seconds.
25 - T038: 5.7697296142578125e-05 seconds.
26 - T039: 5.5789947509765625e-05 seconds.
27 - T040: 5.793571472167969e-05 seconds.
28 - T041: 8.106231689453125e-05 seconds.
29 - T042: 6.651878356933594e-05 seconds.
30 - T043: 6.389617919921875e-05 seconds.
31 - T044: 6.389617919921875e-05 seconds.
32 - T045: 6.413459777832031e-05 seconds.
33 - T046: 6.222724914550781e-05 seconds.
34 - T047: 6.29425048828125e-05 seconds.
35 - T049: 6.270408630371094e-05 seconds.
36 - T050: 6.29425048828125e-05 seconds.
37 - T051: 7.081031799316406e-05 seconds.
38 - T052: 5.698204040527344e-05 seconds.
39 - T053: 5.91278076171875e-05 seconds.
40 - T055: 7.915496826171875e-05 seconds.
41 - T056: 6.175041198730469e-05 seconds.
42 - T060: 6.270408630371094e-05 seconds.
43 - T061: 6.246566772460938e-05 seconds.
44 - T062: 6.29425048828125e-05 seconds.
45 - T063: 6.556510925292969e-05 seconds.
46 - T064: 6.031990051269531e-05 seconds.
47 - T065: 6.604194641113281e-05 seconds.
48 - T067: 6.437301635742188e-05 seconds.
49 - T069: 6.389617919921875e-05 seconds.
50 - T070: 6.127357482910156e-05 seconds.
51 - T072: 5.626678466796875e-05 seconds.
52 - T073: 5.793571472167969e-05 seconds.
53 - T074: 5.626678466796875e-05 seconds.
54 - T075: 5.5789947509765625e-05 seconds.
55 - T077: 7.128715515136719e-05 seconds.
56 - S001: 5.936622619628906e-05 seconds.
57 - S002: 6.747245788574219e-05 seconds.
58 - S003: 5.7220458984375e-05 seconds.
59 - S004: 7.05718994140625e-05 seconds.
60 - S005: 6.4849853515625e-05 seconds.
61 - S006: 6.461143493652344e-05 seconds.
62 - S007: 6.103515625e-05 seconds.
63 - S009: 6.699562072753906e-05 seconds.
64 - S010: 6.318092346191406e-05 seconds.
65 - S013: 6.508827209472656e-05 seconds.
66 - S014: 6.866455078125e-05 seconds.
67 - S016: 5.817413330078125e-05 seconds.
68 - S017: 7.081031799316406e-05 seconds.
69 - S018: 5.7220458984375e-05 seconds.
70 - S019: 5.793571472167969e-05 seconds.
71 - S020: 6.985664367675781e-05 seconds.
72 - S021: 6.389617919921875e-05 seconds.
73 - S022: 5.8650970458984375e-05 seconds.
74 - S023: 5.8650970458984375e-05 seconds.
75 - S024: 5.698204040527344e-05 seconds.
76 - S025: 5.8650970458984375e-05 seconds.
77 - S026: 5.602836608886719e-05 seconds.
78 - S027: 5.3882598876953125e-05 seconds.
79 - S028: 5.698204040527344e-05 seconds.
80 - S029: 6.556510925292969e-05 seconds.
81 - S030: 8.320808410644531e-05 seconds.
82 - S034: 7.224082946777344e-05 seconds.
83 - S035: 6.628036499023438e-05 seconds.
84 - S036: 5.650520324707031e-05 seconds.
85 - S038: 6.246566772460938e-05 seconds.
86 - S039: 5.650520324707031e-05 seconds.
87 - S043: 6.580352783203125e-05 seconds.
88 - S044: 6.0558319091796875e-05 seconds.
89 - S047: 5.91278076171875e-05 seconds.
90 - S048: 5.3882598876953125e-05 seconds.
91 - S049: 7.295608520507812e-05 seconds.
92 - S050: 6.127357482910156e-05 seconds.
93 - S051: 6.29425048828125e-05 seconds.
94 - S052: 6.198883056640625e-05 seconds.
95 - S055: 7.390975952148438e-05 seconds.
96 - S057: 6.723403930664062e-05 seconds.
97 - S058: 7.200241088867188e-05 seconds.
98 - S059: 5.936622619628906e-05 seconds.
99 - S061: 7.05718994140625e-05 seconds.
100 - S064: 6.222724914550781e-05 seconds.
101 - S065: 6.866455078125e-05 seconds.
102 - S067: 7.05718994140625e-05 seconds.
103 - S069: 6.961822509765625e-05 seconds.
104 - S071: 6.747245788574219e-05 seconds.
105 - S072: 6.222724914550781e-05 seconds.
106 - S073: 6.842613220214844e-05 seconds.
107 - S074: 5.888938903808594e-05 seconds.
108 - S076: 7.748603820800781e-05 seconds.
109 - MI0002: 7.271766662597656e-05 seconds.
110 - MI0003: 6.794929504394531e-05 seconds.
111 - MI0004: 6.270408630371094e-05 seconds.
112 - MI0021: 6.842613220214844e-05 seconds.
113 - MI0022: 7.104873657226562e-05 seconds.
114 - MI0023: 6.866455078125e-05 seconds.
115 - MI0024: 6.031990051269531e-05 seconds.
116 - MI0025: 6.818771362304688e-05 seconds.
117 - MI0026: 6.198883056640625e-05 seconds.
118 - MI0027: 6.079673767089844e-05 seconds.
119 - MI0028: 6.723403930664062e-05 seconds.
120 - MI0029: 7.033348083496094e-05 seconds.
121 - MI0030: 6.389617919921875e-05 seconds.
122 - MI0031: 8.082389831542969e-05 seconds.
123 - MI0034: 5.650520324707031e-05 seconds.
124 - MI0035: 6.318092346191406e-05 seconds.
125 - MI0036: 5.459785461425781e-05 seconds.
126 - MI0037: 5.221366882324219e-05 seconds.
127 - MI0038: 5.602836608886719e-05 seconds.
128 - MI0039: 5.7220458984375e-05 seconds.
129 - MI0040: 5.555152893066406e-05 seconds.
130 - MI0041: 6.222724914550781e-05 seconds.
131 - MI0042: 5.53131103515625e-05 seconds.
132 - MI0043: 5.340576171875e-05 seconds.
133 - MI0046: 6.413459777832031e-05 seconds.
134 - MI0047: 6.127357482910156e-05 seconds.
135 - MI0048: 6.103515625e-05 seconds.
136 - MI0049: 6.628036499023438e-05 seconds.
137 - MI0050: 5.91278076171875e-05 seconds.
138 - MI0051: 5.340576171875e-05 seconds.
139 - MI0052: 5.7220458984375e-05 seconds.
140 - MI0053: 5.626678466796875e-05 seconds.
141 - MI0054: 6.031990051269531e-05 seconds.
142 - MI0057: 6.0558319091796875e-05 seconds.
143 - MI0058: 5.650520324707031e-05 seconds.
144 - MI0059: 5.650520324707031e-05 seconds.
145 - MI0060: 6.198883056640625e-05 seconds.
146 - MI0061: 5.507469177246094e-05 seconds.
147 - MI0062: 5.91278076171875e-05 seconds.
148 - MI0064: 7.224082946777344e-05 seconds.
149 - MI0066: 5.817413330078125e-05 seconds.
150 - MI0067: 5.7220458984375e-05 seconds.
151 - MI0068: 6.246566772460938e-05 seconds.
152 - MI0069: 6.0558319091796875e-05 seconds.
153 - MI0070: 6.29425048828125e-05 seconds.
154 - MI0071: 5.793571472167969e-05 seconds.
155 - MI0072: 6.031990051269531e-05 seconds.
156 - MI0073: 7.128715515136719e-05 seconds.
157 - MI0074: 7.295608520507812e-05 seconds.
158 - MI0075: 6.103515625e-05 seconds.
159 - MI0077: 6.079673767089844e-05 seconds.
160 - MI0078: 6.794929504394531e-05 seconds.
161 - MI0079: 7.081031799316406e-05 seconds.
162 - MI0080: 5.841255187988281e-05 seconds.
163 - MI0081: 5.340576171875e-05 seconds.
164 - MI0082: 5.53131103515625e-05 seconds.
165 - MI0083: 6.437301635742188e-05 seconds.
166 - MI0084: 5.7697296142578125e-05 seconds.
167 - MI0085: 5.2928924560546875e-05 seconds.
168 - MI0086: 5.5789947509765625e-05 seconds.
169 - MI0087: 6.008148193359375e-05 seconds.
170 - MI0088: 5.745887756347656e-05 seconds.
171 - MI0089: 6.151199340820312e-05 seconds.
172 - MI0090: 6.437301635742188e-05 seconds.
173 - MI0092: 5.340576171875e-05 seconds.
174 - MI0093: 6.151199340820312e-05 seconds.
175 - MI0095: 5.340576171875e-05 seconds.
176 - MI0096: 6.532669067382812e-05 seconds.
177 - MI0097: 7.486343383789062e-05 seconds.
178 - MI0098: 6.29425048828125e-05 seconds.
179 - MI0099: 6.29425048828125e-05 seconds.
180 - MI0101: 6.699562072753906e-05 seconds.
181 - MI0102: 8.273124694824219e-05 seconds.
182 - MI0104: 6.937980651855469e-05 seconds.
183 - MI0105: 6.723403930664062e-05 seconds.
184 - MI0106: 6.341934204101562e-05 seconds.
185 - MI0107: 7.343292236328125e-05 seconds.
186 - MI0109: 6.723403930664062e-05 seconds.
187 - MI0110: 7.033348083496094e-05 seconds.
188 - MI0111: 7.128715515136719e-05 seconds.
189 - MI0112: 6.937980651855469e-05 seconds.
190 - MI0113: 5.507469177246094e-05 seconds.
191 - MI0114: 6.723403930664062e-05 seconds.
192 - MI0117: 6.270408630371094e-05 seconds.
193 - MI0118: 6.246566772460938e-05 seconds.
194 - MI0119: 6.103515625e-05 seconds.
195 - MI0120: 7.367134094238281e-05 seconds.
196 - MI0121: 6.246566772460938e-05 seconds.
197 - MI0122: 7.271766662597656e-05 seconds.
198 - MI0123: 6.103515625e-05 seconds.
199 - MI0124: 5.650520324707031e-05 seconds.
200 - MI0125: 6.723403930664062e-05 seconds.
201 - MI0127: 5.745887756347656e-05 seconds.
202 - MI0128: 6.723403930664062e-05 seconds.
203 - MI0129: 6.532669067382812e-05 seconds.
204 - MI0130: 6.222724914550781e-05 seconds.
205 - MI0132: 5.817413330078125e-05 seconds.
206 - MI0133: 5.7220458984375e-05 seconds.
207 - MI0134: 5.602836608886719e-05 seconds.
208 - MI0135: 5.4836273193359375e-05 seconds.
209 - MI0136: 6.270408630371094e-05 seconds.
210 - MI0138: 5.7697296142578125e-05 seconds.
Fold 1 (val 0 - 42)
(Epoch 0), time: 9.8s, loss: 1.112
    Training Set - accuracy: 0.48, precision: 0.16, recall: 0.33, f1-score: 0.22,
    Validation Set - accuracy: 0.82, precision: 0.27, recall: 0.33, f1-score: 0.30,
(Epoch 1), time: 9.8s, loss: 1.107
    Training Set - accuracy: 0.48, precision: 0.16, recall: 0.33, f1-score: 0.22,
    Validation Set - accuracy: 0.82, precision: 0.27, recall: 0.33, f1-score: 0.30,
(Epoch 2), time: 9.8s, loss: 1.104
    Training Set - accuracy: 0.48, precision: 0.16, recall: 0.33, f1-score: 0.22,
    Validation Set - accuracy: 0.82, precision: 0.27, recall: 0.33, f1-score: 0.30,
(Epoch 3), time: 9.9s, loss: 1.101
    Training Set - accuracy: 0.48, precision: 0.16, recall: 0.33, f1-score: 0.22,
    Validation Set - accuracy: 0.82, precision: 0.27, recall: 0.33, f1-score: 0.30,
(Epoch 4), time: 71.5s, loss: 1.096
    Training Set - accuracy: 0.48, precision: 0.16, recall: 0.33, f1-score: 0.22,
    Validation Set - accuracy: 0.82, precision: 0.27, recall: 0.33, f1-score: 0.30,
(Epoch 5), time: 40.8s, loss: 1.091
    Training Set - accuracy: 0.48, precision: 0.16, recall: 0.33, f1-score: 0.22,
    Validation Set - accuracy: 0.82, precision: 0.27, recall: 0.33, f1-score: 0.30,
(Epoch 6), time: 40.6s, loss: 1.079
    Training Set - accuracy: 0.48, precision: 0.16, recall: 0.33, f1-score: 0.22,
    Validation Set - accuracy: 0.80, precision: 0.27, recall: 0.32, f1-score: 0.30,
(Epoch 7), time: 9.7s, loss: 1.066
    Training Set - accuracy: 0.50, precision: 0.37, recall: 0.38, f1-score: 0.30,
    Validation Set - accuracy: 0.82, precision: 0.27, recall: 0.33, f1-score: 0.30,
(Epoch 8), time: 9.8s, loss: 1.051
    Training Set - accuracy: 0.50, precision: 0.35, recall: 0.41, f1-score: 0.34,
    Validation Set - accuracy: 0.85, precision: 0.46, recall: 0.50, f1-score: 0.48,
(Epoch 9), time: 9.7s, loss: 1.039
    Training Set - accuracy: 0.52, precision: 0.33, recall: 0.47, f1-score: 0.39,
    Validation Set - accuracy: 0.53, precision: 0.31, recall: 0.37, f1-score: 0.28,
(Epoch 10), time: 9.7s, loss: 1.039
    Training Set - accuracy: 0.51, precision: 0.64, recall: 0.48, f1-score: 0.40,
    Validation Set - accuracy: 0.38, precision: 0.28, recall: 0.31, f1-score: 0.22,
(Epoch 11), time: 40.6s, loss: 1.004
    Training Set - accuracy: 0.51, precision: 0.54, recall: 0.53, f1-score: 0.46,
    Validation Set - accuracy: 0.45, precision: 0.28, recall: 0.34, f1-score: 0.26,
(Epoch 12), time: 41.1s, loss: 1.010
    Training Set - accuracy: 0.49, precision: 0.50, recall: 0.50, f1-score: 0.45,
    Validation Set - accuracy: 0.30, precision: 0.26, recall: 0.28, f1-score: 0.18,
(Epoch 13), time: 10.0s, loss: 0.969
    Training Set - accuracy: 0.54, precision: 0.56, recall: 0.58, f1-score: 0.51,
    Validation Set - accuracy: 0.38, precision: 0.27, recall: 0.31, f1-score: 0.22,
(Epoch 14), time: 9.7s, loss: 0.928
    Training Set - accuracy: 0.57, precision: 0.59, recall: 0.61, f1-score: 0.53,
    Validation Set - accuracy: 0.25, precision: 0.23, recall: 0.26, f1-score: 0.16,
(Epoch 15), time: 9.7s, loss: 0.903
    Training Set - accuracy: 0.58, precision: 0.58, recall: 0.61, f1-score: 0.56,
    Validation Set - accuracy: 0.23, precision: 0.28, recall: 0.30, f1-score: 0.18,
(Epoch 16), time: 9.8s, loss: 0.892
    Training Set - accuracy: 0.61, precision: 0.64, recall: 0.65, f1-score: 0.59,
    Validation Set - accuracy: 0.23, precision: 0.24, recall: 0.25, f1-score: 0.15,
(Epoch 17), time: 25.1s, loss: 0.856
    Training Set - accuracy: 0.64, precision: 0.68, recall: 0.68, f1-score: 0.62,
    Validation Set - accuracy: 0.53, precision: 0.31, recall: 0.37, f1-score: 0.29,
(Epoch 18), time: 32.8s, loss: 0.829
    Training Set - accuracy: 0.65, precision: 0.67, recall: 0.69, f1-score: 0.64,
    Validation Set - accuracy: 0.33, precision: 0.30, recall: 0.34, f1-score: 0.24,
(Epoch 19), time: 9.8s, loss: 0.785
    Training Set - accuracy: 0.73, precision: 0.72, recall: 0.77, f1-score: 0.72,
    Validation Set - accuracy: 0.40, precision: 0.28, recall: 0.32, f1-score: 0.25,
(Epoch 20), time: 40.6s, loss: 0.792
    Training Set - accuracy: 0.68, precision: 0.68, recall: 0.72, f1-score: 0.67,
    Validation Set - accuracy: 0.12, precision: 0.23, recall: 0.38, f1-score: 0.13,
(Epoch 21), time: 41.0s, loss: 0.799
    Training Set - accuracy: 0.68, precision: 0.67, recall: 0.72, f1-score: 0.68,
    Validation Set - accuracy: 0.40, precision: 0.32, recall: 0.37, f1-score: 0.28,
(Epoch 22), time: 9.8s, loss: 0.708
    Training Set - accuracy: 0.76, precision: 0.75, recall: 0.79, f1-score: 0.75,
    Validation Set - accuracy: 0.28, precision: 0.26, recall: 0.17, f1-score: 0.17,
(Epoch 23), time: 9.8s, loss: 0.678
    Training Set - accuracy: 0.79, precision: 0.78, recall: 0.82, f1-score: 0.79,
    Validation Set - accuracy: 0.33, precision: 0.27, recall: 0.19, f1-score: 0.20,
(Epoch 24), time: 9.6s, loss: 0.644
    Training Set - accuracy: 0.80, precision: 0.79, recall: 0.83, f1-score: 0.80,
    Validation Set - accuracy: 0.35, precision: 0.31, recall: 0.35, f1-score: 0.26,
(Epoch 25), time: 9.8s, loss: 0.613
    Training Set - accuracy: 0.83, precision: 0.83, recall: 0.86, f1-score: 0.84,
    Validation Set - accuracy: 0.30, precision: 0.32, recall: 0.33, f1-score: 0.26,
(Epoch 26), time: 9.7s, loss: 0.589
    Training Set - accuracy: 0.85, precision: 0.84, recall: 0.87, f1-score: 0.85,
    Validation Set - accuracy: 0.47, precision: 0.36, recall: 0.41, f1-score: 0.34,
(Epoch 27), time: 41.0s, loss: 0.560
    Training Set - accuracy: 0.85, precision: 0.87, recall: 0.88, f1-score: 0.86,
    Validation Set - accuracy: 0.35, precision: 0.25, recall: 0.14, f1-score: 0.18,
(Epoch 28), time: 40.7s, loss: 0.543
    Training Set - accuracy: 0.86, precision: 0.88, recall: 0.89, f1-score: 0.87,
    Validation Set - accuracy: 0.30, precision: 0.30, recall: 0.33, f1-score: 0.24,
(Epoch 29), time: 9.8s, loss: 0.562
    Training Set - accuracy: 0.83, precision: 0.85, recall: 0.86, f1-score: 0.85,
    Validation Set - accuracy: 0.20, precision: 0.25, recall: 0.29, f1-score: 0.17,
(Epoch 30), time: 9.7s, loss: 0.533
    Training Set - accuracy: 0.85, precision: 0.86, recall: 0.88, f1-score: 0.86,
    Validation Set - accuracy: 0.40, precision: 0.28, recall: 0.22, f1-score: 0.22,
(Epoch 31), time: 9.7s, loss: 0.511
    Training Set - accuracy: 0.88, precision: 0.89, recall: 0.91, f1-score: 0.89,
    Validation Set - accuracy: 0.28, precision: 0.23, recall: 0.11, f1-score: 0.15,
(Epoch 32), time: 40.9s, loss: 0.485
    Training Set - accuracy: 0.89, precision: 0.90, recall: 0.91, f1-score: 0.90,
    Validation Set - accuracy: 0.30, precision: 0.24, recall: 0.12, f1-score: 0.16,
(Epoch 33), time: 9.8s, loss: 0.462
    Training Set - accuracy: 0.92, precision: 0.91, recall: 0.93, f1-score: 0.92,
    Validation Set - accuracy: 0.35, precision: 0.23, recall: 0.14, f1-score: 0.18,
(Epoch 34), time: 9.8s, loss: 0.459
    Training Set - accuracy: 0.92, precision: 0.93, recall: 0.93, f1-score: 0.93,
    Validation Set - accuracy: 0.38, precision: 0.25, recall: 0.15, f1-score: 0.19,
(Epoch 35), time: 9.7s, loss: 0.456
    Training Set - accuracy: 0.92, precision: 0.93, recall: 0.94, f1-score: 0.93,
    Validation Set - accuracy: 0.30, precision: 0.24, recall: 0.12, f1-score: 0.16,
(Epoch 36), time: 41.0s, loss: 0.441
    Training Set - accuracy: 0.91, precision: 0.92, recall: 0.93, f1-score: 0.92,
    Validation Set - accuracy: 0.28, precision: 0.31, recall: 0.27, f1-score: 0.25,
(Epoch 37), time: 9.7s, loss: 0.444
    Training Set - accuracy: 0.92, precision: 0.92, recall: 0.93, f1-score: 0.92,
    Validation Set - accuracy: 0.38, precision: 0.24, recall: 0.15, f1-score: 0.19,
(Epoch 38), time: 9.6s, loss: 0.400
    Training Set - accuracy: 0.93, precision: 0.94, recall: 0.95, f1-score: 0.94,
Confusion Matrix:
[[15 16  2]
 [ 4  1  0]
 [ 2  0  0]]
    Validation Set - accuracy: 0.40, precision: 0.26, recall: 0.22, f1-score: 0.22,
Fold 2 (val 43 - 84)
(Epoch 0), time: 9.7s, loss: 1.103
    Training Set - accuracy: 0.45, precision: 0.16, recall: 0.29, f1-score: 0.21,
    Validation Set - accuracy: 0.70, precision: 0.23, recall: 0.33, f1-score: 0.27,
(Epoch 1), time: 9.7s, loss: 1.098
    Training Set - accuracy: 0.51, precision: 0.17, recall: 0.33, f1-score: 0.23,
    Validation Set - accuracy: 0.70, precision: 0.23, recall: 0.33, f1-score: 0.27,
(Epoch 2), time: 9.7s, loss: 1.096
    Training Set - accuracy: 0.51, precision: 0.17, recall: 0.33, f1-score: 0.23,
    Validation Set - accuracy: 0.70, precision: 0.23, recall: 0.33, f1-score: 0.27,
(Epoch 3), time: 9.7s, loss: 1.094
    Training Set - accuracy: 0.51, precision: 0.17, recall: 0.33, f1-score: 0.23,
    Validation Set - accuracy: 0.70, precision: 0.23, recall: 0.33, f1-score: 0.27,
(Epoch 4), time: 10.0s, loss: 1.090
    Training Set - accuracy: 0.51, precision: 0.17, recall: 0.33, f1-score: 0.23,
    Validation Set - accuracy: 0.70, precision: 0.23, recall: 0.33, f1-score: 0.27,
(Epoch 5), time: 9.8s, loss: 1.084
    Training Set - accuracy: 0.51, precision: 0.34, recall: 0.34, f1-score: 0.24,
    Validation Set - accuracy: 0.68, precision: 0.23, recall: 0.32, f1-score: 0.27,
(Epoch 6), time: 9.6s, loss: 1.078
    Training Set - accuracy: 0.52, precision: 0.39, recall: 0.34, f1-score: 0.25,
    Validation Set - accuracy: 0.68, precision: 0.35, recall: 0.35, f1-score: 0.32,
(Epoch 7), time: 9.8s, loss: 1.074
    Training Set - accuracy: 0.52, precision: 0.67, recall: 0.37, f1-score: 0.33,
    Validation Set - accuracy: 0.70, precision: 0.58, recall: 0.36, f1-score: 0.34,
(Epoch 8), time: 40.6s, loss: 1.061
    Training Set - accuracy: 0.55, precision: 0.73, recall: 0.39, f1-score: 0.35,
    Validation Set - accuracy: 0.68, precision: 0.35, recall: 0.35, f1-score: 0.32,
(Epoch 9), time: 10.0s, loss: 1.045
    Training Set - accuracy: 0.61, precision: 0.63, recall: 0.53, f1-score: 0.55,
    Validation Set - accuracy: 0.62, precision: 0.42, recall: 0.45, f1-score: 0.42,
(Epoch 10), time: 10.0s, loss: 1.026
    Training Set - accuracy: 0.58, precision: 0.60, recall: 0.56, f1-score: 0.57,
    Validation Set - accuracy: 0.45, precision: 0.44, recall: 0.42, f1-score: 0.34,
(Epoch 11), time: 10.0s, loss: 1.006
    Training Set - accuracy: 0.58, precision: 0.60, recall: 0.59, f1-score: 0.59,
    Validation Set - accuracy: 0.53, precision: 0.44, recall: 0.45, f1-score: 0.38,
(Epoch 12), time: 9.9s, loss: 0.993
    Training Set - accuracy: 0.58, precision: 0.59, recall: 0.60, f1-score: 0.59,
    Validation Set - accuracy: 0.25, precision: 0.30, recall: 0.24, f1-score: 0.19,
(Epoch 13), time: 9.8s, loss: 0.984
    Training Set - accuracy: 0.58, precision: 0.62, recall: 0.62, f1-score: 0.59,
    Validation Set - accuracy: 0.35, precision: 0.38, recall: 0.34, f1-score: 0.26,
(Epoch 14), time: 41.0s, loss: 0.959
    Training Set - accuracy: 0.58, precision: 0.65, recall: 0.65, f1-score: 0.60,
    Validation Set - accuracy: 0.30, precision: 0.42, recall: 0.34, f1-score: 0.22,
(Epoch 15), time: 9.9s, loss: 0.946
    Training Set - accuracy: 0.62, precision: 0.69, recall: 0.70, f1-score: 0.64,
    Validation Set - accuracy: 0.38, precision: 0.44, recall: 0.38, f1-score: 0.29,
(Epoch 16), time: 40.8s, loss: 0.923
    Training Set - accuracy: 0.66, precision: 0.70, recall: 0.73, f1-score: 0.68,
    Validation Set - accuracy: 0.35, precision: 0.43, recall: 0.37, f1-score: 0.26,
(Epoch 17), time: 10.0s, loss: 0.909
    Training Set - accuracy: 0.68, precision: 0.73, recall: 0.74, f1-score: 0.69,
    Validation Set - accuracy: 0.30, precision: 0.37, recall: 0.32, f1-score: 0.24,
(Epoch 18), time: 9.7s, loss: 0.879
    Training Set - accuracy: 0.70, precision: 0.75, recall: 0.76, f1-score: 0.71,
    Validation Set - accuracy: 0.35, precision: 0.39, recall: 0.34, f1-score: 0.27,
(Epoch 19), time: 9.7s, loss: 0.843
    Training Set - accuracy: 0.74, precision: 0.76, recall: 0.81, f1-score: 0.75,
    Validation Set - accuracy: 0.33, precision: 0.37, recall: 0.28, f1-score: 0.25,
(Epoch 20), time: 9.9s, loss: 0.782
    Training Set - accuracy: 0.80, precision: 0.82, recall: 0.86, f1-score: 0.82,
    Validation Set - accuracy: 0.33, precision: 0.36, recall: 0.31, f1-score: 0.26,
(Epoch 21), time: 9.8s, loss: 0.737
    Training Set - accuracy: 0.81, precision: 0.81, recall: 0.87, f1-score: 0.82,
    Validation Set - accuracy: 0.45, precision: 0.42, recall: 0.39, f1-score: 0.34,
(Epoch 22), time: 41.0s, loss: 0.692
    Training Set - accuracy: 0.86, precision: 0.86, recall: 0.90, f1-score: 0.87,
    Validation Set - accuracy: 0.30, precision: 0.31, recall: 0.24, f1-score: 0.23,
(Epoch 23), time: 10.0s, loss: 0.646
    Training Set - accuracy: 0.89, precision: 0.87, recall: 0.92, f1-score: 0.89,
    Validation Set - accuracy: 0.33, precision: 0.34, recall: 0.28, f1-score: 0.26,
(Epoch 24), time: 9.7s, loss: 0.608
    Training Set - accuracy: 0.88, precision: 0.86, recall: 0.91, f1-score: 0.88,
    Validation Set - accuracy: 0.33, precision: 0.34, recall: 0.31, f1-score: 0.25,
(Epoch 25), time: 9.8s, loss: 0.582
    Training Set - accuracy: 0.92, precision: 0.90, recall: 0.94, f1-score: 0.92,
    Validation Set - accuracy: 0.35, precision: 0.37, recall: 0.32, f1-score: 0.28,
(Epoch 26), time: 9.8s, loss: 0.555
    Training Set - accuracy: 0.96, precision: 0.95, recall: 0.97, f1-score: 0.96,
    Validation Set - accuracy: 0.33, precision: 0.30, recall: 0.26, f1-score: 0.25,
(Epoch 27), time: 9.7s, loss: 0.546
    Training Set - accuracy: 0.93, precision: 0.91, recall: 0.94, f1-score: 0.92,
    Validation Set - accuracy: 0.38, precision: 0.35, recall: 0.33, f1-score: 0.28,
(Epoch 28), time: 71.7s, loss: 0.539
    Training Set - accuracy: 0.94, precision: 0.92, recall: 0.95, f1-score: 0.94,
    Validation Set - accuracy: 0.38, precision: 0.30, recall: 0.25, f1-score: 0.26,
(Epoch 29), time: 9.7s, loss: 0.525
    Training Set - accuracy: 0.94, precision: 0.92, recall: 0.95, f1-score: 0.93,
    Validation Set - accuracy: 0.33, precision: 0.30, recall: 0.26, f1-score: 0.25,
(Epoch 30), time: 9.9s, loss: 0.522
    Training Set - accuracy: 0.95, precision: 0.93, recall: 0.96, f1-score: 0.95,
    Validation Set - accuracy: 0.20, precision: 0.22, recall: 0.20, f1-score: 0.16,
(Epoch 31), time: 10.0s, loss: 0.517
    Training Set - accuracy: 0.95, precision: 0.93, recall: 0.96, f1-score: 0.94,
    Validation Set - accuracy: 0.28, precision: 0.26, recall: 0.21, f1-score: 0.20,
(Epoch 32), time: 9.8s, loss: 0.499
    Training Set - accuracy: 0.96, precision: 0.94, recall: 0.97, f1-score: 0.96,
    Validation Set - accuracy: 0.40, precision: 0.33, recall: 0.29, f1-score: 0.28,
(Epoch 33), time: 9.8s, loss: 0.486
    Training Set - accuracy: 0.97, precision: 0.96, recall: 0.98, f1-score: 0.97,
    Validation Set - accuracy: 0.30, precision: 0.29, recall: 0.24, f1-score: 0.23,
(Epoch 34), time: 9.6s, loss: 0.466
    Training Set - accuracy: 0.98, precision: 0.96, recall: 0.98, f1-score: 0.97,
    Validation Set - accuracy: 0.33, precision: 0.28, recall: 0.23, f1-score: 0.23,
(Epoch 35), time: 40.8s, loss: 0.458
    Training Set - accuracy: 0.98, precision: 0.97, recall: 0.98, f1-score: 0.98,
    Validation Set - accuracy: 0.38, precision: 0.30, recall: 0.25, f1-score: 0.26,
(Epoch 36), time: 9.7s, loss: 0.449
    Training Set - accuracy: 0.98, precision: 0.97, recall: 0.98, f1-score: 0.98,
    Validation Set - accuracy: 0.33, precision: 0.28, recall: 0.23, f1-score: 0.24,
(Epoch 37), time: 9.7s, loss: 0.443
    Training Set - accuracy: 0.99, precision: 0.98, recall: 0.99, f1-score: 0.98,
    Validation Set - accuracy: 0.30, precision: 0.29, recall: 0.24, f1-score: 0.23,
(Epoch 38), time: 9.7s, loss: 0.435
    Training Set - accuracy: 0.99, precision: 0.98, recall: 0.99, f1-score: 0.98,
    Validation Set - accuracy: 0.30, precision: 0.27, recall: 0.19, f1-score: 0.21,
(Epoch 39), time: 9.7s, loss: 0.428
    Training Set - accuracy: 0.99, precision: 0.98, recall: 0.99, f1-score: 0.98,
    Validation Set - accuracy: 0.28, precision: 0.26, recall: 0.21, f1-score: 0.20,
(Epoch 40), time: 9.7s, loss: 0.422
    Training Set - accuracy: 0.99, precision: 0.98, recall: 0.99, f1-score: 0.98,
    Validation Set - accuracy: 0.30, precision: 0.30, recall: 0.24, f1-score: 0.23,
(Epoch 41), time: 9.6s, loss: 0.417
    Training Set - accuracy: 0.99, precision: 0.98, recall: 0.99, f1-score: 0.98,
    Validation Set - accuracy: 0.30, precision: 0.27, recall: 0.24, f1-score: 0.22,
(Epoch 42), time: 9.8s, loss: 0.412
    Training Set - accuracy: 0.99, precision: 0.98, recall: 0.99, f1-score: 0.98,
    Validation Set - accuracy: 0.33, precision: 0.32, recall: 0.28, f1-score: 0.24,
(Epoch 43), time: 9.7s, loss: 0.407
    Training Set - accuracy: 0.99, precision: 0.98, recall: 0.99, f1-score: 0.98,
    Validation Set - accuracy: 0.30, precision: 0.28, recall: 0.24, f1-score: 0.23,
(Epoch 44), time: 10.1s, loss: 0.403
    Training Set - accuracy: 0.99, precision: 0.98, recall: 0.99, f1-score: 0.98,
    Validation Set - accuracy: 0.35, precision: 0.31, recall: 0.27, f1-score: 0.25,
(Epoch 45), time: 9.8s, loss: 0.398
    Training Set - accuracy: 0.99, precision: 0.98, recall: 0.99, f1-score: 0.98,
Confusion Matrix:
[[ 8 14  6]
 [ 4  4  1]
 [ 1  2  0]]
    Validation Set - accuracy: 0.30, precision: 0.27, recall: 0.24, f1-score: 0.22,
Fold 3 (val 85 - 126)
(Epoch 0), time: 9.8s, loss: 1.100
    Training Set - accuracy: 0.18, precision: 0.16, recall: 0.27, f1-score: 0.14,
    Validation Set - accuracy: 0.28, precision: 0.19, recall: 0.33, f1-score: 0.23,
(Epoch 1), time: 9.7s, loss: 1.095
    Training Set - accuracy: 0.51, precision: 0.21, recall: 0.30, f1-score: 0.24,
    Validation Set - accuracy: 0.38, precision: 0.13, recall: 0.33, f1-score: 0.19,
(Epoch 2), time: 9.8s, loss: 1.092
    Training Set - accuracy: 0.59, precision: 0.20, recall: 0.33, f1-score: 0.25,
    Validation Set - accuracy: 0.38, precision: 0.12, recall: 0.33, f1-score: 0.18,
(Epoch 3), time: 40.9s, loss: 1.089
    Training Set - accuracy: 0.59, precision: 0.20, recall: 0.33, f1-score: 0.25,
    Validation Set - accuracy: 0.35, precision: 0.23, recall: 0.31, f1-score: 0.20,
(Epoch 4), time: 10.0s, loss: 1.089
    Training Set - accuracy: 0.57, precision: 0.19, recall: 0.32, f1-score: 0.24,
    Validation Set - accuracy: 0.38, precision: 0.12, recall: 0.33, f1-score: 0.18,
(Epoch 5), time: 10.0s, loss: 1.082
    Training Set - accuracy: 0.60, precision: 0.53, recall: 0.34, f1-score: 0.26,
    Validation Set - accuracy: 0.38, precision: 0.12, recall: 0.33, f1-score: 0.18,
(Epoch 6), time: 9.7s, loss: 1.069
    Training Set - accuracy: 0.60, precision: 0.53, recall: 0.35, f1-score: 0.28,
    Validation Set - accuracy: 0.35, precision: 0.12, recall: 0.31, f1-score: 0.18,
(Epoch 7), time: 10.1s, loss: 1.063
    Training Set - accuracy: 0.62, precision: 0.43, recall: 0.40, f1-score: 0.37,
    Validation Set - accuracy: 0.33, precision: 0.22, recall: 0.28, f1-score: 0.22,
(Epoch 8), time: 9.7s, loss: 1.047
    Training Set - accuracy: 0.66, precision: 0.46, recall: 0.45, f1-score: 0.43,
    Validation Set - accuracy: 0.28, precision: 0.18, recall: 0.24, f1-score: 0.20,
(Epoch 9), time: 9.7s, loss: 1.035
    Training Set - accuracy: 0.64, precision: 0.42, recall: 0.46, f1-score: 0.43,
    Validation Set - accuracy: 0.33, precision: 0.22, recall: 0.28, f1-score: 0.23,
(Epoch 10), time: 9.8s, loss: 1.012
    Training Set - accuracy: 0.67, precision: 0.44, recall: 0.50, f1-score: 0.47,
    Validation Set - accuracy: 0.28, precision: 0.18, recall: 0.24, f1-score: 0.20,
(Epoch 11), time: 9.7s, loss: 0.986
    Training Set - accuracy: 0.67, precision: 0.44, recall: 0.51, f1-score: 0.47,
    Validation Set - accuracy: 0.28, precision: 0.18, recall: 0.24, f1-score: 0.20,
(Epoch 12), time: 10.0s, loss: 0.955
    Training Set - accuracy: 0.69, precision: 0.45, recall: 0.54, f1-score: 0.49,
    Validation Set - accuracy: 0.33, precision: 0.22, recall: 0.28, f1-score: 0.24,
(Epoch 13), time: 40.7s, loss: 0.931
    Training Set - accuracy: 0.71, precision: 0.48, recall: 0.54, f1-score: 0.51,
    Validation Set - accuracy: 0.30, precision: 0.20, recall: 0.26, f1-score: 0.22,
(Epoch 14), time: 9.8s, loss: 0.881
    Training Set - accuracy: 0.77, precision: 0.84, recall: 0.63, f1-score: 0.62,
    Validation Set - accuracy: 0.35, precision: 0.24, recall: 0.31, f1-score: 0.25,
(Epoch 15), time: 9.9s, loss: 0.854
    Training Set - accuracy: 0.74, precision: 0.68, recall: 0.63, f1-score: 0.63,
    Validation Set - accuracy: 0.28, precision: 0.18, recall: 0.24, f1-score: 0.20,
(Epoch 16), time: 10.1s, loss: 0.831
    Training Set - accuracy: 0.76, precision: 0.74, recall: 0.59, f1-score: 0.59,
    Validation Set - accuracy: 0.30, precision: 0.21, recall: 0.26, f1-score: 0.22,
(Epoch 17), time: 40.8s, loss: 0.764
    Training Set - accuracy: 0.81, precision: 0.88, recall: 0.64, f1-score: 0.61,
    Validation Set - accuracy: 0.30, precision: 0.19, recall: 0.26, f1-score: 0.20,
(Epoch 18), time: 9.7s, loss: 0.728
    Training Set - accuracy: 0.82, precision: 0.55, recall: 0.64, f1-score: 0.59,
    Validation Set - accuracy: 0.30, precision: 0.16, recall: 0.27, f1-score: 0.18,
(Epoch 19), time: 9.7s, loss: 0.677
    Training Set - accuracy: 0.83, precision: 0.56, recall: 0.65, f1-score: 0.60,
    Validation Set - accuracy: 0.30, precision: 0.21, recall: 0.26, f1-score: 0.21,
(Epoch 20), time: 9.8s, loss: 0.678
    Training Set - accuracy: 0.82, precision: 0.56, recall: 0.63, f1-score: 0.59,
    Validation Set - accuracy: 0.33, precision: 0.17, recall: 0.29, f1-score: 0.19,
(Epoch 21), time: 9.7s, loss: 0.632
    Training Set - accuracy: 0.83, precision: 0.56, recall: 0.65, f1-score: 0.60,
    Validation Set - accuracy: 0.30, precision: 0.17, recall: 0.27, f1-score: 0.18,
(Epoch 22), time: 9.7s, loss: 0.619
    Training Set - accuracy: 0.83, precision: 0.57, recall: 0.64, f1-score: 0.60,
    Validation Set - accuracy: 0.30, precision: 0.21, recall: 0.26, f1-score: 0.22,
(Epoch 23), time: 9.8s, loss: 0.596
    Training Set - accuracy: 0.82, precision: 0.56, recall: 0.64, f1-score: 0.60,
    Validation Set - accuracy: 0.33, precision: 0.20, recall: 0.29, f1-score: 0.21,
(Epoch 24), time: 9.8s, loss: 0.564
    Training Set - accuracy: 0.85, precision: 0.91, recall: 0.68, f1-score: 0.66,
    Validation Set - accuracy: 0.33, precision: 0.19, recall: 0.29, f1-score: 0.19,
(Epoch 25), time: 9.7s, loss: 0.559
    Training Set - accuracy: 0.85, precision: 0.91, recall: 0.66, f1-score: 0.64,
    Validation Set - accuracy: 0.38, precision: 0.25, recall: 0.33, f1-score: 0.26,
(Epoch 26), time: 40.8s, loss: 0.552
    Training Set - accuracy: 0.86, precision: 0.93, recall: 0.70, f1-score: 0.72,
    Validation Set - accuracy: 0.33, precision: 0.17, recall: 0.29, f1-score: 0.19,
(Epoch 27), time: 9.8s, loss: 0.545
    Training Set - accuracy: 0.86, precision: 0.92, recall: 0.71, f1-score: 0.72,
    Validation Set - accuracy: 0.30, precision: 0.16, recall: 0.27, f1-score: 0.18,
(Epoch 28), time: 41.1s, loss: 0.508
    Training Set - accuracy: 0.89, precision: 0.90, recall: 0.79, f1-score: 0.82,
    Validation Set - accuracy: 0.33, precision: 0.18, recall: 0.29, f1-score: 0.19,
(Epoch 29), time: 9.8s, loss: 0.466
    Training Set - accuracy: 0.93, precision: 0.97, recall: 0.84, f1-score: 0.88,
    Validation Set - accuracy: 0.38, precision: 0.36, recall: 0.35, f1-score: 0.27,
(Epoch 30), time: 41.3s, loss: 0.436
    Training Set - accuracy: 0.94, precision: 0.95, recall: 0.87, f1-score: 0.90,
    Validation Set - accuracy: 0.35, precision: 0.35, recall: 0.32, f1-score: 0.26,
(Epoch 31), time: 9.8s, loss: 0.425
    Training Set - accuracy: 0.96, precision: 0.95, recall: 0.95, f1-score: 0.95,
    Validation Set - accuracy: 0.30, precision: 0.18, recall: 0.27, f1-score: 0.19,
(Epoch 32), time: 9.7s, loss: 0.409
    Training Set - accuracy: 0.98, precision: 0.99, recall: 0.96, f1-score: 0.97,
    Validation Set - accuracy: 0.33, precision: 0.18, recall: 0.29, f1-score: 0.20,
(Epoch 33), time: 10.1s, loss: 0.402
    Training Set - accuracy: 0.95, precision: 0.95, recall: 0.88, f1-score: 0.91,
    Validation Set - accuracy: 0.33, precision: 0.18, recall: 0.29, f1-score: 0.20,
(Epoch 34), time: 9.7s, loss: 0.400
    Training Set - accuracy: 0.99, precision: 0.98, recall: 0.98, f1-score: 0.98,
    Validation Set - accuracy: 0.35, precision: 0.28, recall: 0.32, f1-score: 0.26,
(Epoch 35), time: 40.9s, loss: 0.391
    Training Set - accuracy: 0.97, precision: 0.95, recall: 0.96, f1-score: 0.96,
Confusion Matrix:
[[11  4  0]
 [14  1  1]
 [ 7  1  1]]
    Validation Set - accuracy: 0.33, precision: 0.34, recall: 0.30, f1-score: 0.25,
Fold 4 (val 127 - 168)
(Epoch 0), time: 10.0s, loss: 1.137
    Training Set - accuracy: 0.13, precision: 0.04, recall: 0.33, f1-score: 0.08,
    Validation Set - accuracy: 0.25, precision: 0.08, recall: 0.33, f1-score: 0.13,
(Epoch 1), time: 9.9s, loss: 1.129
    Training Set - accuracy: 0.13, precision: 0.04, recall: 0.33, f1-score: 0.08,
    Validation Set - accuracy: 0.25, precision: 0.08, recall: 0.33, f1-score: 0.13,
(Epoch 2), time: 9.7s, loss: 1.123
    Training Set - accuracy: 0.13, precision: 0.04, recall: 0.33, f1-score: 0.08,
    Validation Set - accuracy: 0.25, precision: 0.08, recall: 0.33, f1-score: 0.13,
(Epoch 3), time: 9.8s, loss: 1.115
    Training Set - accuracy: 0.13, precision: 0.04, recall: 0.33, f1-score: 0.08,
    Validation Set - accuracy: 0.25, precision: 0.08, recall: 0.33, f1-score: 0.13,
(Epoch 4), time: 9.8s, loss: 1.107
    Training Set - accuracy: 0.13, precision: 0.04, recall: 0.33, f1-score: 0.08,
    Validation Set - accuracy: 0.25, precision: 0.08, recall: 0.33, f1-score: 0.13,
(Epoch 5), time: 10.0s, loss: 1.099
    Training Set - accuracy: 0.13, precision: 0.04, recall: 0.33, f1-score: 0.08,
    Validation Set - accuracy: 0.25, precision: 0.08, recall: 0.33, f1-score: 0.13,
(Epoch 6), time: 10.0s, loss: 1.096
    Training Set - accuracy: 0.17, precision: 0.21, recall: 0.36, f1-score: 0.13,
    Validation Set - accuracy: 0.28, precision: 0.20, recall: 0.34, f1-score: 0.19,
(Epoch 7), time: 10.1s, loss: 1.088
    Training Set - accuracy: 0.35, precision: 0.26, recall: 0.40, f1-score: 0.26,
    Validation Set - accuracy: 0.40, precision: 0.28, recall: 0.41, f1-score: 0.31,
(Epoch 8), time: 9.6s, loss: 1.090
    Training Set - accuracy: 0.47, precision: 0.27, recall: 0.40, f1-score: 0.31,
    Validation Set - accuracy: 0.55, precision: 0.44, recall: 0.47, f1-score: 0.40,
(Epoch 9), time: 9.8s, loss: 1.077
    Training Set - accuracy: 0.57, precision: 0.32, recall: 0.46, f1-score: 0.38,
    Validation Set - accuracy: 0.47, precision: 0.34, recall: 0.41, f1-score: 0.35,
(Epoch 10), time: 41.1s, loss: 1.073
    Training Set - accuracy: 0.58, precision: 0.34, recall: 0.46, f1-score: 0.39,
    Validation Set - accuracy: 0.53, precision: 0.50, recall: 0.43, f1-score: 0.37,
(Epoch 11), time: 9.9s, loss: 1.063
    Training Set - accuracy: 0.60, precision: 0.35, recall: 0.48, f1-score: 0.40,
    Validation Set - accuracy: 0.38, precision: 0.25, recall: 0.34, f1-score: 0.28,
(Epoch 12), time: 10.1s, loss: 1.056
    Training Set - accuracy: 0.59, precision: 0.36, recall: 0.45, f1-score: 0.39,
    Validation Set - accuracy: 0.45, precision: 0.31, recall: 0.36, f1-score: 0.29,
(Epoch 13), time: 9.8s, loss: 1.046
    Training Set - accuracy: 0.60, precision: 0.38, recall: 0.47, f1-score: 0.41,
    Validation Set - accuracy: 0.50, precision: 0.38, recall: 0.43, f1-score: 0.37,
(Epoch 14), time: 9.7s, loss: 1.037
    Training Set - accuracy: 0.62, precision: 0.42, recall: 0.50, f1-score: 0.45,
    Validation Set - accuracy: 0.50, precision: 0.41, recall: 0.41, f1-score: 0.35,
(Epoch 15), time: 9.9s, loss: 1.017
    Training Set - accuracy: 0.64, precision: 0.41, recall: 0.56, f1-score: 0.47,
    Validation Set - accuracy: 0.50, precision: 0.35, recall: 0.44, f1-score: 0.38,
(Epoch 16), time: 9.8s, loss: 1.010
    Training Set - accuracy: 0.62, precision: 0.38, recall: 0.50, f1-score: 0.43,
    Validation Set - accuracy: 0.50, precision: 0.41, recall: 0.41, f1-score: 0.35,
(Epoch 17), time: 10.0s, loss: 0.998
    Training Set - accuracy: 0.63, precision: 0.40, recall: 0.57, f1-score: 0.47,
    Validation Set - accuracy: 0.38, precision: 0.24, recall: 0.32, f1-score: 0.27,
(Epoch 18), time: 55.6s, loss: 0.967
    Training Set - accuracy: 0.67, precision: 0.45, recall: 0.61, f1-score: 0.52,
    Validation Set - accuracy: 0.40, precision: 0.42, recall: 0.36, f1-score: 0.34,
(Epoch 19), time: 40.9s, loss: 0.950
    Training Set - accuracy: 0.67, precision: 0.44, recall: 0.61, f1-score: 0.52,
    Validation Set - accuracy: 0.50, precision: 0.35, recall: 0.43, f1-score: 0.37,
(Epoch 20), time: 9.7s, loss: 0.936
    Training Set - accuracy: 0.68, precision: 0.79, recall: 0.61, f1-score: 0.53,
    Validation Set - accuracy: 0.47, precision: 0.32, recall: 0.40, f1-score: 0.33,
(Epoch 21), time: 9.8s, loss: 0.939
    Training Set - accuracy: 0.67, precision: 0.43, recall: 0.60, f1-score: 0.50,
    Validation Set - accuracy: 0.38, precision: 0.24, recall: 0.34, f1-score: 0.28,
(Epoch 22), time: 9.6s, loss: 0.897
    Training Set - accuracy: 0.68, precision: 0.60, recall: 0.63, f1-score: 0.53,
    Validation Set - accuracy: 0.45, precision: 0.29, recall: 0.41, f1-score: 0.34,
(Epoch 23), time: 40.8s, loss: 0.876
    Training Set - accuracy: 0.70, precision: 0.71, recall: 0.65, f1-score: 0.57,
    Validation Set - accuracy: 0.33, precision: 0.30, recall: 0.32, f1-score: 0.29,
(Epoch 24), time: 9.8s, loss: 0.866
    Training Set - accuracy: 0.69, precision: 0.63, recall: 0.64, f1-score: 0.56,
    Validation Set - accuracy: 0.42, precision: 0.27, recall: 0.34, f1-score: 0.28,
(Epoch 25), time: 9.7s, loss: 0.833
    Training Set - accuracy: 0.71, precision: 0.76, recall: 0.67, f1-score: 0.58,
    Validation Set - accuracy: 0.40, precision: 0.38, recall: 0.40, f1-score: 0.37,
(Epoch 26), time: 9.8s, loss: 0.819
    Training Set - accuracy: 0.76, precision: 0.78, recall: 0.72, f1-score: 0.68,
    Validation Set - accuracy: 0.47, precision: 0.49, recall: 0.44, f1-score: 0.43,
(Epoch 27), time: 9.8s, loss: 0.784
    Training Set - accuracy: 0.79, precision: 0.77, recall: 0.76, f1-score: 0.72,
    Validation Set - accuracy: 0.38, precision: 0.38, recall: 0.38, f1-score: 0.37,
(Epoch 28), time: 9.8s, loss: 0.752
    Training Set - accuracy: 0.86, precision: 0.86, recall: 0.85, f1-score: 0.85,
    Validation Set - accuracy: 0.42, precision: 0.46, recall: 0.44, f1-score: 0.42,
(Epoch 29), time: 9.7s, loss: 0.726
    Training Set - accuracy: 0.87, precision: 0.84, recall: 0.86, f1-score: 0.85,
    Validation Set - accuracy: 0.47, precision: 0.48, recall: 0.47, f1-score: 0.46,
(Epoch 30), time: 9.8s, loss: 0.696
    Training Set - accuracy: 0.88, precision: 0.83, recall: 0.88, f1-score: 0.85,
    Validation Set - accuracy: 0.45, precision: 0.33, recall: 0.42, f1-score: 0.35,
(Epoch 31), time: 9.8s, loss: 0.685
    Training Set - accuracy: 0.88, precision: 0.86, recall: 0.87, f1-score: 0.86,
    Validation Set - accuracy: 0.45, precision: 0.47, recall: 0.44, f1-score: 0.40,
(Epoch 32), time: 9.8s, loss: 0.680
    Training Set - accuracy: 0.89, precision: 0.88, recall: 0.89, f1-score: 0.88,
    Validation Set - accuracy: 0.33, precision: 0.36, recall: 0.36, f1-score: 0.32,
(Epoch 33), time: 10.0s, loss: 0.664
    Training Set - accuracy: 0.89, precision: 0.91, recall: 0.88, f1-score: 0.89,
    Validation Set - accuracy: 0.40, precision: 0.41, recall: 0.40, f1-score: 0.39,
(Epoch 34), time: 9.8s, loss: 0.621
    Training Set - accuracy: 0.93, precision: 0.94, recall: 0.92, f1-score: 0.93,
    Validation Set - accuracy: 0.50, precision: 0.46, recall: 0.45, f1-score: 0.44,
(Epoch 35), time: 9.8s, loss: 0.568
    Training Set - accuracy: 0.95, precision: 0.96, recall: 0.95, f1-score: 0.95,
    Validation Set - accuracy: 0.47, precision: 0.42, recall: 0.43, f1-score: 0.41,
(Epoch 36), time: 9.6s, loss: 0.556
    Training Set - accuracy: 0.96, precision: 0.97, recall: 0.95, f1-score: 0.96,
    Validation Set - accuracy: 0.47, precision: 0.43, recall: 0.44, f1-score: 0.41,
(Epoch 37), time: 9.8s, loss: 0.514
    Training Set - accuracy: 0.98, precision: 0.98, recall: 0.97, f1-score: 0.98,
    Validation Set - accuracy: 0.45, precision: 0.40, recall: 0.40, f1-score: 0.39,
(Epoch 38), time: 40.8s, loss: 0.499
    Training Set - accuracy: 0.98, precision: 0.98, recall: 0.98, f1-score: 0.98,
    Validation Set - accuracy: 0.50, precision: 0.47, recall: 0.46, f1-score: 0.45,
(Epoch 39), time: 9.9s, loss: 0.481
    Training Set - accuracy: 0.99, precision: 0.99, recall: 0.98, f1-score: 0.99,
    Validation Set - accuracy: 0.42, precision: 0.39, recall: 0.39, f1-score: 0.37,
(Epoch 40), time: 9.8s, loss: 0.474
    Training Set - accuracy: 0.99, precision: 0.99, recall: 0.98, f1-score: 0.99,
    Validation Set - accuracy: 0.45, precision: 0.39, recall: 0.40, f1-score: 0.39,
(Epoch 41), time: 9.8s, loss: 0.464
    Training Set - accuracy: 0.98, precision: 0.98, recall: 0.98, f1-score: 0.98,
    Validation Set - accuracy: 0.45, precision: 0.41, recall: 0.41, f1-score: 0.39,
(Epoch 42), time: 25.0s, loss: 0.458
    Training Set - accuracy: 0.98, precision: 0.98, recall: 0.98, f1-score: 0.98,
    Validation Set - accuracy: 0.42, precision: 0.37, recall: 0.38, f1-score: 0.36,
(Epoch 43), time: 9.6s, loss: 0.446
    Training Set - accuracy: 0.98, precision: 0.98, recall: 0.98, f1-score: 0.98,
    Validation Set - accuracy: 0.53, precision: 0.50, recall: 0.49, f1-score: 0.49,
(Epoch 44), time: 9.7s, loss: 0.435
    Training Set - accuracy: 0.99, precision: 0.99, recall: 0.98, f1-score: 0.99,
    Validation Set - accuracy: 0.45, precision: 0.44, recall: 0.42, f1-score: 0.43,
(Epoch 45), time: 10.1s, loss: 0.438
    Training Set - accuracy: 0.99, precision: 0.99, recall: 0.98, f1-score: 0.99,
    Validation Set - accuracy: 0.40, precision: 0.37, recall: 0.38, f1-score: 0.35,
(Epoch 46), time: 9.7s, loss: 0.426
    Training Set - accuracy: 0.99, precision: 0.99, recall: 0.98, f1-score: 0.99,
    Validation Set - accuracy: 0.45, precision: 0.44, recall: 0.43, f1-score: 0.42,
(Epoch 47), time: 41.0s, loss: 0.417
    Training Set - accuracy: 0.99, precision: 0.99, recall: 0.98, f1-score: 0.99,
    Validation Set - accuracy: 0.40, precision: 0.37, recall: 0.37, f1-score: 0.35,
(Epoch 48), time: 9.8s, loss: 0.418
    Training Set - accuracy: 0.98, precision: 0.99, recall: 0.97, f1-score: 0.98,
    Validation Set - accuracy: 0.38, precision: 0.34, recall: 0.34, f1-score: 0.33,
(Epoch 49), time: 9.8s, loss: 0.402
    Training Set - accuracy: 0.99, precision: 0.99, recall: 0.98, f1-score: 0.99,
    Validation Set - accuracy: 0.53, precision: 0.50, recall: 0.49, f1-score: 0.48,
(Epoch 50), time: 9.7s, loss: 0.396
    Training Set - accuracy: 0.99, precision: 1.00, recall: 0.98, f1-score: 0.99,
Confusion Matrix:
[[11  4  3]
 [ 6  6  0]
 [ 3  6  1]]
    Validation Set - accuracy: 0.45, precision: 0.39, recall: 0.40, f1-score: 0.38,
Fold 5 (val 169 - 210)
(Epoch 0), time: 9.8s, loss: 1.130
    Training Set - accuracy: 0.26, precision: 0.09, recall: 0.33, f1-score: 0.14,
    Validation Set - accuracy: 0.47, precision: 0.16, recall: 0.33, f1-score: 0.21,
(Epoch 1), time: 9.8s, loss: 1.109
    Training Set - accuracy: 0.24, precision: 0.14, recall: 0.31, f1-score: 0.13,
    Validation Set - accuracy: 0.47, precision: 0.16, recall: 0.33, f1-score: 0.21,
(Epoch 2), time: 9.7s, loss: 1.093
    Training Set - accuracy: 0.39, precision: 0.27, recall: 0.31, f1-score: 0.27,
    Validation Set - accuracy: 0.35, precision: 0.22, recall: 0.27, f1-score: 0.24,
(Epoch 3), time: 10.0s, loss: 1.086
    Training Set - accuracy: 0.55, precision: 0.29, recall: 0.34, f1-score: 0.31,
    Validation Set - accuracy: 0.38, precision: 0.26, recall: 0.34, f1-score: 0.25,
(Epoch 4), time: 40.9s, loss: 1.073
    Training Set - accuracy: 0.56, precision: 0.24, recall: 0.33, f1-score: 0.27,
    Validation Set - accuracy: 0.28, precision: 0.18, recall: 0.24, f1-score: 0.19,
(Epoch 5), time: 9.7s, loss: 1.063
    Training Set - accuracy: 0.57, precision: 0.27, recall: 0.34, f1-score: 0.29,
    Validation Set - accuracy: 0.30, precision: 0.19, recall: 0.27, f1-score: 0.19,
(Epoch 6), time: 9.6s, loss: 1.056
    Training Set - accuracy: 0.61, precision: 0.33, recall: 0.37, f1-score: 0.33,
    Validation Set - accuracy: 0.35, precision: 0.22, recall: 0.32, f1-score: 0.22,
(Epoch 7), time: 9.7s, loss: 1.045
    Training Set - accuracy: 0.62, precision: 0.36, recall: 0.39, f1-score: 0.35,
    Validation Set - accuracy: 0.33, precision: 0.21, recall: 0.30, f1-score: 0.21,
(Epoch 8), time: 9.7s, loss: 1.025
    Training Set - accuracy: 0.63, precision: 0.37, recall: 0.41, f1-score: 0.37,
    Validation Set - accuracy: 0.42, precision: 0.28, recall: 0.37, f1-score: 0.30,
(Epoch 9), time: 40.6s, loss: 1.013
    Training Set - accuracy: 0.66, precision: 0.40, recall: 0.46, f1-score: 0.42,
    Validation Set - accuracy: 0.40, precision: 0.27, recall: 0.32, f1-score: 0.29,
(Epoch 10), time: 9.8s, loss: 1.004
    Training Set - accuracy: 0.64, precision: 0.38, recall: 0.43, f1-score: 0.40,
    Validation Set - accuracy: 0.42, precision: 0.28, recall: 0.34, f1-score: 0.31,
(Epoch 11), time: 9.7s, loss: 0.977
    Training Set - accuracy: 0.67, precision: 0.41, recall: 0.48, f1-score: 0.44,
    Validation Set - accuracy: 0.50, precision: 0.33, recall: 0.40, f1-score: 0.36,
(Epoch 12), time: 9.8s, loss: 0.934
    Training Set - accuracy: 0.70, precision: 0.43, recall: 0.52, f1-score: 0.47,
    Validation Set - accuracy: 0.42, precision: 0.28, recall: 0.34, f1-score: 0.31,
(Epoch 13), time: 9.7s, loss: 0.911
    Training Set - accuracy: 0.75, precision: 0.47, recall: 0.56, f1-score: 0.51,
    Validation Set - accuracy: 0.53, precision: 0.36, recall: 0.41, f1-score: 0.38,
(Epoch 14), time: 9.9s, loss: 0.879
    Training Set - accuracy: 0.70, precision: 0.44, recall: 0.53, f1-score: 0.48,
    Validation Set - accuracy: 0.50, precision: 0.33, recall: 0.41, f1-score: 0.37,
(Epoch 15), time: 9.8s, loss: 0.843
    Training Set - accuracy: 0.75, precision: 0.47, recall: 0.57, f1-score: 0.51,
    Validation Set - accuracy: 0.53, precision: 0.35, recall: 0.44, f1-score: 0.38,
(Epoch 16), time: 10.0s, loss: 0.794
    Training Set - accuracy: 0.77, precision: 0.49, recall: 0.60, f1-score: 0.53,
    Validation Set - accuracy: 0.45, precision: 0.30, recall: 0.37, f1-score: 0.33,
(Epoch 17), time: 9.7s, loss: 0.783
    Training Set - accuracy: 0.75, precision: 0.48, recall: 0.58, f1-score: 0.52,
    Validation Set - accuracy: 0.45, precision: 0.30, recall: 0.37, f1-score: 0.33,
(Epoch 18), time: 9.7s, loss: 0.754
    Training Set - accuracy: 0.76, precision: 0.49, recall: 0.59, f1-score: 0.53,
    Validation Set - accuracy: 0.47, precision: 0.32, recall: 0.39, f1-score: 0.35,
(Epoch 19), time: 9.8s, loss: 0.726
    Training Set - accuracy: 0.80, precision: 0.50, recall: 0.61, f1-score: 0.55,
    Validation Set - accuracy: 0.50, precision: 0.36, recall: 0.37, f1-score: 0.32,
(Epoch 20), time: 9.6s, loss: 0.781
    Training Set - accuracy: 0.76, precision: 0.48, recall: 0.58, f1-score: 0.52,
    Validation Set - accuracy: 0.55, precision: 0.37, recall: 0.44, f1-score: 0.40,
(Epoch 21), time: 9.8s, loss: 0.742
    Training Set - accuracy: 0.77, precision: 0.49, recall: 0.60, f1-score: 0.53,
    Validation Set - accuracy: 0.42, precision: 0.28, recall: 0.37, f1-score: 0.30,
(Epoch 22), time: 9.8s, loss: 0.688
    Training Set - accuracy: 0.80, precision: 0.51, recall: 0.62, f1-score: 0.55,
    Validation Set - accuracy: 0.50, precision: 0.33, recall: 0.42, f1-score: 0.37,
(Epoch 23), time: 10.1s, loss: 0.646
    Training Set - accuracy: 0.82, precision: 0.52, recall: 0.64, f1-score: 0.57,
    Validation Set - accuracy: 0.45, precision: 0.30, recall: 0.38, f1-score: 0.33,
(Epoch 24), time: 71.8s, loss: 0.626
    Training Set - accuracy: 0.83, precision: 0.53, recall: 0.65, f1-score: 0.58,
    Validation Set - accuracy: 0.42, precision: 0.28, recall: 0.35, f1-score: 0.31,
(Epoch 25), time: 9.7s, loss: 0.636
    Training Set - accuracy: 0.82, precision: 0.52, recall: 0.64, f1-score: 0.57,
    Validation Set - accuracy: 0.53, precision: 0.35, recall: 0.42, f1-score: 0.38,
(Epoch 26), time: 9.7s, loss: 0.611
    Training Set - accuracy: 0.82, precision: 0.52, recall: 0.65, f1-score: 0.57,
    Validation Set - accuracy: 0.50, precision: 0.33, recall: 0.42, f1-score: 0.37,
(Epoch 27), time: 9.6s, loss: 0.591
    Training Set - accuracy: 0.81, precision: 0.51, recall: 0.62, f1-score: 0.56,
    Validation Set - accuracy: 0.47, precision: 0.32, recall: 0.39, f1-score: 0.35,
(Epoch 28), time: 9.7s, loss: 0.601
    Training Set - accuracy: 0.81, precision: 0.52, recall: 0.64, f1-score: 0.56,
    Validation Set - accuracy: 0.55, precision: 0.37, recall: 0.45, f1-score: 0.40,
(Epoch 29), time: 40.8s, loss: 0.578
    Training Set - accuracy: 0.82, precision: 0.52, recall: 0.64, f1-score: 0.57,
    Validation Set - accuracy: 0.47, precision: 0.32, recall: 0.39, f1-score: 0.35,
(Epoch 30), time: 71.7s, loss: 0.560
    Training Set - accuracy: 0.82, precision: 0.53, recall: 0.65, f1-score: 0.57,
    Validation Set - accuracy: 0.47, precision: 0.32, recall: 0.39, f1-score: 0.35,
(Epoch 31), time: 10.0s, loss: 0.544
    Training Set - accuracy: 0.83, precision: 0.53, recall: 0.66, f1-score: 0.58,
    Validation Set - accuracy: 0.40, precision: 0.27, recall: 0.34, f1-score: 0.29,
(Epoch 32), time: 41.1s, loss: 0.532
    Training Set - accuracy: 0.83, precision: 0.53, recall: 0.66, f1-score: 0.58,
    Validation Set - accuracy: 0.45, precision: 0.30, recall: 0.38, f1-score: 0.33,
(Epoch 33), time: 9.9s, loss: 0.520
    Training Set - accuracy: 0.83, precision: 0.53, recall: 0.66, f1-score: 0.58,
    Validation Set - accuracy: 0.47, precision: 0.32, recall: 0.40, f1-score: 0.35,
(Epoch 34), time: 9.7s, loss: 0.510
    Training Set - accuracy: 0.84, precision: 0.87, recall: 0.67, f1-score: 0.61,
    Validation Set - accuracy: 0.40, precision: 0.27, recall: 0.34, f1-score: 0.29,
(Epoch 35), time: 41.2s, loss: 0.491
    Training Set - accuracy: 0.86, precision: 0.88, recall: 0.71, f1-score: 0.68,
    Validation Set - accuracy: 0.45, precision: 0.30, recall: 0.38, f1-score: 0.33,
(Epoch 36), time: 41.0s, loss: 0.477
    Training Set - accuracy: 0.88, precision: 0.89, recall: 0.75, f1-score: 0.74,
    Validation Set - accuracy: 0.45, precision: 0.30, recall: 0.38, f1-score: 0.33,
(Epoch 37), time: 10.2s, loss: 0.458
    Training Set - accuracy: 0.88, precision: 0.89, recall: 0.74, f1-score: 0.72,
    Validation Set - accuracy: 0.53, precision: 0.36, recall: 0.44, f1-score: 0.39,
(Epoch 38), time: 9.8s, loss: 0.447
    Training Set - accuracy: 0.93, precision: 0.93, recall: 0.85, f1-score: 0.87,
    Validation Set - accuracy: 0.45, precision: 0.31, recall: 0.40, f1-score: 0.30,
(Epoch 39), time: 10.1s, loss: 0.435
    Training Set - accuracy: 0.92, precision: 0.91, recall: 0.86, f1-score: 0.87,
    Validation Set - accuracy: 0.45, precision: 0.40, recall: 0.41, f1-score: 0.39,
(Epoch 40), time: 41.0s, loss: 0.492
    Training Set - accuracy: 0.93, precision: 0.92, recall: 0.89, f1-score: 0.90,
    Validation Set - accuracy: 0.45, precision: 0.31, recall: 0.38, f1-score: 0.34,
(Epoch 41), time: 40.7s, loss: 0.447
    Training Set - accuracy: 0.90, precision: 0.86, recall: 0.88, f1-score: 0.87,
    Validation Set - accuracy: 0.57, precision: 0.71, recall: 0.49, f1-score: 0.49,
(Epoch 42), time: 9.9s, loss: 0.435
    Training Set - accuracy: 0.92, precision: 0.89, recall: 0.87, f1-score: 0.87,
    Validation Set - accuracy: 0.53, precision: 0.39, recall: 0.42, f1-score: 0.41,
(Epoch 43), time: 41.0s, loss: 0.390
    Training Set - accuracy: 0.95, precision: 0.91, recall: 0.94, f1-score: 0.93,
Confusion Matrix:
[[ 9  3  2]
 [ 6 10  3]
 [ 2  5  0]]
    Validation Set - accuracy: 0.47, precision: 0.36, recall: 0.39, f1-score: 0.37,
