0 - T001: 0.00016355514526367188 seconds.
1 - T003: 0.0007355213165283203 seconds.
2 - T004: 0.00010752677917480469 seconds.
3 - T006: 6.961822509765625e-05 seconds.
4 - T007: 7.05718994140625e-05 seconds.
5 - T009: 6.985664367675781e-05 seconds.
6 - T011: 6.413459777832031e-05 seconds.
7 - T013: 6.389617919921875e-05 seconds.
8 - T015: 6.914138793945312e-05 seconds.
9 - T016: 6.580352783203125e-05 seconds.
10 - T017: 7.319450378417969e-05 seconds.
11 - T018: 6.628036499023438e-05 seconds.
12 - T020: 6.389617919921875e-05 seconds.
13 - T021: 6.461143493652344e-05 seconds.
14 - T022: 6.937980651855469e-05 seconds.
15 - T023: 6.604194641113281e-05 seconds.
16 - T024: 7.152557373046875e-05 seconds.
17 - T027: 9.107589721679688e-05 seconds.
18 - T028: 7.772445678710938e-05 seconds.
19 - T031: 7.82012939453125e-05 seconds.
20 - T033: 7.677078247070312e-05 seconds.
21 - T034: 8.034706115722656e-05 seconds.
22 - T035: 7.963180541992188e-05 seconds.
23 - T036: 7.62939453125e-05 seconds.
24 - T037: 7.963180541992188e-05 seconds.
25 - T038: 6.175041198730469e-05 seconds.
26 - T039: 6.127357482910156e-05 seconds.
27 - T040: 6.437301635742188e-05 seconds.
28 - T041: 8.606910705566406e-05 seconds.
29 - T042: 7.867813110351562e-05 seconds.
30 - T043: 7.867813110351562e-05 seconds.
31 - T044: 7.987022399902344e-05 seconds.
32 - T045: 7.963180541992188e-05 seconds.
33 - T046: 7.605552673339844e-05 seconds.
34 - T047: 7.915496826171875e-05 seconds.
35 - T049: 0.00010800361633300781 seconds.
36 - T050: 7.677078247070312e-05 seconds.
37 - T051: 7.963180541992188e-05 seconds.
38 - T052: 7.605552673339844e-05 seconds.
39 - T053: 8.082389831542969e-05 seconds.
40 - T055: 7.700920104980469e-05 seconds.
41 - T056: 7.653236389160156e-05 seconds.
42 - T060: 7.677078247070312e-05 seconds.
43 - T061: 7.796287536621094e-05 seconds.
44 - T062: 7.915496826171875e-05 seconds.
45 - T063: 8.20159912109375e-05 seconds.
46 - T064: 7.82012939453125e-05 seconds.
47 - T065: 8.249282836914062e-05 seconds.
48 - T067: 7.891654968261719e-05 seconds.
49 - T069: 7.343292236328125e-05 seconds.
50 - T070: 6.628036499023438e-05 seconds.
51 - T072: 6.365776062011719e-05 seconds.
52 - T073: 6.365776062011719e-05 seconds.
53 - T074: 5.9604644775390625e-05 seconds.
54 - T075: 6.198883056640625e-05 seconds.
55 - T077: 6.723403930664062e-05 seconds.
56 - S001: 6.4849853515625e-05 seconds.
57 - S002: 6.580352783203125e-05 seconds.
58 - S003: 6.175041198730469e-05 seconds.
59 - S004: 6.532669067382812e-05 seconds.
60 - S005: 6.270408630371094e-05 seconds.
61 - S006: 6.318092346191406e-05 seconds.
62 - S007: 6.198883056640625e-05 seconds.
63 - S009: 7.081031799316406e-05 seconds.
64 - S010: 6.341934204101562e-05 seconds.
65 - S013: 6.437301635742188e-05 seconds.
66 - S014: 5.793571472167969e-05 seconds.
67 - S016: 5.745887756347656e-05 seconds.
68 - S017: 6.103515625e-05 seconds.
69 - S018: 6.341934204101562e-05 seconds.
70 - S019: 6.318092346191406e-05 seconds.
71 - S020: 6.651878356933594e-05 seconds.
72 - S021: 9.822845458984375e-05 seconds.
73 - S022: 7.677078247070312e-05 seconds.
74 - S023: 7.843971252441406e-05 seconds.
75 - S024: 7.796287536621094e-05 seconds.
76 - S025: 7.796287536621094e-05 seconds.
77 - S026: 7.581710815429688e-05 seconds.
78 - S027: 7.200241088867188e-05 seconds.
79 - S028: 7.653236389160156e-05 seconds.
80 - S029: 7.891654968261719e-05 seconds.
81 - S030: 8.392333984375e-05 seconds.
82 - S034: 7.081031799316406e-05 seconds.
83 - S035: 6.389617919921875e-05 seconds.
84 - S036: 6.103515625e-05 seconds.
85 - S038: 6.437301635742188e-05 seconds.
86 - S039: 6.246566772460938e-05 seconds.
87 - S043: 6.222724914550781e-05 seconds.
88 - S044: 6.365776062011719e-05 seconds.
89 - S047: 6.175041198730469e-05 seconds.
90 - S048: 5.817413330078125e-05 seconds.
91 - S049: 6.079673767089844e-05 seconds.
92 - S050: 5.984306335449219e-05 seconds.
93 - S051: 6.031990051269531e-05 seconds.
94 - S052: 6.175041198730469e-05 seconds.
95 - S055: 6.794929504394531e-05 seconds.
96 - S057: 6.508827209472656e-05 seconds.
97 - S058: 5.984306335449219e-05 seconds.
98 - S059: 5.888938903808594e-05 seconds.
99 - S061: 8.416175842285156e-05 seconds.
100 - S064: 7.963180541992188e-05 seconds.
101 - S065: 7.367134094238281e-05 seconds.
102 - S067: 7.653236389160156e-05 seconds.
103 - S069: 7.343292236328125e-05 seconds.
104 - S071: 8.320808410644531e-05 seconds.
105 - S072: 7.486343383789062e-05 seconds.
106 - S073: 5.936622619628906e-05 seconds.
107 - S074: 6.079673767089844e-05 seconds.
108 - S076: 6.699562072753906e-05 seconds.
109 - MI0002: 6.532669067382812e-05 seconds.
110 - MI0003: 7.033348083496094e-05 seconds.
111 - MI0004: 8.249282836914062e-05 seconds.
112 - MI0021: 7.390975952148438e-05 seconds.
113 - MI0022: 7.796287536621094e-05 seconds.
114 - MI0023: 7.319450378417969e-05 seconds.
115 - MI0024: 7.43865966796875e-05 seconds.
116 - MI0025: 7.152557373046875e-05 seconds.
117 - MI0026: 7.486343383789062e-05 seconds.
118 - MI0027: 7.62939453125e-05 seconds.
119 - MI0028: 5.841255187988281e-05 seconds.
120 - MI0029: 5.817413330078125e-05 seconds.
121 - MI0030: 5.936622619628906e-05 seconds.
122 - MI0031: 5.984306335449219e-05 seconds.
123 - MI0034: 6.413459777832031e-05 seconds.
124 - MI0035: 6.103515625e-05 seconds.
125 - MI0036: 9.560585021972656e-05 seconds.
126 - MI0037: 7.319450378417969e-05 seconds.
127 - MI0038: 7.510185241699219e-05 seconds.
128 - MI0039: 7.534027099609375e-05 seconds.
129 - MI0040: 7.557868957519531e-05 seconds.
130 - MI0041: 7.486343383789062e-05 seconds.
131 - MI0042: 7.486343383789062e-05 seconds.
132 - MI0043: 7.224082946777344e-05 seconds.
133 - MI0046: 6.103515625e-05 seconds.
134 - MI0047: 5.817413330078125e-05 seconds.
135 - MI0048: 5.9604644775390625e-05 seconds.
136 - MI0049: 5.9604644775390625e-05 seconds.
137 - MI0050: 6.270408630371094e-05 seconds.
138 - MI0051: 5.793571472167969e-05 seconds.
139 - MI0052: 6.103515625e-05 seconds.
140 - MI0053: 6.031990051269531e-05 seconds.
141 - MI0054: 6.628036499023438e-05 seconds.
142 - MI0057: 6.699562072753906e-05 seconds.
143 - MI0058: 6.29425048828125e-05 seconds.
144 - MI0059: 5.936622619628906e-05 seconds.
145 - MI0060: 6.198883056640625e-05 seconds.
146 - MI0061: 5.793571472167969e-05 seconds.
147 - MI0062: 6.818771362304688e-05 seconds.
148 - MI0064: 6.794929504394531e-05 seconds.
149 - MI0066: 6.175041198730469e-05 seconds.
150 - MI0067: 6.079673767089844e-05 seconds.
151 - MI0068: 7.295608520507812e-05 seconds.
152 - MI0069: 7.62939453125e-05 seconds.
153 - MI0070: 8.463859558105469e-05 seconds.
154 - MI0071: 7.605552673339844e-05 seconds.
155 - MI0072: 7.700920104980469e-05 seconds.
156 - MI0073: 9.202957153320312e-05 seconds.
157 - MI0074: 7.82012939453125e-05 seconds.
158 - MI0075: 7.772445678710938e-05 seconds.
159 - MI0077: 7.653236389160156e-05 seconds.
160 - MI0078: 7.367134094238281e-05 seconds.
161 - MI0079: 6.151199340820312e-05 seconds.
162 - MI0080: 6.318092346191406e-05 seconds.
163 - MI0081: 5.936622619628906e-05 seconds.
164 - MI0082: 6.175041198730469e-05 seconds.
165 - MI0083: 6.175041198730469e-05 seconds.
166 - MI0084: 6.389617919921875e-05 seconds.
167 - MI0085: 5.8650970458984375e-05 seconds.
168 - MI0086: 6.103515625e-05 seconds.
169 - MI0087: 6.437301635742188e-05 seconds.
170 - MI0088: 6.29425048828125e-05 seconds.
171 - MI0089: 5.9604644775390625e-05 seconds.
172 - MI0090: 6.0558319091796875e-05 seconds.
173 - MI0092: 5.9604644775390625e-05 seconds.
174 - MI0093: 5.817413330078125e-05 seconds.
175 - MI0095: 6.079673767089844e-05 seconds.
176 - MI0096: 6.580352783203125e-05 seconds.
177 - MI0097: 6.318092346191406e-05 seconds.
178 - MI0098: 5.888938903808594e-05 seconds.
179 - MI0099: 6.031990051269531e-05 seconds.
180 - MI0101: 6.270408630371094e-05 seconds.
181 - MI0102: 6.842613220214844e-05 seconds.
182 - MI0104: 5.9604644775390625e-05 seconds.
183 - MI0105: 6.723403930664062e-05 seconds.
184 - MI0106: 8.130073547363281e-05 seconds.
185 - MI0107: 7.891654968261719e-05 seconds.
186 - MI0109: 7.867813110351562e-05 seconds.
187 - MI0110: 7.486343383789062e-05 seconds.
188 - MI0111: 7.605552673339844e-05 seconds.
189 - MI0112: 7.43865966796875e-05 seconds.
190 - MI0113: 7.653236389160156e-05 seconds.
191 - MI0114: 7.176399230957031e-05 seconds.
192 - MI0117: 7.843971252441406e-05 seconds.
193 - MI0118: 7.724761962890625e-05 seconds.
194 - MI0119: 7.367134094238281e-05 seconds.
195 - MI0120: 7.867813110351562e-05 seconds.
196 - MI0121: 7.796287536621094e-05 seconds.
197 - MI0122: 8.7738037109375e-05 seconds.
198 - MI0123: 6.127357482910156e-05 seconds.
199 - MI0124: 6.127357482910156e-05 seconds.
200 - MI0125: 6.008148193359375e-05 seconds.
201 - MI0127: 6.151199340820312e-05 seconds.
202 - MI0128: 6.127357482910156e-05 seconds.
203 - MI0129: 6.389617919921875e-05 seconds.
204 - MI0130: 6.67572021484375e-05 seconds.
205 - MI0132: 6.246566772460938e-05 seconds.
206 - MI0133: 6.127357482910156e-05 seconds.
207 - MI0134: 6.0558319091796875e-05 seconds.
208 - MI0135: 6.175041198730469e-05 seconds.
209 - MI0136: 6.389617919921875e-05 seconds.
210 - MI0138: 9.72747802734375e-05 seconds.
Fold 1 (val 0 - 42)
(Epoch 0), time: 9.9s, loss: 0.699
    Training Set - accuracy: 0.44, precision: 0.29, recall: 0.46, f1-score: 0.31,
    Validation Set - accuracy: 0.82, precision: 0.41, recall: 0.50, f1-score: 0.45,
(Epoch 1), time: 9.9s, loss: 0.690
    Training Set - accuracy: 0.49, precision: 0.60, recall: 0.52, f1-score: 0.38,
    Validation Set - accuracy: 0.70, precision: 0.48, recall: 0.48, f1-score: 0.48,
(Epoch 2), time: 9.9s, loss: 0.690
    Training Set - accuracy: 0.53, precision: 0.59, recall: 0.55, f1-score: 0.47,
    Validation Set - accuracy: 0.55, precision: 0.43, recall: 0.39, f1-score: 0.40,
(Epoch 3), time: 9.9s, loss: 0.685
    Training Set - accuracy: 0.58, precision: 0.61, recall: 0.59, f1-score: 0.56,
    Validation Set - accuracy: 0.53, precision: 0.49, recall: 0.49, f1-score: 0.45,
(Epoch 4), time: 10.0s, loss: 0.679
    Training Set - accuracy: 0.56, precision: 0.60, recall: 0.57, f1-score: 0.54,
    Validation Set - accuracy: 0.53, precision: 0.49, recall: 0.49, f1-score: 0.45,
(Epoch 5), time: 9.9s, loss: 0.669
    Training Set - accuracy: 0.65, precision: 0.69, recall: 0.66, f1-score: 0.64,
    Validation Set - accuracy: 0.47, precision: 0.48, recall: 0.46, f1-score: 0.41,
(Epoch 6), time: 40.9s, loss: 0.654
    Training Set - accuracy: 0.71, precision: 0.72, recall: 0.71, f1-score: 0.71,
    Validation Set - accuracy: 0.33, precision: 0.41, recall: 0.37, f1-score: 0.30,
(Epoch 7), time: 10.2s, loss: 0.633
    Training Set - accuracy: 0.72, precision: 0.72, recall: 0.72, f1-score: 0.72,
    Validation Set - accuracy: 0.40, precision: 0.45, recall: 0.41, f1-score: 0.36,
(Epoch 8), time: 9.8s, loss: 0.605
    Training Set - accuracy: 0.79, precision: 0.79, recall: 0.79, f1-score: 0.79,
    Validation Set - accuracy: 0.40, precision: 0.45, recall: 0.41, f1-score: 0.36,
(Epoch 9), time: 40.8s, loss: 0.578
    Training Set - accuracy: 0.82, precision: 0.82, recall: 0.82, f1-score: 0.82,
    Validation Set - accuracy: 0.50, precision: 0.41, recall: 0.36, f1-score: 0.37,
(Epoch 10), time: 9.9s, loss: 0.562
    Training Set - accuracy: 0.79, precision: 0.80, recall: 0.79, f1-score: 0.79,
    Validation Set - accuracy: 0.28, precision: 0.50, recall: 0.50, f1-score: 0.27,
(Epoch 11), time: 9.9s, loss: 0.511
    Training Set - accuracy: 0.80, precision: 0.80, recall: 0.80, f1-score: 0.80,
    Validation Set - accuracy: 0.28, precision: 0.42, recall: 0.39, f1-score: 0.27,
(Epoch 12), time: 10.2s, loss: 0.495
    Training Set - accuracy: 0.84, precision: 0.86, recall: 0.83, f1-score: 0.84,
    Validation Set - accuracy: 0.33, precision: 0.39, recall: 0.31, f1-score: 0.29,
(Epoch 13), time: 9.8s, loss: 0.461
    Training Set - accuracy: 0.86, precision: 0.86, recall: 0.85, f1-score: 0.86,
    Validation Set - accuracy: 0.35, precision: 0.37, recall: 0.27, f1-score: 0.29,
(Epoch 14), time: 9.8s, loss: 0.392
    Training Set - accuracy: 0.91, precision: 0.91, recall: 0.91, f1-score: 0.91,
Confusion Matrix:
[[16 17]
 [ 5  2]]
    Validation Set - accuracy: 0.45, precision: 0.43, recall: 0.39, f1-score: 0.37,
Fold 2 (val 43 - 84)
(Epoch 0), time: 9.7s, loss: 0.705
    Training Set - accuracy: 0.51, precision: 0.26, recall: 0.50, f1-score: 0.34,
    Validation Set - accuracy: 0.70, precision: 0.35, recall: 0.50, f1-score: 0.41,
(Epoch 1), time: 9.8s, loss: 0.702
    Training Set - accuracy: 0.51, precision: 0.26, recall: 0.50, f1-score: 0.34,
    Validation Set - accuracy: 0.70, precision: 0.35, recall: 0.50, f1-score: 0.41,
(Epoch 2), time: 9.8s, loss: 0.701
    Training Set - accuracy: 0.51, precision: 0.26, recall: 0.50, f1-score: 0.34,
    Validation Set - accuracy: 0.70, precision: 0.35, recall: 0.50, f1-score: 0.41,
(Epoch 3), time: 10.1s, loss: 0.698
    Training Set - accuracy: 0.51, precision: 0.26, recall: 0.50, f1-score: 0.34,
    Validation Set - accuracy: 0.70, precision: 0.35, recall: 0.50, f1-score: 0.41,
(Epoch 4), time: 9.8s, loss: 0.695
    Training Set - accuracy: 0.51, precision: 0.26, recall: 0.50, f1-score: 0.34,
    Validation Set - accuracy: 0.70, precision: 0.35, recall: 0.50, f1-score: 0.41,
(Epoch 5), time: 9.8s, loss: 0.692
    Training Set - accuracy: 0.51, precision: 0.26, recall: 0.50, f1-score: 0.34,
    Validation Set - accuracy: 0.70, precision: 0.35, recall: 0.50, f1-score: 0.41,
(Epoch 6), time: 9.7s, loss: 0.687
    Training Set - accuracy: 0.51, precision: 0.26, recall: 0.50, f1-score: 0.34,
    Validation Set - accuracy: 0.70, precision: 0.35, recall: 0.50, f1-score: 0.41,
(Epoch 7), time: 10.1s, loss: 0.673
    Training Set - accuracy: 0.54, precision: 0.69, recall: 0.53, f1-score: 0.41,
    Validation Set - accuracy: 0.47, precision: 0.46, recall: 0.46, f1-score: 0.45,
(Epoch 8), time: 9.8s, loss: 0.673
    Training Set - accuracy: 0.64, precision: 0.64, recall: 0.63, f1-score: 0.63,
    Validation Set - accuracy: 0.35, precision: 0.48, recall: 0.49, f1-score: 0.34,
(Epoch 9), time: 9.8s, loss: 0.657
    Training Set - accuracy: 0.70, precision: 0.74, recall: 0.71, f1-score: 0.69,
    Validation Set - accuracy: 0.42, precision: 0.55, recall: 0.54, f1-score: 0.42,
(Epoch 10), time: 9.7s, loss: 0.641
    Training Set - accuracy: 0.72, precision: 0.72, recall: 0.72, f1-score: 0.72,
    Validation Set - accuracy: 0.35, precision: 0.43, recall: 0.44, f1-score: 0.35,
(Epoch 11), time: 9.7s, loss: 0.640
    Training Set - accuracy: 0.70, precision: 0.74, recall: 0.70, f1-score: 0.69,
    Validation Set - accuracy: 0.38, precision: 0.44, recall: 0.43, f1-score: 0.37,
(Epoch 12), time: 10.1s, loss: 0.596
    Training Set - accuracy: 0.76, precision: 0.79, recall: 0.77, f1-score: 0.76,
    Validation Set - accuracy: 0.55, precision: 0.59, recall: 0.61, f1-score: 0.55,
(Epoch 13), time: 9.8s, loss: 0.615
    Training Set - accuracy: 0.71, precision: 0.72, recall: 0.71, f1-score: 0.71,
    Validation Set - accuracy: 0.35, precision: 0.42, recall: 0.42, f1-score: 0.35,
(Epoch 14), time: 40.8s, loss: 0.595
    Training Set - accuracy: 0.72, precision: 0.73, recall: 0.72, f1-score: 0.72,
    Validation Set - accuracy: 0.45, precision: 0.45, recall: 0.44, f1-score: 0.43,
(Epoch 15), time: 9.7s, loss: 0.625
    Training Set - accuracy: 0.68, precision: 0.71, recall: 0.68, f1-score: 0.67,
    Validation Set - accuracy: 0.30, precision: 0.38, recall: 0.40, f1-score: 0.29,
(Epoch 16), time: 9.9s, loss: 0.653
    Training Set - accuracy: 0.64, precision: 0.65, recall: 0.64, f1-score: 0.64,
    Validation Set - accuracy: 0.30, precision: 0.38, recall: 0.40, f1-score: 0.29,
(Epoch 17), time: 10.0s, loss: 0.588
    Training Set - accuracy: 0.74, precision: 0.79, recall: 0.75, f1-score: 0.74,
    Validation Set - accuracy: 0.45, precision: 0.43, recall: 0.42, f1-score: 0.41,
(Epoch 18), time: 40.8s, loss: 0.595
    Training Set - accuracy: 0.76, precision: 0.78, recall: 0.75, f1-score: 0.75,
    Validation Set - accuracy: 0.47, precision: 0.44, recall: 0.43, f1-score: 0.43,
(Epoch 19), time: 9.8s, loss: 0.537
    Training Set - accuracy: 0.82, precision: 0.82, recall: 0.82, f1-score: 0.82,
    Validation Set - accuracy: 0.38, precision: 0.48, recall: 0.48, f1-score: 0.37,
(Epoch 20), time: 9.7s, loss: 0.520
    Training Set - accuracy: 0.85, precision: 0.86, recall: 0.85, f1-score: 0.84,
    Validation Set - accuracy: 0.45, precision: 0.57, recall: 0.56, f1-score: 0.45,
(Epoch 21), time: 40.7s, loss: 0.483
    Training Set - accuracy: 0.88, precision: 0.89, recall: 0.88, f1-score: 0.88,
    Validation Set - accuracy: 0.47, precision: 0.48, recall: 0.48, f1-score: 0.46,
(Epoch 22), time: 9.9s, loss: 0.480
    Training Set - accuracy: 0.87, precision: 0.88, recall: 0.87, f1-score: 0.87,
    Validation Set - accuracy: 0.35, precision: 0.48, recall: 0.49, f1-score: 0.34,
(Epoch 23), time: 9.8s, loss: 0.497
    Training Set - accuracy: 0.83, precision: 0.83, recall: 0.83, f1-score: 0.83,
    Validation Set - accuracy: 0.42, precision: 0.45, recall: 0.45, f1-score: 0.42,
(Epoch 24), time: 9.8s, loss: 0.409
    Training Set - accuracy: 0.90, precision: 0.91, recall: 0.90, f1-score: 0.90,
    Validation Set - accuracy: 0.38, precision: 0.42, recall: 0.41, f1-score: 0.37,
(Epoch 25), time: 9.7s, loss: 0.405
    Training Set - accuracy: 0.89, precision: 0.89, recall: 0.89, f1-score: 0.89,
    Validation Set - accuracy: 0.40, precision: 0.40, recall: 0.38, f1-score: 0.38,
(Epoch 26), time: 9.7s, loss: 0.358
    Training Set - accuracy: 0.92, precision: 0.92, recall: 0.92, f1-score: 0.92,
Confusion Matrix:
[[16 12]
 [ 6  6]]
    Validation Set - accuracy: 0.55, precision: 0.53, recall: 0.54, f1-score: 0.52,
Fold 3 (val 85 - 126)
(Epoch 0), time: 9.9s, loss: 0.710
    Training Set - accuracy: 0.59, precision: 0.29, recall: 0.50, f1-score: 0.37,
    Validation Set - accuracy: 0.38, precision: 0.19, recall: 0.50, f1-score: 0.27,
(Epoch 1), time: 9.8s, loss: 0.701
    Training Set - accuracy: 0.59, precision: 0.29, recall: 0.50, f1-score: 0.37,
    Validation Set - accuracy: 0.38, precision: 0.19, recall: 0.50, f1-score: 0.27,
(Epoch 2), time: 41.0s, loss: 0.698
    Training Set - accuracy: 0.59, precision: 0.29, recall: 0.50, f1-score: 0.37,
    Validation Set - accuracy: 0.38, precision: 0.19, recall: 0.50, f1-score: 0.27,
(Epoch 3), time: 9.9s, loss: 0.697
    Training Set - accuracy: 0.59, precision: 0.29, recall: 0.50, f1-score: 0.37,
    Validation Set - accuracy: 0.38, precision: 0.19, recall: 0.50, f1-score: 0.27,
(Epoch 4), time: 10.7s, loss: 0.697
    Training Set - accuracy: 0.59, precision: 0.29, recall: 0.50, f1-score: 0.37,
    Validation Set - accuracy: 0.38, precision: 0.19, recall: 0.50, f1-score: 0.27,
(Epoch 5), time: 9.8s, loss: 0.694
    Training Set - accuracy: 0.59, precision: 0.29, recall: 0.50, f1-score: 0.37,
    Validation Set - accuracy: 0.38, precision: 0.19, recall: 0.50, f1-score: 0.27,
(Epoch 6), time: 9.7s, loss: 0.691
    Training Set - accuracy: 0.59, precision: 0.29, recall: 0.50, f1-score: 0.37,
    Validation Set - accuracy: 0.38, precision: 0.19, recall: 0.50, f1-score: 0.27,
(Epoch 7), time: 9.8s, loss: 0.698
    Training Set - accuracy: 0.59, precision: 0.29, recall: 0.50, f1-score: 0.37,
    Validation Set - accuracy: 0.38, precision: 0.19, recall: 0.50, f1-score: 0.27,
(Epoch 8), time: 9.8s, loss: 0.697
    Training Set - accuracy: 0.59, precision: 0.29, recall: 0.50, f1-score: 0.37,
    Validation Set - accuracy: 0.38, precision: 0.19, recall: 0.50, f1-score: 0.27,
(Epoch 9), time: 40.7s, loss: 0.695
    Training Set - accuracy: 0.59, precision: 0.29, recall: 0.50, f1-score: 0.37,
    Validation Set - accuracy: 0.38, precision: 0.19, recall: 0.50, f1-score: 0.27,
(Epoch 10), time: 9.7s, loss: 0.693
    Training Set - accuracy: 0.59, precision: 0.29, recall: 0.50, f1-score: 0.37,
    Validation Set - accuracy: 0.38, precision: 0.19, recall: 0.50, f1-score: 0.27,
(Epoch 11), time: 9.7s, loss: 0.694
    Training Set - accuracy: 0.59, precision: 0.29, recall: 0.50, f1-score: 0.37,
    Validation Set - accuracy: 0.38, precision: 0.19, recall: 0.50, f1-score: 0.27,
(Epoch 12), time: 9.8s, loss: 0.688
    Training Set - accuracy: 0.59, precision: 0.29, recall: 0.50, f1-score: 0.37,
    Validation Set - accuracy: 0.38, precision: 0.19, recall: 0.50, f1-score: 0.27,
(Epoch 13), time: 9.7s, loss: 0.676
    Training Set - accuracy: 0.59, precision: 0.29, recall: 0.50, f1-score: 0.37,
    Validation Set - accuracy: 0.38, precision: 0.19, recall: 0.50, f1-score: 0.27,
(Epoch 14), time: 40.9s, loss: 0.679
    Training Set - accuracy: 0.59, precision: 0.29, recall: 0.50, f1-score: 0.37,
    Validation Set - accuracy: 0.38, precision: 0.19, recall: 0.50, f1-score: 0.27,
(Epoch 15), time: 9.8s, loss: 0.711
    Training Set - accuracy: 0.59, precision: 0.29, recall: 0.50, f1-score: 0.37,
    Validation Set - accuracy: 0.38, precision: 0.19, recall: 0.50, f1-score: 0.27,
(Epoch 16), time: 9.6s, loss: 0.691
    Training Set - accuracy: 0.59, precision: 0.29, recall: 0.50, f1-score: 0.37,
    Validation Set - accuracy: 0.38, precision: 0.19, recall: 0.50, f1-score: 0.27,
(Epoch 17), time: 9.8s, loss: 0.689
    Training Set - accuracy: 0.59, precision: 0.29, recall: 0.50, f1-score: 0.37,
    Validation Set - accuracy: 0.38, precision: 0.19, recall: 0.50, f1-score: 0.27,
(Epoch 18), time: 9.8s, loss: 0.681
    Training Set - accuracy: 0.59, precision: 0.29, recall: 0.50, f1-score: 0.37,
    Validation Set - accuracy: 0.38, precision: 0.19, recall: 0.50, f1-score: 0.27,
(Epoch 19), time: 9.8s, loss: 0.669
    Training Set - accuracy: 0.59, precision: 0.29, recall: 0.50, f1-score: 0.37,
    Validation Set - accuracy: 0.38, precision: 0.19, recall: 0.50, f1-score: 0.27,
(Epoch 20), time: 9.8s, loss: 0.652
    Training Set - accuracy: 0.59, precision: 0.29, recall: 0.50, f1-score: 0.37,
    Validation Set - accuracy: 0.38, precision: 0.19, recall: 0.50, f1-score: 0.27,
(Epoch 21), time: 9.8s, loss: 0.619
    Training Set - accuracy: 0.59, precision: 0.29, recall: 0.50, f1-score: 0.37,
    Validation Set - accuracy: 0.38, precision: 0.19, recall: 0.50, f1-score: 0.27,
(Epoch 22), time: 9.8s, loss: 0.576
    Training Set - accuracy: 0.59, precision: 0.29, recall: 0.50, f1-score: 0.37,
    Validation Set - accuracy: 0.38, precision: 0.19, recall: 0.50, f1-score: 0.27,
(Epoch 23), time: 10.0s, loss: 0.541
    Training Set - accuracy: 0.59, precision: 0.29, recall: 0.50, f1-score: 0.37,
    Validation Set - accuracy: 0.38, precision: 0.19, recall: 0.50, f1-score: 0.27,
(Epoch 24), time: 10.1s, loss: 0.578
    Training Set - accuracy: 0.60, precision: 0.80, recall: 0.51, f1-score: 0.40,
    Validation Set - accuracy: 0.38, precision: 0.19, recall: 0.50, f1-score: 0.27,
(Epoch 25), time: 40.8s, loss: 0.533
    Training Set - accuracy: 0.72, precision: 0.80, recall: 0.66, f1-score: 0.66,
    Validation Set - accuracy: 0.42, precision: 0.57, recall: 0.53, f1-score: 0.38,
(Epoch 26), time: 9.9s, loss: 0.491
    Training Set - accuracy: 0.76, precision: 0.81, recall: 0.71, f1-score: 0.71,
    Validation Set - accuracy: 0.47, precision: 0.62, recall: 0.57, f1-score: 0.45,
(Epoch 27), time: 10.1s, loss: 0.495
    Training Set - accuracy: 0.86, precision: 0.87, recall: 0.84, f1-score: 0.85,
    Validation Set - accuracy: 0.50, precision: 0.53, recall: 0.53, f1-score: 0.50,
(Epoch 28), time: 9.8s, loss: 0.468
    Training Set - accuracy: 0.86, precision: 0.86, recall: 0.85, f1-score: 0.85,
    Validation Set - accuracy: 0.50, precision: 0.60, recall: 0.57, f1-score: 0.49,
(Epoch 29), time: 9.8s, loss: 0.453
    Training Set - accuracy: 0.89, precision: 0.89, recall: 0.88, f1-score: 0.88,
    Validation Set - accuracy: 0.45, precision: 0.47, recall: 0.47, f1-score: 0.45,
(Epoch 30), time: 9.6s, loss: 0.483
    Training Set - accuracy: 0.83, precision: 0.84, recall: 0.82, f1-score: 0.82,
    Validation Set - accuracy: 0.45, precision: 0.51, recall: 0.51, f1-score: 0.44,
(Epoch 31), time: 35.3s, loss: 0.487
    Training Set - accuracy: 0.82, precision: 0.83, recall: 0.79, f1-score: 0.80,
    Validation Set - accuracy: 0.45, precision: 0.44, recall: 0.44, f1-score: 0.44,
(Epoch 32), time: 9.9s, loss: 0.426
    Training Set - accuracy: 0.89, precision: 0.89, recall: 0.89, f1-score: 0.89,
    Validation Set - accuracy: 0.60, precision: 0.62, recall: 0.63, f1-score: 0.60,
(Epoch 33), time: 9.9s, loss: 0.423
    Training Set - accuracy: 0.89, precision: 0.89, recall: 0.88, f1-score: 0.88,
    Validation Set - accuracy: 0.55, precision: 0.57, recall: 0.57, f1-score: 0.55,
(Epoch 34), time: 9.8s, loss: 0.398
    Training Set - accuracy: 0.89, precision: 0.89, recall: 0.90, f1-score: 0.89,
Confusion Matrix:
[[12  3]
 [16  9]]
    Validation Set - accuracy: 0.53, precision: 0.59, recall: 0.58, f1-score: 0.52,
Fold 4 (val 127 - 168)
(Epoch 0), time: 9.7s, loss: 0.703
    Training Set - accuracy: 0.57, precision: 0.29, recall: 0.50, f1-score: 0.36,
    Validation Set - accuracy: 0.45, precision: 0.23, recall: 0.50, f1-score: 0.31,
(Epoch 1), time: 9.8s, loss: 0.696
    Training Set - accuracy: 0.57, precision: 0.29, recall: 0.50, f1-score: 0.36,
    Validation Set - accuracy: 0.45, precision: 0.23, recall: 0.50, f1-score: 0.31,
(Epoch 2), time: 10.0s, loss: 0.694
    Training Set - accuracy: 0.57, precision: 0.29, recall: 0.50, f1-score: 0.36,
    Validation Set - accuracy: 0.45, precision: 0.23, recall: 0.50, f1-score: 0.31,
(Epoch 3), time: 9.8s, loss: 0.693
    Training Set - accuracy: 0.57, precision: 0.29, recall: 0.50, f1-score: 0.36,
    Validation Set - accuracy: 0.45, precision: 0.23, recall: 0.50, f1-score: 0.31,
(Epoch 4), time: 9.8s, loss: 0.690
    Training Set - accuracy: 0.57, precision: 0.29, recall: 0.50, f1-score: 0.36,
    Validation Set - accuracy: 0.45, precision: 0.23, recall: 0.50, f1-score: 0.31,
(Epoch 5), time: 9.8s, loss: 0.688
    Training Set - accuracy: 0.57, precision: 0.29, recall: 0.50, f1-score: 0.36,
    Validation Set - accuracy: 0.45, precision: 0.23, recall: 0.50, f1-score: 0.31,
(Epoch 6), time: 9.8s, loss: 0.685
    Training Set - accuracy: 0.57, precision: 0.29, recall: 0.50, f1-score: 0.36,
    Validation Set - accuracy: 0.45, precision: 0.23, recall: 0.50, f1-score: 0.31,
(Epoch 7), time: 9.8s, loss: 0.682
    Training Set - accuracy: 0.57, precision: 0.29, recall: 0.50, f1-score: 0.36,
    Validation Set - accuracy: 0.42, precision: 0.22, recall: 0.47, f1-score: 0.30,
(Epoch 8), time: 9.8s, loss: 0.671
    Training Set - accuracy: 0.60, precision: 0.79, recall: 0.53, f1-score: 0.44,
    Validation Set - accuracy: 0.53, precision: 0.55, recall: 0.54, f1-score: 0.52,
(Epoch 9), time: 9.7s, loss: 0.673
    Training Set - accuracy: 0.61, precision: 0.61, recall: 0.57, f1-score: 0.55,
    Validation Set - accuracy: 0.68, precision: 0.69, recall: 0.68, f1-score: 0.67,
(Epoch 10), time: 40.8s, loss: 0.655
    Training Set - accuracy: 0.69, precision: 0.69, recall: 0.69, f1-score: 0.69,
    Validation Set - accuracy: 0.60, precision: 0.61, recall: 0.61, f1-score: 0.60,
(Epoch 11), time: 40.7s, loss: 0.631
    Training Set - accuracy: 0.72, precision: 0.74, recall: 0.74, f1-score: 0.72,
    Validation Set - accuracy: 0.62, precision: 0.62, recall: 0.61, f1-score: 0.61,
(Epoch 12), time: 10.0s, loss: 0.596
    Training Set - accuracy: 0.75, precision: 0.77, recall: 0.77, f1-score: 0.75,
    Validation Set - accuracy: 0.60, precision: 0.60, recall: 0.58, f1-score: 0.56,
(Epoch 13), time: 9.7s, loss: 0.583
    Training Set - accuracy: 0.74, precision: 0.74, recall: 0.75, f1-score: 0.74,
    Validation Set - accuracy: 0.65, precision: 0.69, recall: 0.62, f1-score: 0.60,
(Epoch 14), time: 9.7s, loss: 0.650
    Training Set - accuracy: 0.65, precision: 0.66, recall: 0.66, f1-score: 0.65,
    Validation Set - accuracy: 0.68, precision: 0.71, recall: 0.65, f1-score: 0.64,
(Epoch 15), time: 9.8s, loss: 0.583
    Training Set - accuracy: 0.72, precision: 0.74, recall: 0.74, f1-score: 0.72,
    Validation Set - accuracy: 0.62, precision: 0.64, recall: 0.60, f1-score: 0.58,
(Epoch 16), time: 9.6s, loss: 0.545
    Training Set - accuracy: 0.77, precision: 0.79, recall: 0.79, f1-score: 0.77,
    Validation Set - accuracy: 0.65, precision: 0.65, recall: 0.63, f1-score: 0.63,
(Epoch 17), time: 9.7s, loss: 0.504
    Training Set - accuracy: 0.80, precision: 0.83, recall: 0.82, f1-score: 0.80,
    Validation Set - accuracy: 0.62, precision: 0.62, recall: 0.62, f1-score: 0.62,
(Epoch 18), time: 9.8s, loss: 0.493
    Training Set - accuracy: 0.84, precision: 0.84, recall: 0.84, f1-score: 0.84,
    Validation Set - accuracy: 0.57, precision: 0.57, recall: 0.55, f1-score: 0.52,
(Epoch 19), time: 71.8s, loss: 0.466
    Training Set - accuracy: 0.85, precision: 0.86, recall: 0.87, f1-score: 0.85,
    Validation Set - accuracy: 0.62, precision: 0.63, recall: 0.63, f1-score: 0.62,
(Epoch 20), time: 9.8s, loss: 0.449
    Training Set - accuracy: 0.84, precision: 0.84, recall: 0.84, f1-score: 0.84,
    Validation Set - accuracy: 0.60, precision: 0.60, recall: 0.60, f1-score: 0.60,
(Epoch 21), time: 9.7s, loss: 0.395
    Training Set - accuracy: 0.89, precision: 0.89, recall: 0.88, f1-score: 0.88,
Confusion Matrix:
[[13  5]
 [ 9 13]]
    Validation Set - accuracy: 0.65, precision: 0.66, recall: 0.66, f1-score: 0.65,
Fold 5 (val 169 - 210)
(Epoch 0), time: 9.8s, loss: 0.703
    Training Set - accuracy: 0.59, precision: 0.29, recall: 0.50, f1-score: 0.37,
    Validation Set - accuracy: 0.35, precision: 0.17, recall: 0.50, f1-score: 0.26,
(Epoch 1), time: 9.7s, loss: 0.698
    Training Set - accuracy: 0.59, precision: 0.29, recall: 0.50, f1-score: 0.37,
    Validation Set - accuracy: 0.35, precision: 0.17, recall: 0.50, f1-score: 0.26,
(Epoch 2), time: 9.7s, loss: 0.696
    Training Set - accuracy: 0.59, precision: 0.29, recall: 0.50, f1-score: 0.37,
    Validation Set - accuracy: 0.35, precision: 0.17, recall: 0.50, f1-score: 0.26,
(Epoch 3), time: 9.7s, loss: 0.694
    Training Set - accuracy: 0.59, precision: 0.29, recall: 0.50, f1-score: 0.37,
    Validation Set - accuracy: 0.35, precision: 0.17, recall: 0.50, f1-score: 0.26,
(Epoch 4), time: 9.8s, loss: 0.693
    Training Set - accuracy: 0.59, precision: 0.29, recall: 0.50, f1-score: 0.37,
    Validation Set - accuracy: 0.35, precision: 0.17, recall: 0.50, f1-score: 0.26,
(Epoch 5), time: 71.8s, loss: 0.692
    Training Set - accuracy: 0.59, precision: 0.29, recall: 0.50, f1-score: 0.37,
    Validation Set - accuracy: 0.35, precision: 0.17, recall: 0.50, f1-score: 0.26,
(Epoch 6), time: 41.3s, loss: 0.688
    Training Set - accuracy: 0.59, precision: 0.29, recall: 0.50, f1-score: 0.37,
    Validation Set - accuracy: 0.35, precision: 0.17, recall: 0.50, f1-score: 0.26,
(Epoch 7), time: 11.4s, loss: 0.677
    Training Set - accuracy: 0.59, precision: 0.29, recall: 0.50, f1-score: 0.37,
    Validation Set - accuracy: 0.35, precision: 0.17, recall: 0.50, f1-score: 0.26,
(Epoch 8), time: 41.3s, loss: 0.668
    Training Set - accuracy: 0.59, precision: 0.29, recall: 0.50, f1-score: 0.37,
    Validation Set - accuracy: 0.35, precision: 0.17, recall: 0.50, f1-score: 0.26,
(Epoch 9), time: 9.8s, loss: 0.655
    Training Set - accuracy: 0.59, precision: 0.29, recall: 0.50, f1-score: 0.37,
    Validation Set - accuracy: 0.35, precision: 0.17, recall: 0.50, f1-score: 0.26,
(Epoch 10), time: 9.7s, loss: 0.639
    Training Set - accuracy: 0.60, precision: 0.59, recall: 0.53, f1-score: 0.46,
    Validation Set - accuracy: 0.38, precision: 0.45, recall: 0.47, f1-score: 0.36,
(Epoch 11), time: 9.8s, loss: 0.646
    Training Set - accuracy: 0.65, precision: 0.66, recall: 0.59, f1-score: 0.58,
    Validation Set - accuracy: 0.57, precision: 0.57, recall: 0.57, f1-score: 0.56,
(Epoch 12), time: 40.6s, loss: 0.605
    Training Set - accuracy: 0.71, precision: 0.71, recall: 0.72, f1-score: 0.71,
    Validation Set - accuracy: 0.60, precision: 0.56, recall: 0.56, f1-score: 0.56,
(Epoch 13), time: 9.8s, loss: 0.589
    Training Set - accuracy: 0.67, precision: 0.71, recall: 0.70, f1-score: 0.67,
    Validation Set - accuracy: 0.68, precision: 0.67, recall: 0.55, f1-score: 0.51,
(Epoch 14), time: 10.0s, loss: 0.570
    Training Set - accuracy: 0.68, precision: 0.75, recall: 0.72, f1-score: 0.68,
    Validation Set - accuracy: 0.60, precision: 0.52, recall: 0.51, f1-score: 0.50,
(Epoch 15), time: 10.0s, loss: 0.528
    Training Set - accuracy: 0.76, precision: 0.76, recall: 0.77, f1-score: 0.76,
    Validation Set - accuracy: 0.70, precision: 0.72, recall: 0.59, f1-score: 0.57,
(Epoch 16), time: 9.7s, loss: 0.516
    Training Set - accuracy: 0.73, precision: 0.79, recall: 0.77, f1-score: 0.73,
    Validation Set - accuracy: 0.68, precision: 0.67, recall: 0.55, f1-score: 0.51,
(Epoch 17), time: 9.7s, loss: 0.514
    Training Set - accuracy: 0.73, precision: 0.80, recall: 0.77, f1-score: 0.73,
    Validation Set - accuracy: 0.62, precision: 0.56, recall: 0.55, f1-score: 0.54,
(Epoch 18), time: 9.8s, loss: 0.478
    Training Set - accuracy: 0.79, precision: 0.82, recall: 0.81, f1-score: 0.79,
    Validation Set - accuracy: 0.62, precision: 0.58, recall: 0.58, f1-score: 0.58,
(Epoch 19), time: 9.7s, loss: 0.444
    Training Set - accuracy: 0.82, precision: 0.82, recall: 0.83, f1-score: 0.81,
    Validation Set - accuracy: 0.65, precision: 0.58, recall: 0.52, f1-score: 0.45,
(Epoch 20), time: 9.8s, loss: 0.507
    Training Set - accuracy: 0.76, precision: 0.78, recall: 0.78, f1-score: 0.76,
    Validation Set - accuracy: 0.65, precision: 0.65, recall: 0.66, f1-score: 0.64,
(Epoch 21), time: 10.1s, loss: 0.417
    Training Set - accuracy: 0.88, precision: 0.88, recall: 0.89, f1-score: 0.88,
    Validation Set - accuracy: 0.68, precision: 0.63, recall: 0.62, f1-score: 0.62,
(Epoch 22), time: 9.8s, loss: 0.384
    Training Set - accuracy: 0.89, precision: 0.89, recall: 0.90, f1-score: 0.89,
Confusion Matrix:
[[ 7  7]
 [ 7 19]]
    Validation Set - accuracy: 0.65, precision: 0.62, recall: 0.62, f1-score: 0.62,
